<?xml version="1.0" encoding="UTF-8"?>
<testsuites name="Sanity Test" time="815.747" tests="27" failures="1" errors="0">
   <testsuite name="Sanity Test" tests="27" failures="1" errors="0" time="815.747" timestamp="2021-03-18 11:34:06" hostname="Dell - DESKTOP-IS2U7K8" id="Test Suites/Sanity Test">
      <properties>
[...]
</properties>
      <testcase name="Test Cases/Sanity_Test/TC_001_To verify that user able to fill Selling Property Details form" time="56.353" classname="Test Cases/Sanity_Test/TC_001_To verify that user able to fill Selling Property Details form" status="PASSED">
         <system-out><![CDATA[2021-03-18 11:34:27 - [TEST_CASE][PASSED] - Test Cases/Sanity_Test/TC_001_To verify that user able to fill Selling Property Details form: Test Cases/Sanity_Test/TC_001_To verify that user able to fill Selling Property Details form

2021-03-18 11:34:27 - [TEST_STEP][PASSED] - Start listener action : sampleBeforeTestCase: null

2021-03-18 11:34:27 - [TEST_STEP][PASSED] - println(testCaseContext.getTestCaseId()): null

2021-03-18 11:34:27 - [TEST_STEP][PASSED] - println(testCaseContext.getTestCaseVariables()): null

2021-03-18 11:34:31 - [TEST_STEP][PASSED] - navigateToUrl(baseurl + "/legal", STOP_ON_FAILURE): Navigate to 'https://imovehome.icompleteonline.co.uk/legal' successfully

2021-03-18 11:34:39 - [MESSAGE][PASSED] - Navigate to 'https://imovehome.icompleteonline.co.uk/legal' successfully

2021-03-18 11:34:39 - [TEST_STEP][PASSED] - com.wecomplete.keywords.TestBase.isElementPresent(findTestObject("Quote/header_Quote"), shortTime): Element has been present

2021-03-18 11:34:42 - [MESSAGE][PASSED] - Element has been present

2021-03-18 11:34:42 - [TEST_STEP][PASSED] - if (com.wecomplete.keywords.TestBase.isElementPresent(findTestObject("Object Repository/Quote/tab_Selling_and_Buying"), shortTime) == true): null

2021-03-18 11:34:43 - [MESSAGE][PASSED] - Element has been present

2021-03-18 11:34:43 - [TEST_STEP][PASSED] - com.wecomplete.keywords.TestBase.getText(findTestObject("Quote/Selling_Property_Details_Page/header_Selling_Property_Details"), sellPropertyHeader): Verifed actule & expected data

2021-03-18 11:34:44 - [MESSAGE][INFO] - Get actule text

2021-03-18 11:34:44 - [MESSAGE][PASSED] - Verifed actule & expected data

2021-03-18 11:34:44 - [TEST_STEP][PASSED] - com.wecomplete.keywords.TestBase.sendkeyElement(findTestObject("Quote/Selling_Property_Details_Page/input_Price_Of_Property"), sellPropertyPrice): Sendkey value has been send

2021-03-18 11:34:48 - [MESSAGE][PASSED] - Element has been cleared

2021-03-18 11:34:51 - [MESSAGE][PASSED] - Sendkey value has been send

2021-03-18 11:34:51 - [TEST_STEP][PASSED] - com.wecomplete.keywords.TestBase.sendkeyElement(findTestObject("Quote/Selling_Property_Details_Page/input_Property_PostCode"), postCode): Sendkey value has been send

2021-03-18 11:34:54 - [MESSAGE][PASSED] - Element has been cleared

2021-03-18 11:34:58 - [MESSAGE][PASSED] - Sendkey value has been send

2021-03-18 11:34:58 - [TEST_STEP][PASSED] - com.wecomplete.keywords.TestBase.clickUsingJS(findTestObject("Quote/Selling_Property_Details_Page/click_Enter_Address_Manually"), shortTime): Element has been clicked

2021-03-18 11:34:58 - [MESSAGE][INFO] - Clicking element

2021-03-18 11:34:58 - [MESSAGE][PASSED] - Element has been clicked

2021-03-18 11:34:58 - [TEST_STEP][PASSED] - com.wecomplete.keywords.TestBase.sendkeyElement(findTestObject("Quote/Selling_Property_Details_Page/input_House_No"), houseNo): Sendkey value has been send

2021-03-18 11:35:02 - [MESSAGE][PASSED] - Element has been cleared

2021-03-18 11:35:05 - [MESSAGE][PASSED] - Sendkey value has been send

2021-03-18 11:35:05 - [TEST_STEP][PASSED] - com.wecomplete.keywords.TestBase.sendkeyElement(findTestObject("Quote/Selling_Property_Details_Page/input_Street"), streetName): Sendkey value has been send

2021-03-18 11:35:09 - [MESSAGE][PASSED] - Element has been cleared

2021-03-18 11:35:13 - [MESSAGE][PASSED] - Sendkey value has been send

2021-03-18 11:35:13 - [TEST_STEP][PASSED] - com.wecomplete.keywords.TestBase.clickUsingJS(findTestObject("Quote/Selling_Property_Details_Page/Click_No_Of_Seller_Buyer"), shortTime): Element has been clicked

2021-03-18 11:35:13 - [MESSAGE][INFO] - Clicking element

2021-03-18 11:35:13 - [MESSAGE][PASSED] - Element has been clicked

2021-03-18 11:35:13 - [TEST_STEP][PASSED] - com.wecomplete.keywords.TestBase.clickUsingJS(findTestObject("Quote/Selling_Property_Details_Page/toggle_Commercial"), shortTime): Element has been clicked

2021-03-18 11:35:14 - [MESSAGE][INFO] - Clicking element

2021-03-18 11:35:14 - [MESSAGE][PASSED] - Element has been clicked

2021-03-18 11:35:14 - [TEST_STEP][PASSED] - com.wecomplete.keywords.TestBase.clickUsingJS(findTestObject("Quote/Selling_Property_Details_Page/toggle_Leasehold"), shortTime): Element has been clicked

2021-03-18 11:35:14 - [MESSAGE][INFO] - Clicking element

2021-03-18 11:35:14 - [MESSAGE][PASSED] - Element has been clicked

2021-03-18 11:35:14 - [TEST_STEP][PASSED] - com.wecomplete.keywords.TestBase.sendkeyElement(findTestObject("Quote/Selling_Property_Details_Page/input_Comment"), sellPropertyComments): Sendkey value has been send

2021-03-18 11:35:18 - [MESSAGE][PASSED] - Element has been cleared

2021-03-18 11:35:21 - [MESSAGE][PASSED] - Sendkey value has been send

2021-03-18 11:35:21 - [TEST_STEP][PASSED] - com.wecomplete.keywords.TestBase.clickUsingJS(findTestObject("Quote/Selling_Property_Details_Page/btn_Save and Next"), shortTime): Element has been clicked

2021-03-18 11:35:22 - [MESSAGE][INFO] - Clicking element

2021-03-18 11:35:22 - [MESSAGE][PASSED] - Element has been clicked

2021-03-18 11:35:22 - [TEST_STEP][PASSED] - Start listener action : sampleAfterTestCase: null

2021-03-18 11:35:22 - [TEST_STEP][PASSED] - println(testCaseContext.getTestCaseId()): null

2021-03-18 11:35:22 - [TEST_STEP][PASSED] - println(testCaseContext.getTestCaseStatus()): null

2021-03-18 11:35:24 - [TEST_STEP][PASSED] - Video: Video recording for test case 'Test Cases/Sanity_Test/TC_001_To verify that user able to fill Selling Property Details form' .

2021-03-18 11:35:24 - [MESSAGE][INFO] - Video recording for test case 'Test Cases/Sanity_Test/TC_001_To verify that user able to fill Selling Property Details form' .
[[ATTACHMENT|C:\Users\Dell\Desktop\WeComplete\Reports\20210318_113358\Sanity Test\20210318_113358/videos\test_1.avi]]]]></system-out>
         <system-err><![CDATA[]]></system-err>
      </testcase>
      <testcase name="Test Cases/Sanity_Test/TC_002_To verify that user able to fill Buying Property Details form" time="41.386" classname="Test Cases/Sanity_Test/TC_002_To verify that user able to fill Buying Property Details form" status="PASSED">
         <system-out><![CDATA[2021-03-18 11:35:24 - [TEST_CASE][PASSED] - Test Cases/Sanity_Test/TC_002_To verify that user able to fill Buying Property Details form: Test Cases/Sanity_Test/TC_002_To verify that user able to fill Buying Property Details form

2021-03-18 11:35:24 - [TEST_STEP][PASSED] - Start listener action : sampleBeforeTestCase: null

2021-03-18 11:35:24 - [TEST_STEP][PASSED] - println(testCaseContext.getTestCaseId()): null

2021-03-18 11:35:24 - [TEST_STEP][PASSED] - println(testCaseContext.getTestCaseVariables()): null

2021-03-18 11:35:24 - [TEST_STEP][PASSED] - if (com.wecomplete.keywords.TestBase.isElementPresent(findTestObject("Quote/Selling_Property_Details_Page/header_Buying Property Details"), shortTime) == true): null

2021-03-18 11:35:25 - [MESSAGE][PASSED] - Element has been present

2021-03-18 11:35:25 - [TEST_STEP][PASSED] - com.wecomplete.keywords.TestBase.getText(findTestObject("Quote/Selling_Property_Details_Page/header_Buying Property Details"), buylPropertyHeader): Verifed actule & expected data

2021-03-18 11:35:26 - [MESSAGE][INFO] - Get actule text

2021-03-18 11:35:26 - [MESSAGE][PASSED] - Verifed actule & expected data

2021-03-18 11:35:26 - [TEST_STEP][PASSED] - com.wecomplete.keywords.TestBase.sendkeyElement(findTestObject("Quote/Selling_Property_Details_Page/input_Price_Of_Property"), buyPropertyPrice): Sendkey value has been send

2021-03-18 11:35:29 - [MESSAGE][PASSED] - Element has been cleared

2021-03-18 11:35:33 - [MESSAGE][PASSED] - Sendkey value has been send

2021-03-18 11:35:33 - [TEST_STEP][PASSED] - com.wecomplete.keywords.TestBase.sendkeyElement(findTestObject("Quote/Selling_Property_Details_Page/input_Property_PostCode"), postCode): Sendkey value has been send

2021-03-18 11:35:36 - [MESSAGE][PASSED] - Element has been cleared

2021-03-18 11:35:39 - [MESSAGE][PASSED] - Sendkey value has been send

2021-03-18 11:35:39 - [TEST_STEP][PASSED] - com.wecomplete.keywords.TestBase.clickUsingJS(findTestObject("Quote/Selling_Property_Details_Page/click_Enter_Address_Manually"), shortTime): Element has been clicked

2021-03-18 11:35:40 - [MESSAGE][INFO] - Clicking element

2021-03-18 11:35:40 - [MESSAGE][PASSED] - Element has been clicked

2021-03-18 11:35:40 - [TEST_STEP][PASSED] - com.wecomplete.keywords.TestBase.sendkeyElement(findTestObject("Quote/Selling_Property_Details_Page/input_House_No"), houseNo): Sendkey value has been send

2021-03-18 11:35:44 - [MESSAGE][PASSED] - Element has been cleared

2021-03-18 11:35:47 - [MESSAGE][PASSED] - Sendkey value has been send

2021-03-18 11:35:47 - [TEST_STEP][PASSED] - com.wecomplete.keywords.TestBase.sendkeyElement(findTestObject("Quote/Selling_Property_Details_Page/input_Street"), streetName): Sendkey value has been send

2021-03-18 11:35:51 - [MESSAGE][PASSED] - Element has been cleared

2021-03-18 11:35:54 - [MESSAGE][PASSED] - Sendkey value has been send

2021-03-18 11:35:54 - [TEST_STEP][PASSED] - com.wecomplete.keywords.TestBase.clickUsingJS(findTestObject("Quote/Selling_Property_Details_Page/Click_No_Of_Seller_Buyer"), shortTime): Element has been clicked

2021-03-18 11:35:55 - [MESSAGE][INFO] - Clicking element

2021-03-18 11:35:55 - [MESSAGE][PASSED] - Element has been clicked

2021-03-18 11:35:55 - [TEST_STEP][PASSED] - com.wecomplete.keywords.TestBase.clickUsingJS(findTestObject("Quote/Selling_Property_Details_Page/toggle_Commercial"), shortTime): Element has been clicked

2021-03-18 11:35:55 - [MESSAGE][INFO] - Clicking element

2021-03-18 11:35:55 - [MESSAGE][PASSED] - Element has been clicked

2021-03-18 11:35:55 - [TEST_STEP][PASSED] - com.wecomplete.keywords.TestBase.clickUsingJS(findTestObject("Quote/Selling_Property_Details_Page/toggle_Leasehold"), shortTime): Element has been clicked

2021-03-18 11:35:56 - [MESSAGE][INFO] - Clicking element

2021-03-18 11:35:56 - [MESSAGE][PASSED] - Element has been clicked

2021-03-18 11:35:56 - [TEST_STEP][PASSED] - com.wecomplete.keywords.TestBase.sendkeyElement(findTestObject("Quote/Selling_Property_Details_Page/input_Comment"), buyPropertyComments): Sendkey value has been send

2021-03-18 11:36:00 - [MESSAGE][PASSED] - Element has been cleared

2021-03-18 11:36:03 - [MESSAGE][PASSED] - Sendkey value has been send

2021-03-18 11:36:03 - [TEST_STEP][PASSED] - com.wecomplete.keywords.TestBase.clickUsingJS(findTestObject("Quote/Selling_Property_Details_Page/btn_Save and Next"), shortTime): Element has been clicked

2021-03-18 11:36:03 - [MESSAGE][INFO] - Clicking element

2021-03-18 11:36:03 - [MESSAGE][PASSED] - Element has been clicked

2021-03-18 11:36:03 - [TEST_STEP][PASSED] - Start listener action : sampleAfterTestCase: null

2021-03-18 11:36:03 - [TEST_STEP][PASSED] - println(testCaseContext.getTestCaseId()): null

2021-03-18 11:36:03 - [TEST_STEP][PASSED] - println(testCaseContext.getTestCaseStatus()): null

2021-03-18 11:36:05 - [TEST_STEP][PASSED] - Video: Video recording for test case 'Test Cases/Sanity_Test/TC_002_To verify that user able to fill Buying Property Details form' .

2021-03-18 11:36:05 - [MESSAGE][INFO] - Video recording for test case 'Test Cases/Sanity_Test/TC_002_To verify that user able to fill Buying Property Details form' .
[[ATTACHMENT|C:\Users\Dell\Desktop\WeComplete\Reports\20210318_113358\Sanity Test\20210318_113358/videos\test_2.avi]]]]></system-out>
         <system-err><![CDATA[]]></system-err>
      </testcase>
      <testcase name="Test Cases/Sanity_Test/TC_003_To verify that user able to enter Personal Details" time="60.982" classname="Test Cases/Sanity_Test/TC_003_To verify that user able to enter Personal Details" status="PASSED">
         <system-out><![CDATA[2021-03-18 11:36:05 - [TEST_CASE][PASSED] - Test Cases/Sanity_Test/TC_003_To verify that user able to enter Personal Details: Test Cases/Sanity_Test/TC_003_To verify that user able to enter Personal Details

2021-03-18 11:36:05 - [TEST_STEP][PASSED] - Start listener action : sampleBeforeTestCase: null

2021-03-18 11:36:05 - [TEST_STEP][PASSED] - println(testCaseContext.getTestCaseId()): null

2021-03-18 11:36:05 - [TEST_STEP][PASSED] - println(testCaseContext.getTestCaseVariables()): null

2021-03-18 11:36:06 - [TEST_STEP][PASSED] - com.wecomplete.keywords.TestBase.isElementPresent(findTestObject("Quote/Personal_Details_Page/step_Personal_Details_Page"), shortTime): Element has been present

2021-03-18 11:36:06 - [MESSAGE][PASSED] - Element has been present

2021-03-18 11:36:06 - [TEST_STEP][PASSED] - if (com.wecomplete.keywords.TestBase.isElementPresent(findTestObject("Object Repository/Quote/Personal_Details_Page/header_Primary Contact Details"), shortTime) == true): null

2021-03-18 11:36:07 - [MESSAGE][PASSED] - Element has been present

2021-03-18 11:36:07 - [TEST_STEP][PASSED] - com.wecomplete.keywords.TestBase.isElementPresent(findTestObject("Object Repository/Quote/Personal_Details_Page/header_Primary Contact Details"), shortTime): Element has been present

2021-03-18 11:36:08 - [MESSAGE][PASSED] - Element has been present

2021-03-18 11:36:08 - [TEST_STEP][PASSED] - com.wecomplete.keywords.TestBase.sendkeyElement(findTestObject("Object Repository/Quote/Personal_Details_Page/input_Primary_FirstName"), primaryFN): Sendkey value has been send

2021-03-18 11:36:11 - [MESSAGE][PASSED] - Element has been cleared

2021-03-18 11:36:14 - [MESSAGE][PASSED] - Sendkey value has been send

2021-03-18 11:36:14 - [TEST_STEP][PASSED] - com.wecomplete.keywords.TestBase.sendkeyElement(findTestObject("Object Repository/Quote/Personal_Details_Page/input_Primary_LastName"), primaryLN): Sendkey value has been send

2021-03-18 11:36:18 - [MESSAGE][PASSED] - Element has been cleared

2021-03-18 11:36:21 - [MESSAGE][PASSED] - Sendkey value has been send

2021-03-18 11:36:21 - [TEST_STEP][PASSED] - com.wecomplete.keywords.TestBase.sendkeyElement(findTestObject("Object Repository/Quote/Personal_Details_Page/input_Primary_EmailId"), primaryEID): Sendkey value has been send

2021-03-18 11:36:25 - [MESSAGE][PASSED] - Element has been cleared

2021-03-18 11:36:28 - [MESSAGE][PASSED] - Sendkey value has been send

2021-03-18 11:36:28 - [TEST_STEP][PASSED] - com.wecomplete.keywords.TestBase.sendkeyElement(findTestObject("Object Repository/Quote/Personal_Details_Page/input_Primary_PhoneNo"), primaryMNO): Sendkey value has been send

2021-03-18 11:36:32 - [MESSAGE][PASSED] - Element has been cleared

2021-03-18 11:36:35 - [MESSAGE][PASSED] - Sendkey value has been send

2021-03-18 11:36:35 - [TEST_STEP][PASSED] - com.wecomplete.keywords.TestBase.clickUsingJS(findTestObject("Quote/Personal_Details_Page/checkBox_make same as Joint Seller 2"), shortTime): Element has been clicked

2021-03-18 11:36:35 - [MESSAGE][INFO] - Clicking element

2021-03-18 11:36:35 - [MESSAGE][PASSED] - Element has been clicked

2021-03-18 11:36:35 - [TEST_STEP][PASSED] - com.wecomplete.keywords.TestBase.isElementPresent(findTestObject("Object Repository/Quote/Personal_Details_Page/header_Joint Seller 2 Contact Details"), shortTime): Element has been present

2021-03-18 11:36:36 - [MESSAGE][PASSED] - Element has been present

2021-03-18 11:36:36 - [TEST_STEP][PASSED] - com.wecomplete.keywords.TestBase.sendkeyElement(findTestObject("Object Repository/Quote/Personal_Details_Page/input_Joint_Holder_First Name"), jointHolderFN): Sendkey value has been send

2021-03-18 11:36:40 - [MESSAGE][PASSED] - Element has been cleared

2021-03-18 11:36:43 - [MESSAGE][PASSED] - Sendkey value has been send

2021-03-18 11:36:43 - [TEST_STEP][PASSED] - com.wecomplete.keywords.TestBase.sendkeyElement(findTestObject("Object Repository/Quote/Personal_Details_Page/input_Joint_Holder_LastName"), jointHolderLN): Sendkey value has been send

2021-03-18 11:36:47 - [MESSAGE][PASSED] - Element has been cleared

2021-03-18 11:36:50 - [MESSAGE][PASSED] - Sendkey value has been send

2021-03-18 11:36:50 - [TEST_STEP][PASSED] - com.wecomplete.keywords.TestBase.sendkeyElement(findTestObject("Object Repository/Quote/Personal_Details_Page/input_Joint_Holder_PhoneNo"), jointHolderMNO): Sendkey value has been send

2021-03-18 11:36:54 - [MESSAGE][PASSED] - Element has been cleared

2021-03-18 11:36:57 - [MESSAGE][PASSED] - Sendkey value has been send

2021-03-18 11:36:57 - [TEST_STEP][PASSED] - com.wecomplete.keywords.TestBase.sendkeyElement(findTestObject("Object Repository/Quote/Personal_Details_Page/input_Joint_Holder_EmailId"), jointHolderEID): Sendkey value has been send

2021-03-18 11:37:00 - [MESSAGE][PASSED] - Element has been cleared

2021-03-18 11:37:04 - [MESSAGE][PASSED] - Sendkey value has been send

2021-03-18 11:37:04 - [TEST_STEP][PASSED] - com.wecomplete.keywords.TestBase.clickUsingJS(findTestObject("Quote/Selling_Property_Details_Page/btn_Save and Next"), shortTime): Element has been clicked

2021-03-18 11:37:04 - [MESSAGE][INFO] - Clicking element

2021-03-18 11:37:04 - [MESSAGE][PASSED] - Element has been clicked

2021-03-18 11:37:04 - [TEST_STEP][PASSED] - Start listener action : sampleAfterTestCase: null

2021-03-18 11:37:04 - [TEST_STEP][PASSED] - println(testCaseContext.getTestCaseId()): null

2021-03-18 11:37:04 - [TEST_STEP][PASSED] - println(testCaseContext.getTestCaseStatus()): null

2021-03-18 11:37:06 - [TEST_STEP][PASSED] - Video: Video recording for test case 'Test Cases/Sanity_Test/TC_003_To verify that user able to enter Personal Details' .

2021-03-18 11:37:06 - [MESSAGE][INFO] - Video recording for test case 'Test Cases/Sanity_Test/TC_003_To verify that user able to enter Personal Details' .
[[ATTACHMENT|C:\Users\Dell\Desktop\WeComplete\Reports\20210318_113358\Sanity Test\20210318_113358/videos\test_3.avi]]]]></system-out>
         <system-err><![CDATA[]]></system-err>
      </testcase>
      <testcase name="Test Cases/Sanity_Test/TC_004_To verify that user able to enter Address Details" time="25.088" classname="Test Cases/Sanity_Test/TC_004_To verify that user able to enter Address Details" status="PASSED">
         <system-out><![CDATA[2021-03-18 11:37:06 - [TEST_CASE][PASSED] - Test Cases/Sanity_Test/TC_004_To verify that user able to enter Address Details: Test Cases/Sanity_Test/TC_004_To verify that user able to enter Address Details

2021-03-18 11:37:06 - [TEST_STEP][PASSED] - Start listener action : sampleBeforeTestCase: null

2021-03-18 11:37:06 - [TEST_STEP][PASSED] - println(testCaseContext.getTestCaseId()): null

2021-03-18 11:37:06 - [TEST_STEP][PASSED] - println(testCaseContext.getTestCaseVariables()): null

2021-03-18 11:37:07 - [TEST_STEP][PASSED] - com.wecomplete.keywords.TestBase.isElementPresent(findTestObject("Object Repository/Quote/Correspondence_Address_Page/progressStep_Correspondence Address"), shortTime): Element has been present

2021-03-18 11:37:07 - [MESSAGE][PASSED] - Element has been present

2021-03-18 11:37:07 - [TEST_STEP][PASSED] - if (com.wecomplete.keywords.TestBase.isElementPresent(findTestObject("Object Repository/Quote/Correspondence_Address_Page/header_Correspondence Address"), shortTime) == true): null

2021-03-18 11:37:08 - [MESSAGE][PASSED] - Element has been present

2021-03-18 11:37:08 - [TEST_STEP][PASSED] - com.wecomplete.keywords.TestBase.getText(findTestObject("Object Repository/Quote/Correspondence_Address_Page/header_Correspondence Address"), headerAddress): Verifed actule & expected data

2021-03-18 11:37:09 - [MESSAGE][INFO] - Get actule text

2021-03-18 11:37:09 - [MESSAGE][PASSED] - Verifed actule & expected data

2021-03-18 11:37:09 - [TEST_STEP][PASSED] - com.wecomplete.keywords.TestBase.clickUsingJS(findTestObject("Quote/Correspondence_Address_Page/CheckBox_Correspondence Address Same as Buying Address"), shortTime): Element has been clicked

2021-03-18 11:37:09 - [MESSAGE][INFO] - Clicking element

2021-03-18 11:37:09 - [MESSAGE][PASSED] - Element has been clicked

2021-03-18 11:37:09 - [TEST_STEP][PASSED] - com.wecomplete.keywords.TestBase.clickUsingJS(findTestObject("Quote/Correspondence_Address_Page/CheckBox_Correspondence Address Same as Buying Address"), shortTime): Element has been clicked

2021-03-18 11:37:10 - [MESSAGE][INFO] - Clicking element

2021-03-18 11:37:10 - [MESSAGE][PASSED] - Element has been clicked

2021-03-18 11:37:10 - [TEST_STEP][PASSED] - com.wecomplete.keywords.TestBase.sendkeyElement(findTestObject("Object Repository/Quote/Correspondence_Address_Page/input_PostCode"), postCode): Sendkey value has been send

2021-03-18 11:37:13 - [MESSAGE][PASSED] - Element has been cleared

2021-03-18 11:37:16 - [MESSAGE][PASSED] - Sendkey value has been send

2021-03-18 11:37:16 - [TEST_STEP][PASSED] - delay(5): Delayed 5 second(s)

2021-03-18 11:37:21 - [MESSAGE][PASSED] - Delayed 5 second(s)

2021-03-18 11:37:21 - [TEST_STEP][PASSED] - com.wecomplete.keywords.TestBase.clickUsingJS(findTestObject("Quote/Correspondence_Address_Page/DD_Select_Address"), shortTime): Element has been clicked

2021-03-18 11:37:22 - [MESSAGE][INFO] - Clicking element

2021-03-18 11:37:22 - [MESSAGE][PASSED] - Element has been clicked

2021-03-18 11:37:22 - [TEST_STEP][PASSED] - com.wecomplete.keywords.TestBase.clickUsingJS(findTestObject("Quote/Correspondence_Address_Page/DD_Select_Address"), shortTime): Element has been clicked

2021-03-18 11:37:23 - [MESSAGE][INFO] - Clicking element

2021-03-18 11:37:23 - [MESSAGE][PASSED] - Element has been clicked

2021-03-18 11:37:23 - [TEST_STEP][PASSED] - delay(5): Delayed 5 second(s)

2021-03-18 11:37:28 - [MESSAGE][PASSED] - Delayed 5 second(s)

2021-03-18 11:37:28 - [TEST_STEP][PASSED] - com.wecomplete.keywords.TestBase.clickUsingJS(findTestObject("Quote/Correspondence_Address_Page/DDVlaue_Select Address"), shortTime): Element has been clicked

2021-03-18 11:37:28 - [MESSAGE][INFO] - Clicking element

2021-03-18 11:37:28 - [MESSAGE][PASSED] - Element has been clicked

2021-03-18 11:37:28 - [TEST_STEP][PASSED] - com.wecomplete.keywords.TestBase.clickUsingJS(findTestObject("Quote/Selling_Property_Details_Page/btn_Save and Next"), shortTime): Element has been clicked

2021-03-18 11:37:29 - [MESSAGE][INFO] - Clicking element

2021-03-18 11:37:29 - [MESSAGE][PASSED] - Element has been clicked

2021-03-18 11:37:29 - [TEST_STEP][PASSED] - Start listener action : sampleAfterTestCase: null

2021-03-18 11:37:29 - [TEST_STEP][PASSED] - println(testCaseContext.getTestCaseId()): null

2021-03-18 11:37:29 - [TEST_STEP][PASSED] - println(testCaseContext.getTestCaseStatus()): null

2021-03-18 11:37:31 - [TEST_STEP][PASSED] - Video: Video recording for test case 'Test Cases/Sanity_Test/TC_004_To verify that user able to enter Address Details' .

2021-03-18 11:37:31 - [MESSAGE][INFO] - Video recording for test case 'Test Cases/Sanity_Test/TC_004_To verify that user able to enter Address Details' .
[[ATTACHMENT|C:\Users\Dell\Desktop\WeComplete\Reports\20210318_113358\Sanity Test\20210318_113358/videos\test_4.avi]]]]></system-out>
         <system-err><![CDATA[]]></system-err>
      </testcase>
      <testcase name="Test Cases/Sanity_Test/TC_005_To verify entered Sell property details on Quote Details page" time="7.77" classname="Test Cases/Sanity_Test/TC_005_To verify entered Sell property details on Quote Details page" status="PASSED">
         <system-out><![CDATA[2021-03-18 11:37:31 - [TEST_CASE][PASSED] - Test Cases/Sanity_Test/TC_005_To verify entered Sell property details on Quote Details page: Test Cases/Sanity_Test/TC_005_To verify entered Sell property details on Quote Details page

2021-03-18 11:37:31 - [TEST_STEP][PASSED] - Start listener action : sampleBeforeTestCase: null

2021-03-18 11:37:31 - [TEST_STEP][PASSED] - println(testCaseContext.getTestCaseId()): null

2021-03-18 11:37:31 - [TEST_STEP][PASSED] - println(testCaseContext.getTestCaseVariables()): null

2021-03-18 11:37:32 - [TEST_STEP][PASSED] - com.wecomplete.keywords.TestBase.isElementPresent(findTestObject("Object Repository/Quote/Quote_Details_Page/Progress_Step_Quote_Details"), shortTime): Element has been present

2021-03-18 11:37:33 - [MESSAGE][PASSED] - Element has been present

2021-03-18 11:37:33 - [TEST_STEP][PASSED] - if (com.wecomplete.keywords.TestBase.isElementPresent(findTestObject("Quote/Quote_Details_Page/header_Quote_Details"), shortTime) == true): null

2021-03-18 11:37:33 - [MESSAGE][PASSED] - Element has been present

2021-03-18 11:37:33 - [TEST_STEP][PASSED] - com.wecomplete.keywords.TestBase.getText(findTestObject("Quote/Quote_Details_Page/header_Quote_Details"), headerQuotePreview): Verifed actule & expected data

2021-03-18 11:37:34 - [MESSAGE][INFO] - Get actule text

2021-03-18 11:37:34 - [MESSAGE][PASSED] - Verifed actule & expected data

2021-03-18 11:37:34 - [TEST_STEP][PASSED] - com.wecomplete.keywords.TestBase.getText(findTestObject("Quote/Quote_Details_Page/Seller_Property_Section/get_Sell_Currency"), sellCurrency): Verifed actule & expected data

2021-03-18 11:37:35 - [MESSAGE][INFO] - Get actule text

2021-03-18 11:37:35 - [MESSAGE][PASSED] - Verifed actule & expected data

2021-03-18 11:37:35 - [TEST_STEP][PASSED] - com.wecomplete.keywords.TestBase.getText(findTestObject("Quote/Quote_Details_Page/Seller_Property_Section/get_Sell_Price"), sellPropertyPrice): Verifed actule & expected data

2021-03-18 11:37:36 - [MESSAGE][INFO] - Get actule text

2021-03-18 11:37:36 - [MESSAGE][PASSED] - Verifed actule & expected data

2021-03-18 11:37:36 - [TEST_STEP][PASSED] - com.wecomplete.keywords.TestBase.getText(findTestObject("Quote/Quote_Details_Page/Seller_Property_Section/get_Sell_Post_Code"), postCode): Verifed actule & expected data

2021-03-18 11:37:36 - [MESSAGE][INFO] - Get actule text

2021-03-18 11:37:36 - [MESSAGE][PASSED] - Verifed actule & expected data

2021-03-18 11:37:36 - [TEST_STEP][PASSED] - com.wecomplete.keywords.TestBase.getText(findTestObject("Quote/Quote_Details_Page/Seller_Property_Section/get_Sell_Comments"), sellPropertyComments): Verifed actule & expected data

2021-03-18 11:37:37 - [MESSAGE][INFO] - Get actule text

2021-03-18 11:37:37 - [MESSAGE][PASSED] - Verifed actule & expected data

2021-03-18 11:37:37 - [TEST_STEP][PASSED] - Start listener action : sampleAfterTestCase: null

2021-03-18 11:37:37 - [TEST_STEP][PASSED] - println(testCaseContext.getTestCaseId()): null

2021-03-18 11:37:37 - [TEST_STEP][PASSED] - println(testCaseContext.getTestCaseStatus()): null

2021-03-18 11:37:39 - [TEST_STEP][PASSED] - Video: Video recording for test case 'Test Cases/Sanity_Test/TC_005_To verify entered Sell property details on Quote Details page' .

2021-03-18 11:37:39 - [MESSAGE][INFO] - Video recording for test case 'Test Cases/Sanity_Test/TC_005_To verify entered Sell property details on Quote Details page' .
[[ATTACHMENT|C:\Users\Dell\Desktop\WeComplete\Reports\20210318_113358\Sanity Test\20210318_113358/videos\test_5.avi]]]]></system-out>
         <system-err><![CDATA[]]></system-err>
      </testcase>
      <testcase name="Test Cases/Sanity_Test/TC_006_To verify entered Buy Property details on Quote Details page" time="5.309" classname="Test Cases/Sanity_Test/TC_006_To verify entered Buy Property details on Quote Details page" status="PASSED">
         <system-out><![CDATA[2021-03-18 11:37:39 - [TEST_CASE][PASSED] - Test Cases/Sanity_Test/TC_006_To verify entered Buy Property details on Quote Details page: Test Cases/Sanity_Test/TC_006_To verify entered Buy Property details on Quote Details page

2021-03-18 11:37:39 - [TEST_STEP][PASSED] - Start listener action : sampleBeforeTestCase: null

2021-03-18 11:37:39 - [TEST_STEP][PASSED] - println(testCaseContext.getTestCaseId()): null

2021-03-18 11:37:39 - [TEST_STEP][PASSED] - println(testCaseContext.getTestCaseVariables()): null

2021-03-18 11:37:40 - [TEST_STEP][PASSED] - com.wecomplete.keywords.TestBase.getText(findTestObject("Quote/Quote_Details_Page/Buy_Property_Section/get_Buy_Currency"), buyCurrency): Verifed actule & expected data

2021-03-18 11:37:40 - [MESSAGE][INFO] - Get actule text

2021-03-18 11:37:40 - [MESSAGE][PASSED] - Verifed actule & expected data

2021-03-18 11:37:40 - [TEST_STEP][PASSED] - com.wecomplete.keywords.TestBase.getText(findTestObject("Quote/Quote_Details_Page/Buy_Property_Section/get_Buy_Price"), buyPropertyPrice): Verifed actule & expected data

2021-03-18 11:37:41 - [MESSAGE][INFO] - Get actule text

2021-03-18 11:37:41 - [MESSAGE][PASSED] - Verifed actule & expected data

2021-03-18 11:37:41 - [TEST_STEP][PASSED] - com.wecomplete.keywords.TestBase.getText(findTestObject("Quote/Quote_Details_Page/Buy_Property_Section/get_Buy_Post_Code"), postCode): Verifed actule & expected data

2021-03-18 11:37:42 - [MESSAGE][INFO] - Get actule text

2021-03-18 11:37:42 - [MESSAGE][PASSED] - Verifed actule & expected data

2021-03-18 11:37:42 - [TEST_STEP][PASSED] - com.wecomplete.keywords.TestBase.getText(findTestObject("Quote/Quote_Details_Page/Buy_Property_Section/get_Buy_Comments"), buyPropertyComments): Verifed actule & expected data

2021-03-18 11:37:43 - [MESSAGE][INFO] - Get actule text

2021-03-18 11:37:43 - [MESSAGE][PASSED] - Verifed actule & expected data

2021-03-18 11:37:43 - [TEST_STEP][PASSED] - Start listener action : sampleAfterTestCase: null

2021-03-18 11:37:43 - [TEST_STEP][PASSED] - println(testCaseContext.getTestCaseId()): null

2021-03-18 11:37:43 - [TEST_STEP][PASSED] - println(testCaseContext.getTestCaseStatus()): null

2021-03-18 11:37:45 - [TEST_STEP][PASSED] - Video: Video recording for test case 'Test Cases/Sanity_Test/TC_006_To verify entered Buy Property details on Quote Details page' .

2021-03-18 11:37:45 - [MESSAGE][INFO] - Video recording for test case 'Test Cases/Sanity_Test/TC_006_To verify entered Buy Property details on Quote Details page' .
[[ATTACHMENT|C:\Users\Dell\Desktop\WeComplete\Reports\20210318_113358\Sanity Test\20210318_113358/videos\test_6.avi]]]]></system-out>
         <system-err><![CDATA[]]></system-err>
      </testcase>
      <testcase name="Test Cases/Sanity_Test/TC_007_To verify entered Personal details on Quote Details page" time="5.239" classname="Test Cases/Sanity_Test/TC_007_To verify entered Personal details on Quote Details page" status="PASSED">
         <system-out><![CDATA[2021-03-18 11:37:45 - [TEST_CASE][PASSED] - Test Cases/Sanity_Test/TC_007_To verify entered Personal details on Quote Details page: Test Cases/Sanity_Test/TC_007_To verify entered Personal details on Quote Details page

2021-03-18 11:37:45 - [TEST_STEP][PASSED] - Start listener action : sampleBeforeTestCase: null

2021-03-18 11:37:45 - [TEST_STEP][PASSED] - println(testCaseContext.getTestCaseId()): null

2021-03-18 11:37:45 - [TEST_STEP][PASSED] - println(testCaseContext.getTestCaseVariables()): null

2021-03-18 11:37:45 - [TEST_STEP][PASSED] - com.wecomplete.keywords.TestBase.getText(findTestObject("Quote/Quote_Details_Page/Personal_Details_Section/header_Personal_Details"), headerPropertyDetails): Verifed actule & expected data

2021-03-18 11:37:46 - [MESSAGE][INFO] - Get actule text

2021-03-18 11:37:46 - [MESSAGE][PASSED] - Verifed actule & expected data

2021-03-18 11:37:46 - [TEST_STEP][PASSED] - com.wecomplete.keywords.TestBase.getText(findTestObject("Quote/Quote_Details_Page/Personal_Details_Section/get_PrimaryFN"), primaryHFN): Verifed actule & expected data

2021-03-18 11:37:46 - [MESSAGE][INFO] - Get actule text

2021-03-18 11:37:46 - [MESSAGE][PASSED] - Verifed actule & expected data

2021-03-18 11:37:46 - [TEST_STEP][PASSED] - com.wecomplete.keywords.TestBase.getText(findTestObject("Quote/Quote_Details_Page/Personal_Details_Section/get_PrimaryMNO"), primaryMNO): Verifed actule & expected data

2021-03-18 11:37:47 - [MESSAGE][INFO] - Get actule text

2021-03-18 11:37:47 - [MESSAGE][PASSED] - Verifed actule & expected data

2021-03-18 11:37:47 - [TEST_STEP][PASSED] - com.wecomplete.keywords.TestBase.getText(findTestObject("Quote/Quote_Details_Page/Personal_Details_Section/get_PrimaryEID"), primaryEID): Verifed actule & expected data

2021-03-18 11:37:48 - [MESSAGE][INFO] - Get actule text

2021-03-18 11:37:48 - [MESSAGE][PASSED] - Verifed actule & expected data

2021-03-18 11:37:48 - [TEST_STEP][PASSED] - Start listener action : sampleAfterTestCase: null

2021-03-18 11:37:48 - [TEST_STEP][PASSED] - println(testCaseContext.getTestCaseId()): null

2021-03-18 11:37:48 - [TEST_STEP][PASSED] - println(testCaseContext.getTestCaseStatus()): null

2021-03-18 11:37:50 - [TEST_STEP][PASSED] - Video: Video recording for test case 'Test Cases/Sanity_Test/TC_007_To verify entered Personal details on Quote Details page' .

2021-03-18 11:37:50 - [MESSAGE][INFO] - Video recording for test case 'Test Cases/Sanity_Test/TC_007_To verify entered Personal details on Quote Details page' .
[[ATTACHMENT|C:\Users\Dell\Desktop\WeComplete\Reports\20210318_113358\Sanity Test\20210318_113358/videos\test_7.avi]]]]></system-out>
         <system-err><![CDATA[]]></system-err>
      </testcase>
      <testcase name="Test Cases/Sanity_Test/TC_008_To verify Selected Corresponding Address on Quote Details page" time="4.97" classname="Test Cases/Sanity_Test/TC_008_To verify Selected Corresponding Address on Quote Details page" status="PASSED">
         <system-out><![CDATA[2021-03-18 11:37:50 - [TEST_CASE][PASSED] - Test Cases/Sanity_Test/TC_008_To verify Selected Corresponding Address on Quote Details page: Test Cases/Sanity_Test/TC_008_To verify Selected Corresponding Address on Quote Details page

2021-03-18 11:37:50 - [TEST_STEP][PASSED] - Start listener action : sampleBeforeTestCase: null

2021-03-18 11:37:50 - [TEST_STEP][PASSED] - println(testCaseContext.getTestCaseId()): null

2021-03-18 11:37:50 - [TEST_STEP][PASSED] - println(testCaseContext.getTestCaseVariables()): null

2021-03-18 11:37:50 - [TEST_STEP][PASSED] - com.wecomplete.keywords.TestBase.getText(findTestObject("Quote/Quote_Details_Page/Corresponding_Address_Section/get_header_Correspondence Address"), headerAddress): Verifed actule & expected data

2021-03-18 11:37:51 - [MESSAGE][INFO] - Get actule text

2021-03-18 11:37:51 - [MESSAGE][PASSED] - Verifed actule & expected data

2021-03-18 11:37:51 - [TEST_STEP][PASSED] - com.wecomplete.keywords.TestBase.getText(findTestObject("Quote/Quote_Details_Page/Corresponding_Address_Section/get_Post_Code"), postCode): Verifed actule & expected data

2021-03-18 11:37:52 - [MESSAGE][INFO] - Get actule text

2021-03-18 11:37:52 - [MESSAGE][PASSED] - Verifed actule & expected data

2021-03-18 11:37:52 - [TEST_STEP][PASSED] - com.wecomplete.keywords.TestBase.getText(findTestObject("Quote/Quote_Details_Page/Corresponding_Address_Section/get_Address"), address): Verifed actule & expected data

2021-03-18 11:37:52 - [MESSAGE][INFO] - Get actule text

2021-03-18 11:37:52 - [MESSAGE][PASSED] - Verifed actule & expected data

2021-03-18 11:37:52 - [TEST_STEP][PASSED] - com.wecomplete.keywords.TestBase.clickUsingJS(findTestObject("Quote/Quote_Details_Page/btn_Get_Quote"), shortTime): Element has been clicked

2021-03-18 11:37:53 - [MESSAGE][INFO] - Clicking element

2021-03-18 11:37:53 - [MESSAGE][PASSED] - Element has been clicked

2021-03-18 11:37:53 - [TEST_STEP][PASSED] - Start listener action : sampleAfterTestCase: null

2021-03-18 11:37:53 - [TEST_STEP][PASSED] - println(testCaseContext.getTestCaseId()): null

2021-03-18 11:37:53 - [TEST_STEP][PASSED] - println(testCaseContext.getTestCaseStatus()): null

2021-03-18 11:37:55 - [TEST_STEP][PASSED] - Video: Video recording for test case 'Test Cases/Sanity_Test/TC_008_To verify Selected Corresponding Address on Quote Details page' .

2021-03-18 11:37:55 - [MESSAGE][INFO] - Video recording for test case 'Test Cases/Sanity_Test/TC_008_To verify Selected Corresponding Address on Quote Details page' .
[[ATTACHMENT|C:\Users\Dell\Desktop\WeComplete\Reports\20210318_113358\Sanity Test\20210318_113358/videos\test_8.avi]]]]></system-out>
         <system-err><![CDATA[]]></system-err>
      </testcase>
      <testcase name="Test Cases/Sanity_Test/TC_009_To verify that user can view Property section on left side" time="11.392" classname="Test Cases/Sanity_Test/TC_009_To verify that user can view Property section on left side" status="PASSED">
         <system-out><![CDATA[2021-03-18 11:37:55 - [TEST_CASE][PASSED] - Test Cases/Sanity_Test/TC_009_To verify that user can view Property section on left side: Test Cases/Sanity_Test/TC_009_To verify that user can view Property section on left side

2021-03-18 11:37:55 - [TEST_STEP][PASSED] - Start listener action : sampleBeforeTestCase: null

2021-03-18 11:37:55 - [TEST_STEP][PASSED] - println(testCaseContext.getTestCaseId()): null

2021-03-18 11:37:55 - [TEST_STEP][PASSED] - println(testCaseContext.getTestCaseVariables()): null

2021-03-18 11:37:55 - [TEST_STEP][PASSED] - com.wecomplete.keywords.TestBase.isElementPresent(findTestObject("Object Repository/Quote/PriceCompare_Page/header_Pricecompare_Page"), shortTime): Element has been present

2021-03-18 11:37:56 - [MESSAGE][PASSED] - Element has been present

2021-03-18 11:37:56 - [TEST_STEP][PASSED] - if (com.wecomplete.keywords.TestBase.isElementPresent(findTestObject("Object Repository/Quote/PriceCompare_Page/Property_Section/header_Property Details"), shortTime) == true): null

2021-03-18 11:37:57 - [MESSAGE][PASSED] - Element has been present

2021-03-18 11:37:57 - [TEST_STEP][PASSED] - com.wecomplete.keywords.TestBase.getText(findTestObject("Object Repository/Quote/PriceCompare_Page/Property_Section/header_Property Details"), heradrPropertyDetails): Verifed actule & expected data

2021-03-18 11:37:58 - [MESSAGE][INFO] - Get actule text

2021-03-18 11:37:58 - [MESSAGE][PASSED] - Verifed actule & expected data

2021-03-18 11:37:58 - [TEST_STEP][PASSED] - com.wecomplete.keywords.TestBase.getText(findTestObject("Quote/PriceCompare_Page/Property_Section/gettext_Sell_Price_Of_Property"), sellPricetext): Verifed actule & expected data

2021-03-18 11:37:58 - [MESSAGE][INFO] - Get actule text

2021-03-18 11:37:58 - [MESSAGE][PASSED] - Verifed actule & expected data

2021-03-18 11:37:58 - [TEST_STEP][PASSED] - com.wecomplete.keywords.TestBase.getText(findTestObject("Quote/PriceCompare_Page/Property_Section/get_SellBuy_Price"), sellPrice): Verifed actule & expected data

2021-03-18 11:37:59 - [MESSAGE][INFO] - Get actule text

2021-03-18 11:37:59 - [MESSAGE][PASSED] - Verifed actule & expected data

2021-03-18 11:37:59 - [TEST_STEP][PASSED] - com.wecomplete.keywords.TestBase.clickUsingJS(findTestObject("Quote/PriceCompare_Page/Property_Section/btn_Show more"), shortTime): Element has been clicked

2021-03-18 11:38:00 - [MESSAGE][INFO] - Clicking element

2021-03-18 11:38:00 - [MESSAGE][PASSED] - Element has been clicked

2021-03-18 11:38:00 - [TEST_STEP][PASSED] - com.wecomplete.keywords.TestBase.getText(findTestObject("Object Repository/Quote/PriceCompare_Page/Property_Section/get_Sell_Comments"), sellComments): Verifed actule & expected data

2021-03-18 11:38:01 - [MESSAGE][INFO] - Get actule text

2021-03-18 11:38:01 - [MESSAGE][PASSED] - Verifed actule & expected data

2021-03-18 11:38:01 - [TEST_STEP][PASSED] - com.wecomplete.keywords.TestBase.clickUsingJS(findTestObject("Quote/PriceCompare_Page/Property_Section/toggle_Buy"), shortTime): Element has been clicked

2021-03-18 11:38:01 - [MESSAGE][INFO] - Clicking element

2021-03-18 11:38:01 - [MESSAGE][PASSED] - Element has been clicked

2021-03-18 11:38:01 - [TEST_STEP][PASSED] - com.wecomplete.keywords.TestBase.getText(findTestObject("Object Repository/Quote/PriceCompare_Page/Property_Section/getText_Buy_Price_Of_Property"), buyPricetext): Verifed actule & expected data

2021-03-18 11:38:02 - [MESSAGE][INFO] - Get actule text

2021-03-18 11:38:02 - [MESSAGE][PASSED] - Verifed actule & expected data

2021-03-18 11:38:02 - [TEST_STEP][PASSED] - com.wecomplete.keywords.TestBase.getText(findTestObject("Quote/PriceCompare_Page/Property_Section/get_SellBuy_Price"), buyPrice): Verifed actule & expected data

2021-03-18 11:38:03 - [MESSAGE][INFO] - Get actule text

2021-03-18 11:38:03 - [MESSAGE][PASSED] - Verifed actule & expected data

2021-03-18 11:38:03 - [TEST_STEP][PASSED] - com.wecomplete.keywords.TestBase.clickUsingJS(findTestObject("Quote/PriceCompare_Page/Property_Section/btn_Show more"), shortTime): Element has been clicked

2021-03-18 11:38:03 - [MESSAGE][INFO] - Clicking element

2021-03-18 11:38:03 - [MESSAGE][PASSED] - Element has been clicked

2021-03-18 11:38:03 - [TEST_STEP][PASSED] - com.wecomplete.keywords.TestBase.getText(findTestObject("Object Repository/Quote/PriceCompare_Page/Property_Section/get_Buy_Comments"), buyComments): Verifed actule & expected data

2021-03-18 11:38:04 - [MESSAGE][INFO] - Get actule text

2021-03-18 11:38:04 - [MESSAGE][PASSED] - Verifed actule & expected data

2021-03-18 11:38:04 - [TEST_STEP][PASSED] - Start listener action : sampleAfterTestCase: null

2021-03-18 11:38:04 - [TEST_STEP][PASSED] - println(testCaseContext.getTestCaseId()): null

2021-03-18 11:38:04 - [TEST_STEP][PASSED] - println(testCaseContext.getTestCaseStatus()): null

2021-03-18 11:38:06 - [TEST_STEP][PASSED] - Video: Video recording for test case 'Test Cases/Sanity_Test/TC_009_To verify that user can view Property section on left side' .

2021-03-18 11:38:06 - [MESSAGE][INFO] - Video recording for test case 'Test Cases/Sanity_Test/TC_009_To verify that user can view Property section on left side' .
[[ATTACHMENT|C:\Users\Dell\Desktop\WeComplete\Reports\20210318_113358\Sanity Test\20210318_113358/videos\test_9.avi]]]]></system-out>
         <system-err><![CDATA[]]></system-err>
      </testcase>
      <testcase name="Test Cases/Sanity_Test/TC_010_Verify that user can edit sell property details" time="16.681" classname="Test Cases/Sanity_Test/TC_010_Verify that user can edit sell property details" status="PASSED">
         <system-out><![CDATA[2021-03-18 11:38:06 - [TEST_CASE][PASSED] - Test Cases/Sanity_Test/TC_010_Verify that user can edit sell property details: Test Cases/Sanity_Test/TC_010_Verify that user can edit sell property details

2021-03-18 11:38:07 - [TEST_STEP][PASSED] - Start listener action : sampleBeforeTestCase: null

2021-03-18 11:38:07 - [TEST_STEP][PASSED] - println(testCaseContext.getTestCaseId()): null

2021-03-18 11:38:07 - [TEST_STEP][PASSED] - println(testCaseContext.getTestCaseVariables()): null

2021-03-18 11:38:07 - [TEST_STEP][PASSED] - com.wecomplete.keywords.TestBase.clickUsingJS(findTestObject("Quote/PriceCompare_Page/Property_Section/toggle_Sell"), shortTime): Element has been clicked

2021-03-18 11:38:07 - [MESSAGE][INFO] - Clicking element

2021-03-18 11:38:07 - [MESSAGE][PASSED] - Element has been clicked

2021-03-18 11:38:07 - [TEST_STEP][PASSED] - com.wecomplete.keywords.TestBase.clickUsingJS(findTestObject("Quote/PriceCompare_Page/Property_Section/btn_Edit the info"), shortTime): Element has been clicked

2021-03-18 11:38:08 - [MESSAGE][INFO] - Clicking element

2021-03-18 11:38:08 - [MESSAGE][PASSED] - Element has been clicked

2021-03-18 11:38:08 - [TEST_STEP][PASSED] - if (com.wecomplete.keywords.TestBase.isElementPresent(findTestObject("Object Repository/Quote/PriceCompare_Page/Property_Section/header_Sell and Buy pop up"), shortTime) == true): null

2021-03-18 11:38:09 - [MESSAGE][PASSED] - Element has been present

2021-03-18 11:38:09 - [TEST_STEP][PASSED] - com.wecomplete.keywords.TestBase.isElementPresent(findTestObject("Object Repository/Quote/PriceCompare_Page/Property_Section/header_ Selling Property Details"), shortTime): Element has been present

2021-03-18 11:38:10 - [MESSAGE][PASSED] - Element has been present

2021-03-18 11:38:10 - [TEST_STEP][PASSED] - com.wecomplete.keywords.TestBase.sendkeyElement(findTestObject("Object Repository/Quote/Selling_Property_Details_Page/input_Price_Of_Property"), editSellPrice): Sendkey value has been send

2021-03-18 11:38:14 - [MESSAGE][PASSED] - Element has been cleared

2021-03-18 11:38:17 - [MESSAGE][PASSED] - Sendkey value has been send

2021-03-18 11:38:17 - [TEST_STEP][PASSED] - com.wecomplete.keywords.TestBase.clickUsingJS(findTestObject("Object Repository/Quote/PriceCompare_Page/Property_Section/btn_Update Quote"), shortTime): Element has been clicked

2021-03-18 11:38:18 - [MESSAGE][INFO] - Clicking element

2021-03-18 11:38:18 - [MESSAGE][PASSED] - Element has been clicked

2021-03-18 11:38:18 - [TEST_STEP][PASSED] - com.wecomplete.keywords.TestBase.getText(findTestObject("Object Repository/Quote/PriceCompare_Page/Property_Section/get_SellBuy_Price"), editSellPrice): Verifed actule & expected data

2021-03-18 11:38:21 - [MESSAGE][INFO] - Get actule text

2021-03-18 11:38:21 - [MESSAGE][PASSED] - Verifed actule & expected data

2021-03-18 11:38:21 - [TEST_STEP][PASSED] - Start listener action : sampleAfterTestCase: null

2021-03-18 11:38:21 - [TEST_STEP][PASSED] - println(testCaseContext.getTestCaseId()): null

2021-03-18 11:38:21 - [TEST_STEP][PASSED] - println(testCaseContext.getTestCaseStatus()): null

2021-03-18 11:38:23 - [TEST_STEP][PASSED] - Video: Video recording for test case 'Test Cases/Sanity_Test/TC_010_Verify that user can edit sell property details' .

2021-03-18 11:38:23 - [MESSAGE][INFO] - Video recording for test case 'Test Cases/Sanity_Test/TC_010_Verify that user can edit sell property details' .
[[ATTACHMENT|C:\Users\Dell\Desktop\WeComplete\Reports\20210318_113358\Sanity Test\20210318_113358/videos\test_10.avi]]]]></system-out>
         <system-err><![CDATA[]]></system-err>
      </testcase>
      <testcase name="Test Cases/Sanity_Test/TC_011_Verify that user can edit Buy property details" time="17.004" classname="Test Cases/Sanity_Test/TC_011_Verify that user can edit Buy property details" status="PASSED">
         <system-out><![CDATA[2021-03-18 11:38:23 - [TEST_CASE][PASSED] - Test Cases/Sanity_Test/TC_011_Verify that user can edit Buy property details: Test Cases/Sanity_Test/TC_011_Verify that user can edit Buy property details

2021-03-18 11:38:23 - [TEST_STEP][PASSED] - Start listener action : sampleBeforeTestCase: null

2021-03-18 11:38:23 - [TEST_STEP][PASSED] - println(testCaseContext.getTestCaseId()): null

2021-03-18 11:38:23 - [TEST_STEP][PASSED] - println(testCaseContext.getTestCaseVariables()): null

2021-03-18 11:38:24 - [TEST_STEP][PASSED] - com.wecomplete.keywords.TestBase.clickUsingJS(findTestObject("Object Repository/Quote/PriceCompare_Page/Property_Section/toggle_Buy"), shortTime): Element has been clicked

2021-03-18 11:38:24 - [MESSAGE][INFO] - Clicking element

2021-03-18 11:38:24 - [MESSAGE][PASSED] - Element has been clicked

2021-03-18 11:38:24 - [TEST_STEP][PASSED] - com.wecomplete.keywords.TestBase.clickUsingJS(findTestObject("Quote/PriceCompare_Page/Property_Section/btn_Edit the info"), shortTime): Element has been clicked

2021-03-18 11:38:25 - [MESSAGE][INFO] - Clicking element

2021-03-18 11:38:25 - [MESSAGE][PASSED] - Element has been clicked

2021-03-18 11:38:25 - [TEST_STEP][PASSED] - if (com.wecomplete.keywords.TestBase.isElementPresent(findTestObject("Object Repository/Quote/PriceCompare_Page/Property_Section/header_Sell and Buy pop up"), shortTime) == true): null

2021-03-18 11:38:26 - [MESSAGE][PASSED] - Element has been present

2021-03-18 11:38:26 - [TEST_STEP][PASSED] - com.wecomplete.keywords.TestBase.isElementPresent(findTestObject("Object Repository/Quote/PriceCompare_Page/Property_Section/header_ Buying Property Details"), shortTime): Element has been present

2021-03-18 11:38:27 - [MESSAGE][PASSED] - Element has been present

2021-03-18 11:38:27 - [TEST_STEP][PASSED] - com.wecomplete.keywords.TestBase.sendkeyElement(findTestObject("Object Repository/Quote/Selling_Property_Details_Page/input_Price_Of_Property"), editBuyPrice): Sendkey value has been send

2021-03-18 11:38:31 - [MESSAGE][PASSED] - Element has been cleared

2021-03-18 11:38:34 - [MESSAGE][PASSED] - Sendkey value has been send

2021-03-18 11:38:34 - [TEST_STEP][PASSED] - com.wecomplete.keywords.TestBase.clickUsingJS(findTestObject("Object Repository/Quote/PriceCompare_Page/Property_Section/btn_Update Quote"), shortTime): Element has been clicked

2021-03-18 11:38:34 - [MESSAGE][INFO] - Clicking element

2021-03-18 11:38:34 - [MESSAGE][PASSED] - Element has been clicked

2021-03-18 11:38:34 - [TEST_STEP][PASSED] - com.wecomplete.keywords.TestBase.clickUsingJS(findTestObject("Object Repository/Quote/PriceCompare_Page/Property_Section/toggle_Buy"), shortTime): Element has been clicked

2021-03-18 11:38:37 - [MESSAGE][INFO] - Clicking element

2021-03-18 11:38:37 - [MESSAGE][PASSED] - Element has been clicked

2021-03-18 11:38:37 - [TEST_STEP][PASSED] - com.wecomplete.keywords.TestBase.getText(findTestObject("Object Repository/Quote/PriceCompare_Page/Property_Section/get_SellBuy_Price"), editBuyPrice): Verifed actule & expected data

2021-03-18 11:38:38 - [MESSAGE][INFO] - Get actule text

2021-03-18 11:38:38 - [MESSAGE][PASSED] - Verifed actule & expected data

2021-03-18 11:38:38 - [TEST_STEP][PASSED] - Start listener action : sampleAfterTestCase: null

2021-03-18 11:38:38 - [TEST_STEP][PASSED] - println(testCaseContext.getTestCaseId()): null

2021-03-18 11:38:38 - [TEST_STEP][PASSED] - println(testCaseContext.getTestCaseStatus()): null

2021-03-18 11:38:40 - [TEST_STEP][PASSED] - Video: Video recording for test case 'Test Cases/Sanity_Test/TC_011_Verify that user can edit Buy property details' .

2021-03-18 11:38:40 - [MESSAGE][INFO] - Video recording for test case 'Test Cases/Sanity_Test/TC_011_Verify that user can edit Buy property details' .
[[ATTACHMENT|C:\Users\Dell\Desktop\WeComplete\Reports\20210318_113358\Sanity Test\20210318_113358/videos\test_11.avi]]]]></system-out>
         <system-err><![CDATA[]]></system-err>
      </testcase>
      <testcase name="Test Cases/Sanity_Test/TC_012_Verify that user can view Sell Fee structure" time="11.403" classname="Test Cases/Sanity_Test/TC_012_Verify that user can view Sell Fee structure" status="PASSED">
         <system-out><![CDATA[2021-03-18 11:38:40 - [TEST_CASE][PASSED] - Test Cases/Sanity_Test/TC_012_Verify that user can view Sell Fee structure: Test Cases/Sanity_Test/TC_012_Verify that user can view Sell Fee structure

2021-03-18 11:38:40 - [TEST_STEP][PASSED] - Start listener action : sampleBeforeTestCase: null

2021-03-18 11:38:40 - [TEST_STEP][PASSED] - println(testCaseContext.getTestCaseId()): null

2021-03-18 11:38:40 - [TEST_STEP][PASSED] - println(testCaseContext.getTestCaseVariables()): null

2021-03-18 11:38:41 - [TEST_STEP][PASSED] - if (com.wecomplete.keywords.TestBase.isElementPresent(findTestObject("Object Repository/Quote/PriceCompare_Page/text_Total Fees"), shortTime) == true): null

2021-03-18 11:38:41 - [MESSAGE][PASSED] - Element has been present

2021-03-18 11:38:41 - [TEST_STEP][PASSED] - com.wecomplete.keywords.TestBase.clickUsingJS(findTestObject("Object Repository/Quote/PriceCompare_Page/View_Details"), shortTime): Element has been clicked

2021-03-18 11:38:42 - [MESSAGE][INFO] - Clicking element

2021-03-18 11:38:42 - [MESSAGE][PASSED] - Element has been clicked

2021-03-18 11:38:42 - [TEST_STEP][PASSED] - com.wecomplete.keywords.TestBase.isElementPresent(findTestObject("Object Repository/Quote/PriceCompare_Page/Sell_Buy_Fees_On_Table"), shortTime): Element has been present

2021-03-18 11:38:43 - [MESSAGE][PASSED] - Element has been present

2021-03-18 11:38:43 - [TEST_STEP][PASSED] - com.wecomplete.keywords.TestBase.clickUsingJS(findTestObject("Quote/PriceCompare_Page/Fees_Table/Buy_Fee_toggle_on_Table"), shortTime): Element has been clicked

2021-03-18 11:38:43 - [MESSAGE][INFO] - Clicking element

2021-03-18 11:38:43 - [MESSAGE][PASSED] - Element has been clicked

2021-03-18 11:38:43 - [TEST_STEP][PASSED] - com.wecomplete.keywords.TestBase.isElementPresent(findTestObject("Object Repository/Quote/PriceCompare_Page/Sell_Buy_Fees_On_Table"), shortTime): Element has been present

2021-03-18 11:38:44 - [MESSAGE][PASSED] - Element has been present

2021-03-18 11:38:44 - [TEST_STEP][PASSED] - com.wecomplete.keywords.TestBase.clickUsingJS(findTestObject("Quote/PriceCompare_Page/Fees_Table/Sell_Fee_toggle_on_Table"), shortTime): Element has been clicked

2021-03-18 11:38:45 - [MESSAGE][INFO] - Clicking element

2021-03-18 11:38:45 - [MESSAGE][PASSED] - Element has been clicked

2021-03-18 11:38:45 - [TEST_STEP][PASSED] - com.wecomplete.keywords.TestBase.getText(findTestObject("Quote/PriceCompare_Page/Fees_Table/Column_Professional Fees"), professionalFees): Verifed actule & expected data

2021-03-18 11:38:45 - [MESSAGE][INFO] - Get actule text

2021-03-18 11:38:45 - [MESSAGE][PASSED] - Verifed actule & expected data

2021-03-18 11:38:45 - [TEST_STEP][PASSED] - com.wecomplete.keywords.TestBase.getText(findTestObject("Quote/PriceCompare_Page/Fees_Table/column_NET"), net): Verifed actule & expected data

2021-03-18 11:38:46 - [MESSAGE][INFO] - Get actule text

2021-03-18 11:38:46 - [MESSAGE][PASSED] - Verifed actule & expected data

2021-03-18 11:38:46 - [TEST_STEP][PASSED] - com.wecomplete.keywords.TestBase.getText(findTestObject("Quote/PriceCompare_Page/Fees_Table/column_VAT"), vat): Verifed actule & expected data

2021-03-18 11:38:47 - [MESSAGE][INFO] - Get actule text

2021-03-18 11:38:47 - [MESSAGE][PASSED] - Verifed actule & expected data

2021-03-18 11:38:47 - [TEST_STEP][PASSED] - com.wecomplete.keywords.TestBase.getText(findTestObject("Quote/PriceCompare_Page/Fees_Table/column_GROSS"), gross): Verifed actule & expected data

2021-03-18 11:38:47 - [MESSAGE][INFO] - Get actule text

2021-03-18 11:38:47 - [MESSAGE][PASSED] - Verifed actule & expected data

2021-03-18 11:38:47 - [TEST_STEP][PASSED] - com.wecomplete.keywords.TestBase.getText(findTestObject("Quote/PriceCompare_Page/Fees_Table/column_Third Party Disbursements"), thirdPartyDisbursements): Verifed actule & expected data

2021-03-18 11:38:48 - [MESSAGE][INFO] - Get actule text

2021-03-18 11:38:48 - [MESSAGE][PASSED] - Verifed actule & expected data

2021-03-18 11:38:48 - [TEST_STEP][PASSED] - com.wecomplete.keywords.TestBase.getText(findTestObject("Quote/PriceCompare_Page/Fees_Table/column_Selling Total"), sellingTotal): Verifed actule & expected data

2021-03-18 11:38:49 - [MESSAGE][INFO] - Get actule text

2021-03-18 11:38:49 - [MESSAGE][PASSED] - Verifed actule & expected data

2021-03-18 11:38:49 - [TEST_STEP][PASSED] - com.wecomplete.keywords.TestBase.getText(findTestObject("Quote/PriceCompare_Page/Fees_Table/column_Selling Buying Total"), sellbuyTotal): Verifed actule & expected data

2021-03-18 11:38:50 - [MESSAGE][INFO] - Get actule text

2021-03-18 11:38:50 - [MESSAGE][PASSED] - Verifed actule & expected data

2021-03-18 11:38:50 - [TEST_STEP][PASSED] - Start listener action : sampleAfterTestCase: null

2021-03-18 11:38:50 - [TEST_STEP][PASSED] - println(testCaseContext.getTestCaseId()): null

2021-03-18 11:38:50 - [TEST_STEP][PASSED] - println(testCaseContext.getTestCaseStatus()): null

2021-03-18 11:38:52 - [TEST_STEP][PASSED] - Video: Video recording for test case 'Test Cases/Sanity_Test/TC_012_Verify that user can view Sell Fee structure' .

2021-03-18 11:38:52 - [MESSAGE][INFO] - Video recording for test case 'Test Cases/Sanity_Test/TC_012_Verify that user can view Sell Fee structure' .
[[ATTACHMENT|C:\Users\Dell\Desktop\WeComplete\Reports\20210318_113358\Sanity Test\20210318_113358/videos\test_12.avi]]]]></system-out>
         <system-err><![CDATA[]]></system-err>
      </testcase>
      <testcase name="Test Cases/Sanity_Test/TC_013_Verify that user can view BuyFee structure" time="8.532" classname="Test Cases/Sanity_Test/TC_013_Verify that user can view BuyFee structure" status="PASSED">
         <system-out><![CDATA[2021-03-18 11:38:52 - [TEST_CASE][PASSED] - Test Cases/Sanity_Test/TC_013_Verify that user can view BuyFee structure: Test Cases/Sanity_Test/TC_013_Verify that user can view BuyFee structure

2021-03-18 11:38:52 - [TEST_STEP][PASSED] - Start listener action : sampleBeforeTestCase: null

2021-03-18 11:38:52 - [TEST_STEP][PASSED] - println(testCaseContext.getTestCaseId()): null

2021-03-18 11:38:52 - [TEST_STEP][PASSED] - println(testCaseContext.getTestCaseVariables()): null

2021-03-18 11:38:52 - [TEST_STEP][PASSED] - com.wecomplete.keywords.TestBase.clickUsingJS(findTestObject("Quote/PriceCompare_Page/Fees_Table/Buy_Fee_toggle_on_Table"), shortTime): Element has been clicked

2021-03-18 11:38:53 - [MESSAGE][INFO] - Clicking element

2021-03-18 11:38:53 - [MESSAGE][PASSED] - Element has been clicked

2021-03-18 11:38:53 - [TEST_STEP][PASSED] - com.wecomplete.keywords.TestBase.isElementPresent(findTestObject("Object Repository/Quote/PriceCompare_Page/Sell_Buy_Fees_On_Table"), shortTime): Element has been present

2021-03-18 11:38:53 - [MESSAGE][PASSED] - Element has been present

2021-03-18 11:38:53 - [TEST_STEP][PASSED] - com.wecomplete.keywords.TestBase.getText(findTestObject("Quote/PriceCompare_Page/Fees_Table/Column_Professional Fees"), professionalFees): Verifed actule & expected data

2021-03-18 11:38:54 - [MESSAGE][INFO] - Get actule text

2021-03-18 11:38:54 - [MESSAGE][PASSED] - Verifed actule & expected data

2021-03-18 11:38:54 - [TEST_STEP][PASSED] - com.wecomplete.keywords.TestBase.getText(findTestObject("Quote/PriceCompare_Page/Fees_Table/column_NET"), net): Verifed actule & expected data

2021-03-18 11:38:55 - [MESSAGE][INFO] - Get actule text

2021-03-18 11:38:55 - [MESSAGE][PASSED] - Verifed actule & expected data

2021-03-18 11:38:55 - [TEST_STEP][PASSED] - com.wecomplete.keywords.TestBase.getText(findTestObject("Quote/PriceCompare_Page/Fees_Table/column_VAT"), vat): Verifed actule & expected data

2021-03-18 11:38:56 - [MESSAGE][INFO] - Get actule text

2021-03-18 11:38:56 - [MESSAGE][PASSED] - Verifed actule & expected data

2021-03-18 11:38:56 - [TEST_STEP][PASSED] - com.wecomplete.keywords.TestBase.getText(findTestObject("Quote/PriceCompare_Page/Fees_Table/column_GROSS"), gross): Verifed actule & expected data

2021-03-18 11:38:56 - [MESSAGE][INFO] - Get actule text

2021-03-18 11:38:56 - [MESSAGE][PASSED] - Verifed actule & expected data

2021-03-18 11:38:56 - [TEST_STEP][PASSED] - com.wecomplete.keywords.TestBase.getText(findTestObject("Quote/PriceCompare_Page/Fees_Table/column_Third Party Disbursements"), thirdPartyDisbursements): Verifed actule & expected data

2021-03-18 11:38:57 - [MESSAGE][INFO] - Get actule text

2021-03-18 11:38:57 - [MESSAGE][PASSED] - Verifed actule & expected data

2021-03-18 11:38:57 - [TEST_STEP][PASSED] - com.wecomplete.keywords.TestBase.getText(findTestObject("Quote/PriceCompare_Page/Fees_Table/column_Stamp duty"), stampDuty): Verifed actule & expected data

2021-03-18 11:38:58 - [MESSAGE][INFO] - Get actule text

2021-03-18 11:38:58 - [MESSAGE][PASSED] - Verifed actule & expected data

2021-03-18 11:38:58 - [TEST_STEP][PASSED] - com.wecomplete.keywords.TestBase.clickUsingJS(findTestObject("Quote/PriceCompare_Page/Fees_Table/btn_Close Icon"), shortTime): Element has been clicked

2021-03-18 11:38:58 - [MESSAGE][INFO] - Clicking element

2021-03-18 11:38:58 - [MESSAGE][PASSED] - Element has been clicked

2021-03-18 11:38:58 - [TEST_STEP][PASSED] - Start listener action : sampleAfterTestCase: null

2021-03-18 11:38:58 - [TEST_STEP][PASSED] - println(testCaseContext.getTestCaseId()): null

2021-03-18 11:38:58 - [TEST_STEP][PASSED] - println(testCaseContext.getTestCaseStatus()): null

2021-03-18 11:39:00 - [TEST_STEP][PASSED] - Video: Video recording for test case 'Test Cases/Sanity_Test/TC_013_Verify that user can view BuyFee structure' .

2021-03-18 11:39:00 - [MESSAGE][INFO] - Video recording for test case 'Test Cases/Sanity_Test/TC_013_Verify that user can view BuyFee structure' .
[[ATTACHMENT|C:\Users\Dell\Desktop\WeComplete\Reports\20210318_113358\Sanity Test\20210318_113358/videos\test_13.avi]]]]></system-out>
         <system-err><![CDATA[]]></system-err>
      </testcase>
      <testcase name="Test Cases/Sanity_Test/TC_014_Verify that email quote functionality" time="27.267" classname="Test Cases/Sanity_Test/TC_014_Verify that email quote functionality" status="PASSED">
         <system-out><![CDATA[2021-03-18 11:39:00 - [TEST_CASE][PASSED] - Test Cases/Sanity_Test/TC_014_Verify that email quote functionality: Test Cases/Sanity_Test/TC_014_Verify that email quote functionality

2021-03-18 11:39:00 - [TEST_STEP][PASSED] - Start listener action : sampleBeforeTestCase: null

2021-03-18 11:39:00 - [TEST_STEP][PASSED] - println(testCaseContext.getTestCaseId()): null

2021-03-18 11:39:00 - [TEST_STEP][PASSED] - println(testCaseContext.getTestCaseVariables()): null

2021-03-18 11:39:01 - [TEST_STEP][PASSED] - if (com.wecomplete.keywords.TestBase.isElementPresent(findTestObject("Object Repository/Quote/PriceCompare_Page/btn_Email Quote"), shortTime) == true): null

2021-03-18 11:39:01 - [MESSAGE][PASSED] - Element has been present

2021-03-18 11:39:01 - [TEST_STEP][PASSED] - com.wecomplete.keywords.TestBase.clickUsingJS(findTestObject("Quote/PriceCompare_Page/btn_Email Quote"), shortTime): Element has been clicked

2021-03-18 11:39:02 - [MESSAGE][INFO] - Clicking element

2021-03-18 11:39:02 - [MESSAGE][PASSED] - Element has been clicked

2021-03-18 11:39:02 - [TEST_STEP][PASSED] - com.wecomplete.keywords.TestBase.isElementPresent(findTestObject("Quote/Email_Quote_Page/Header_Email_Quote"), shortTime): Element has been present

2021-03-18 11:39:15 - [MESSAGE][PASSED] - Element has been present

2021-03-18 11:39:15 - [TEST_STEP][PASSED] - com.wecomplete.keywords.TestBase.getText(findTestObject("Quote/Email_Quote_Page/get_Email_sent_successfully"), emailsentMSG): Verifed actule & expected data

2021-03-18 11:39:16 - [MESSAGE][INFO] - Get actule text

2021-03-18 11:39:16 - [MESSAGE][PASSED] - Verifed actule & expected data

2021-03-18 11:39:16 - [TEST_STEP][PASSED] - com.wecomplete.keywords.TestBase.getText(findTestObject("Quote/Email_Quote_Page/get_Email_Quote_details"), emailQuoteDetails): Verifed actule & expected data

2021-03-18 11:39:16 - [MESSAGE][INFO] - Get actule text

2021-03-18 11:39:16 - [MESSAGE][PASSED] - Verifed actule & expected data

2021-03-18 11:39:16 - [TEST_STEP][PASSED] - com.wecomplete.keywords.TestBase.clickUsingJS(findTestObject("Quote/Email_Quote_Page/btn_Return to your quotes"), shortTime): Element has been clicked

2021-03-18 11:39:17 - [MESSAGE][INFO] - Clicking element

2021-03-18 11:39:17 - [MESSAGE][PASSED] - Element has been clicked

2021-03-18 11:39:17 - [TEST_STEP][PASSED] - refresh(): Refresh successfully

2021-03-18 11:39:23 - [MESSAGE][PASSED] - Refresh successfully

2021-03-18 11:39:23 - [TEST_STEP][PASSED] - com.wecomplete.keywords.TestBase.isElementPresent(findTestObject("Object Repository/Quote/PriceCompare_Page/header_Pricecompare_Page"), shortTime): Element has been present

2021-03-18 11:39:26 - [MESSAGE][PASSED] - Element has been present

2021-03-18 11:39:26 - [TEST_STEP][PASSED] - Start listener action : sampleAfterTestCase: null

2021-03-18 11:39:26 - [TEST_STEP][PASSED] - println(testCaseContext.getTestCaseId()): null

2021-03-18 11:39:26 - [TEST_STEP][PASSED] - println(testCaseContext.getTestCaseStatus()): null

2021-03-18 11:39:28 - [TEST_STEP][PASSED] - Video: Video recording for test case 'Test Cases/Sanity_Test/TC_014_Verify that email quote functionality' .

2021-03-18 11:39:28 - [MESSAGE][INFO] - Video recording for test case 'Test Cases/Sanity_Test/TC_014_Verify that email quote functionality' .
[[ATTACHMENT|C:\Users\Dell\Desktop\WeComplete\Reports\20210318_113358\Sanity Test\20210318_113358/videos\test_14.avi]]]]></system-out>
         <system-err><![CDATA[]]></system-err>
      </testcase>
      <testcase name="Test Cases/Sanity_Test/TC_015_Verify that user can instruct the created quote" time="38.762" classname="Test Cases/Sanity_Test/TC_015_Verify that user can instruct the created quote" status="PASSED">
         <system-out><![CDATA[2021-03-18 11:39:28 - [TEST_CASE][PASSED] - Test Cases/Sanity_Test/TC_015_Verify that user can instruct the created quote: Test Cases/Sanity_Test/TC_015_Verify that user can instruct the created quote

2021-03-18 11:39:28 - [TEST_STEP][PASSED] - Start listener action : sampleBeforeTestCase: null

2021-03-18 11:39:28 - [TEST_STEP][PASSED] - println(testCaseContext.getTestCaseId()): null

2021-03-18 11:39:28 - [TEST_STEP][PASSED] - println(testCaseContext.getTestCaseVariables()): null

2021-03-18 11:39:28 - [TEST_STEP][PASSED] - com.wecomplete.keywords.TestBase.isElementPresent(findTestObject("Object Repository/Quote/PriceCompare_Page/header_Pricecompare_Page"), shortTime): Element has been present

2021-03-18 11:39:29 - [MESSAGE][PASSED] - Element has been present

2021-03-18 11:39:29 - [TEST_STEP][PASSED] - if (com.wecomplete.keywords.TestBase.isElementPresent(findTestObject("Object Repository/Quote/PriceCompare_Page/btn_Instruct Us"), shortTime) == true): null

2021-03-18 11:39:29 - [MESSAGE][PASSED] - Element has been present

2021-03-18 11:39:29 - [TEST_STEP][PASSED] - com.wecomplete.keywords.TestBase.clickUsingJS(findTestObject("Quote/PriceCompare_Page/btn_Instruct Us"), shortTime): Element has been clicked

2021-03-18 11:39:30 - [MESSAGE][INFO] - Clicking element

2021-03-18 11:39:30 - [MESSAGE][PASSED] - Element has been clicked

2021-03-18 11:39:30 - [TEST_STEP][PASSED] - delay(30): Delayed 30 second(s)

2021-03-18 11:40:00 - [MESSAGE][PASSED] - Delayed 30 second(s)

2021-03-18 11:40:00 - [TEST_STEP][PASSED] - com.wecomplete.keywords.TestBase.isElementPresent(findTestObject("Object Repository/Quote/Instruct_Us_Page/header_Instructed Page"), shortTime): Element has been present

2021-03-18 11:40:04 - [MESSAGE][PASSED] - Element has been present

2021-03-18 11:40:04 - [TEST_STEP][PASSED] - Start listener action : sampleAfterTestCase: null

2021-03-18 11:40:04 - [TEST_STEP][PASSED] - println(testCaseContext.getTestCaseId()): null

2021-03-18 11:40:04 - [TEST_STEP][PASSED] - println(testCaseContext.getTestCaseStatus()): null

2021-03-18 11:40:07 - [TEST_STEP][PASSED] - Video: Video recording for test case 'Test Cases/Sanity_Test/TC_015_Verify that user can instruct the created quote' .

2021-03-18 11:40:07 - [MESSAGE][INFO] - Video recording for test case 'Test Cases/Sanity_Test/TC_015_Verify that user can instruct the created quote' .
[[ATTACHMENT|C:\Users\Dell\Desktop\WeComplete\Reports\20210318_113358\Sanity Test\20210318_113358/videos\test_15.avi]]]]></system-out>
         <system-err><![CDATA[]]></system-err>
      </testcase>
      <testcase name="Test Cases/Sanity_Test/TC_016_Verify that User can view created quote on dashboard" time="46.352" classname="Test Cases/Sanity_Test/TC_016_Verify that User can view created quote on dashboard" status="PASSED">
         <system-out><![CDATA[2021-03-18 11:40:07 - [TEST_CASE][PASSED] - Test Cases/Sanity_Test/TC_016_Verify that User can view created quote on dashboard: Test Cases/Sanity_Test/TC_016_Verify that User can view created quote on dashboard

2021-03-18 11:40:07 - [TEST_STEP][PASSED] - Start listener action : sampleBeforeTestCase: null

2021-03-18 11:40:07 - [TEST_STEP][PASSED] - println(testCaseContext.getTestCaseId()): null

2021-03-18 11:40:07 - [TEST_STEP][PASSED] - println(testCaseContext.getTestCaseVariables()): null

2021-03-18 11:40:07 - [TEST_STEP][PASSED] - callTestCase(findTestCase("common_test _cases/login_Page"), ["headerDashboard":headerDashboard, "loginId":User1, "Password":Password], STOP_ON_FAILURE): Call Test Case 'Test Cases/common_test _cases/login_Page' successfully

2021-03-18 11:40:07 - [TEST_CASE][PASSED] - Test Cases/common_test _cases/login_Page: Test Cases/common_test _cases/login_Page

2021-03-18 11:40:08 - [TEST_STEP][PASSED] - navigateToUrl(baseurl + "/ph", STOP_ON_FAILURE): Navigate to 'https://imovehome.icompleteonline.co.uk/ph' successfully

2021-03-18 11:40:14 - [MESSAGE][PASSED] - Navigate to 'https://imovehome.icompleteonline.co.uk/ph' successfully

2021-03-18 11:40:14 - [TEST_STEP][PASSED] - com.wecomplete.keywords.TestBase.isElementPresent(findTestObject("Object Repository/login_Page/tab_login"), shortTime): Element has been present

2021-03-18 11:40:15 - [MESSAGE][PASSED] - Element has been present

2021-03-18 11:40:15 - [TEST_STEP][PASSED] - com.wecomplete.keywords.TestBase.isElementPresent(findTestObject("Object Repository/login_Page/header_login"), shortTime): Element has been present

2021-03-18 11:40:16 - [MESSAGE][PASSED] - Element has been present

2021-03-18 11:40:16 - [TEST_STEP][PASSED] - com.wecomplete.keywords.TestBase.sendkeyElement(findTestObject("Object Repository/login_Page/input_login_id"), loginId): Sendkey value has been send

2021-03-18 11:40:19 - [MESSAGE][PASSED] - Element has been cleared

2021-03-18 11:40:23 - [MESSAGE][PASSED] - Sendkey value has been send

2021-03-18 11:40:23 - [TEST_STEP][PASSED] - com.wecomplete.keywords.TestBase.sendkeyElement(findTestObject("Object Repository/login_Page/input_Password"), Password): Sendkey value has been send

2021-03-18 11:40:26 - [MESSAGE][PASSED] - Element has been cleared

2021-03-18 11:40:29 - [MESSAGE][PASSED] - Sendkey value has been send

2021-03-18 11:40:29 - [TEST_STEP][PASSED] - click(findTestObject("login_Page/btn_login")): Object: 'Object Repository/login_Page/btn_login' is clicked on

2021-03-18 11:40:33 - [MESSAGE][PASSED] - Object: 'Object Repository/login_Page/btn_login' is clicked on

2021-03-18 11:40:33 - [TEST_STEP][PASSED] - delay(7): Delayed 7 second(s)

2021-03-18 11:40:40 - [MESSAGE][PASSED] - Delayed 7 second(s)

2021-03-18 11:40:40 - [TEST_STEP][PASSED] - com.wecomplete.keywords.TestBase.getText(findTestObject("Dashborad/header_Dashboard"), headerDashboard): Verifed actule & expected data

2021-03-18 11:40:43 - [MESSAGE][INFO] - Get actule text

2021-03-18 11:40:43 - [MESSAGE][PASSED] - Verifed actule & expected data

2021-03-18 11:40:43 - [MESSAGE][PASSED] - Call Test Case 'Test Cases/common_test _cases/login_Page' successfully

2021-03-18 11:40:43 - [TEST_STEP][PASSED] - waitForPageLoad(longTime): Wait for page load successfully

2021-03-18 11:40:44 - [MESSAGE][PASSED] - Wait for page load successfully

2021-03-18 11:40:44 - [TEST_STEP][PASSED] - if (verifyElementPresent(findTestObject("Object Repository/Dashborad/hedaer_Your Recent Propertie"), shortTime) == true): null

2021-03-18 11:40:44 - [MESSAGE][PASSED] - Object 'Object Repository/Dashborad/hedaer_Your Recent Propertie' is present

2021-03-18 11:40:44 - [TEST_STEP][PASSED] - com.wecomplete.keywords.TestBase.isElementPresent(findTestObject("Object Repository/Dashborad/hedaer_Your Recent Propertie"), shortTime): Element has been present

2021-03-18 11:40:45 - [MESSAGE][PASSED] - Element has been present

2021-03-18 11:40:45 - [TEST_STEP][PASSED] - if (verifyElementPresent(findTestObject("Object Repository/Dashborad/tab_Quotes Accepted"), shortTime) == true): null

2021-03-18 11:40:45 - [MESSAGE][PASSED] - Object 'Object Repository/Dashborad/tab_Quotes Accepted' is present

2021-03-18 11:40:45 - [TEST_STEP][PASSED] - delay(5): Delayed 5 second(s)

2021-03-18 11:40:50 - [MESSAGE][PASSED] - Delayed 5 second(s)

2021-03-18 11:40:50 - [TEST_STEP][PASSED] - com.wecomplete.keywords.TestBase.clickUsingJS(findTestObject("Object Repository/Dashborad/tab_Quotes Accepted"), shortTime): Element has been clicked

2021-03-18 11:40:51 - [MESSAGE][INFO] - Clicking element

2021-03-18 11:40:51 - [MESSAGE][PASSED] - Element has been clicked

2021-03-18 11:40:51 - [TEST_STEP][PASSED] - Start listener action : sampleAfterTestCase: null

2021-03-18 11:40:51 - [TEST_STEP][PASSED] - println(testCaseContext.getTestCaseId()): null

2021-03-18 11:40:51 - [TEST_STEP][PASSED] - println(testCaseContext.getTestCaseStatus()): null

2021-03-18 11:40:53 - [TEST_STEP][PASSED] - Video: Video recording for test case 'Test Cases/Sanity_Test/TC_016_Verify that User can view created quote on dashboard' .

2021-03-18 11:40:53 - [MESSAGE][INFO] - Video recording for test case 'Test Cases/Sanity_Test/TC_016_Verify that User can view created quote on dashboard' .
[[ATTACHMENT|C:\Users\Dell\Desktop\WeComplete\Reports\20210318_113358\Sanity Test\20210318_113358/videos\test_16.avi]]]]></system-out>
         <system-err><![CDATA[]]></system-err>
      </testcase>
      <testcase name="Test Cases/Sanity_Test/TC_017_Verify that user can update Property details" time="76.5" classname="Test Cases/Sanity_Test/TC_017_Verify that user can update Property details" status="PASSED">
         <system-out><![CDATA[2021-03-18 11:40:53 - [TEST_CASE][PASSED] - Test Cases/Sanity_Test/TC_017_Verify that user can update Property details: Test Cases/Sanity_Test/TC_017_Verify that user can update Property details

2021-03-18 11:40:53 - [TEST_STEP][PASSED] - Start listener action : sampleBeforeTestCase: null

2021-03-18 11:40:53 - [TEST_STEP][PASSED] - println(testCaseContext.getTestCaseId()): null

2021-03-18 11:40:53 - [TEST_STEP][PASSED] - println(testCaseContext.getTestCaseVariables()): null

2021-03-18 11:40:54 - [TEST_STEP][PASSED] - if (verifyElementPresent(findTestObject("Dashborad/get_first_Quote_on_tab"), shortTime) == true): null

2021-03-18 11:40:55 - [MESSAGE][PASSED] - Object 'Object Repository/Dashborad/get_first_Quote_on_tab' is present

2021-03-18 11:40:55 - [TEST_STEP][PASSED] - com.wecomplete.keywords.TestBase.clickUsingJS(findTestObject("Dashborad/get_first_Quote_on_tab"), shortTime): Element has been clicked

2021-03-18 11:40:56 - [MESSAGE][INFO] - Clicking element

2021-03-18 11:40:56 - [MESSAGE][PASSED] - Element has been clicked

2021-03-18 11:40:56 - [TEST_STEP][PASSED] - if (verifyElementPresent(findTestObject("Object Repository/Deal Status/Deal Status_Page"), shortTime) == true): null

2021-03-18 11:41:11 - [MESSAGE][PASSED] - Object 'Object Repository/Deal Status/Deal Status_Page' is present

2021-03-18 11:41:11 - [TEST_STEP][PASSED] - com.wecomplete.keywords.TestBase.clickUsingJS(findTestObject("Object Repository/Deal Status/Property Details Section/btn_edit"), shortTime): Element has been clicked

2021-03-18 11:41:12 - [MESSAGE][INFO] - Clicking element

2021-03-18 11:41:12 - [MESSAGE][PASSED] - Element has been clicked

2021-03-18 11:41:12 - [TEST_STEP][PASSED] - com.wecomplete.keywords.TestBase.isElementPresent(findTestObject("Object Repository/Deal Status/Property Details Section/header_Propert Details"), shortTime): Element has been present

2021-03-18 11:41:13 - [MESSAGE][PASSED] - Element has been present

2021-03-18 11:41:13 - [TEST_STEP][PASSED] - com.wecomplete.keywords.TestBase.sendkeyElement(findTestObject("Object Repository/Deal Status/Property Details Section/input_Price"), buyPrice): Sendkey value has been send

2021-03-18 11:41:17 - [MESSAGE][PASSED] - Element has been cleared

2021-03-18 11:41:20 - [MESSAGE][PASSED] - Sendkey value has been send

2021-03-18 11:41:20 - [TEST_STEP][PASSED] - com.wecomplete.keywords.TestBase.sendkeyElement(findTestObject("Object Repository/Deal Status/Property Details Section/input_UPRN"), uprn): Sendkey value has been send

2021-03-18 11:41:24 - [MESSAGE][PASSED] - Element has been cleared

2021-03-18 11:41:27 - [MESSAGE][PASSED] - Sendkey value has been send

2021-03-18 11:41:27 - [TEST_STEP][PASSED] - com.wecomplete.keywords.TestBase.sendkeyElement(findTestObject("Object Repository/Deal Status/Property Details Section/input_title number"), titleNumber): Sendkey value has been send

2021-03-18 11:41:30 - [MESSAGE][PASSED] - Element has been cleared

2021-03-18 11:41:34 - [MESSAGE][PASSED] - Sendkey value has been send

2021-03-18 11:41:34 - [TEST_STEP][PASSED] - com.wecomplete.keywords.TestBase.sendkeyElement(findTestObject("Object Repository/Deal Status/Property Details Section/input_Local Authority"), localAuthority): Sendkey value has been send

2021-03-18 11:41:37 - [MESSAGE][PASSED] - Element has been cleared

2021-03-18 11:41:40 - [MESSAGE][PASSED] - Sendkey value has been send

2021-03-18 11:41:40 - [TEST_STEP][PASSED] - com.wecomplete.keywords.TestBase.sendkeyElement(findTestObject("Object Repository/Deal Status/Property Details Section/input_Flood Risk"), floodRisk): Sendkey value has been send

2021-03-18 11:41:44 - [MESSAGE][PASSED] - Element has been cleared

2021-03-18 11:41:47 - [MESSAGE][PASSED] - Sendkey value has been send

2021-03-18 11:41:47 - [TEST_STEP][PASSED] - com.wecomplete.keywords.TestBase.sendkeyElement(findTestObject("Object Repository/Deal Status/Property Details Section/input_Plot Size"), plotSize): Sendkey value has been send

2021-03-18 11:41:51 - [MESSAGE][PASSED] - Element has been cleared

2021-03-18 11:41:54 - [MESSAGE][PASSED] - Sendkey value has been send

2021-03-18 11:41:54 - [TEST_STEP][PASSED] - com.wecomplete.keywords.TestBase.sendkeyElement(findTestObject("Object Repository/Deal Status/Property Details Section/input_Summary"), summary): Sendkey value has been send

2021-03-18 11:41:58 - [MESSAGE][PASSED] - Element has been cleared

2021-03-18 11:42:01 - [MESSAGE][PASSED] - Sendkey value has been send

2021-03-18 11:42:01 - [TEST_STEP][PASSED] - com.wecomplete.keywords.TestBase.clickUsingJS(findTestObject("Object Repository/Deal Status/Property Details Section/btn_Update"), shortTime): Element has been clicked

2021-03-18 11:42:02 - [MESSAGE][INFO] - Clicking element

2021-03-18 11:42:02 - [MESSAGE][PASSED] - Element has been clicked

2021-03-18 11:42:02 - [TEST_STEP][PASSED] - com.wecomplete.keywords.TestBase.isElementPresent(findTestObject("Object Repository/Deal Status/Property Details Section/alert_message"), shortTime): Element has been present

2021-03-18 11:42:06 - [MESSAGE][PASSED] - Element has been present

2021-03-18 11:42:06 - [TEST_STEP][PASSED] - com.wecomplete.keywords.TestBase.clickUsingJS(findTestObject("Deal Status/Property Details Section/btn_Ok"), shortTime): Element has been clicked

2021-03-18 11:42:07 - [MESSAGE][INFO] - Clicking element

2021-03-18 11:42:07 - [MESSAGE][PASSED] - Element has been clicked

2021-03-18 11:42:07 - [TEST_STEP][PASSED] - com.wecomplete.keywords.TestBase.isElementPresent(findTestObject("Object Repository/Deal Status/Deal Status_Page"), shortTime): Element has been present

2021-03-18 11:42:08 - [MESSAGE][PASSED] - Element has been present

2021-03-18 11:42:08 - [TEST_STEP][PASSED] - Start listener action : sampleAfterTestCase: null

2021-03-18 11:42:08 - [TEST_STEP][PASSED] - println(testCaseContext.getTestCaseId()): null

2021-03-18 11:42:08 - [TEST_STEP][PASSED] - println(testCaseContext.getTestCaseStatus()): null

2021-03-18 11:42:10 - [TEST_STEP][PASSED] - Video: Video recording for test case 'Test Cases/Sanity_Test/TC_017_Verify that user can update Property details' .

2021-03-18 11:42:10 - [MESSAGE][INFO] - Video recording for test case 'Test Cases/Sanity_Test/TC_017_Verify that user can update Property details' .
[[ATTACHMENT|C:\Users\Dell\Desktop\WeComplete\Reports\20210318_113358\Sanity Test\20210318_113358/videos\test_17.avi]]]]></system-out>
         <system-err><![CDATA[]]></system-err>
      </testcase>
      <testcase name="Test Cases/Sanity_Test/TC_018_To check updated property details" time="7.651" classname="Test Cases/Sanity_Test/TC_018_To check updated property details" status="PASSED">
         <system-out><![CDATA[2021-03-18 11:42:10 - [TEST_CASE][PASSED] - Test Cases/Sanity_Test/TC_018_To check updated property details: Test Cases/Sanity_Test/TC_018_To check updated property details

[...]

2021-03-18 11:47:32 - [TEST_STEP][PASSED] - Start listener action : sampleAfterTestCase: null

2021-03-18 11:47:32 - [TEST_STEP][PASSED] - println(testCaseContext.getTestCaseId()): null

2021-03-18 11:47:32 - [TEST_STEP][PASSED] - println(testCaseContext.getTestCaseStatus()): null

2021-03-18 11:47:34 - [TEST_STEP][PASSED] - Video: Video recording for test case 'Test Cases/Sanity_Test/TC_026_Verify that user can Invite People' .

2021-03-18 11:47:34 - [MESSAGE][INFO] - Video recording for test case 'Test Cases/Sanity_Test/TC_026_Verify that user can Invite People' .
[[ATTACHMENT|C:\Users\Dell\Desktop\WeComplete\Reports\20210318_113358\Sanity Test\20210318_113358/videos\test_26.avi]]]]></system-out>
         <system-err><![CDATA[]]></system-err>
      </testcase>
      <testcase name="Test Cases/Sanity_Test/TC_027_Verify that invited member displayed on Pending invitations tab" time="5.08" classname="Test Cases/Sanity_Test/TC_027_Verify that invited member displayed on Pending invitations tab" status="PASSED">
         <system-out><![CDATA[2021-03-18 11:47:34 - [TEST_CASE][PASSED] - Test Cases/Sanity_Test/TC_027_Verify that invited member displayed on Pending invitations tab: Test Cases/Sanity_Test/TC_027_Verify that invited member displayed on Pending invitations tab

2021-03-18 11:47:34 - [TEST_STEP][PASSED] - Start listener action : sampleBeforeTestCase: null

2021-03-18 11:47:34 - [TEST_STEP][PASSED] - println(testCaseContext.getTestCaseId()): null

2021-03-18 11:47:34 - [TEST_STEP][PASSED] - println(testCaseContext.getTestCaseVariables()): null

2021-03-18 11:47:35 - [TEST_STEP][PASSED] - if (verifyElementPresent(findTestObject("Object Repository/Deal Status/Message_Section/tab_Pending Invitations"), shortTime) == true): null

2021-03-18 11:47:35 - [MESSAGE][PASSED] - Object 'Object Repository/Deal Status/Message_Section/tab_Pending Invitations' is present

2021-03-18 11:47:35 - [TEST_STEP][PASSED] - com.wecomplete.keywords.TestBase.getText(findTestObject("Object Repository/Deal Status/Message_Section/tab_Pending Invitations"), tabPending): Verifed actule & expected data

2021-03-18 11:47:36 - [MESSAGE][INFO] - Get actule text

2021-03-18 11:47:36 - [MESSAGE][PASSED] - Verifed actule & expected data

2021-03-18 11:47:36 - [TEST_STEP][PASSED] - com.wecomplete.keywords.TestBase.clickUsingJS(findTestObject("Object Repository/Deal Status/Message_Section/tab_Pending Invitations"), shortTime): Element has been clicked

2021-03-18 11:47:36 - [MESSAGE][INFO] - Clicking element

2021-03-18 11:47:36 - [MESSAGE][PASSED] - Element has been clicked

2021-03-18 11:47:36 - [TEST_STEP][PASSED] - com.wecomplete.keywords.TestBase.getText(findTestObject("Object Repository/Deal Status/Message_Section/Pending_invitations_Section/get_PendingMember"), inviteMemberName): Verifed actule & expected data

2021-03-18 11:47:37 - [MESSAGE][INFO] - Get actule text

2021-03-18 11:47:37 - [MESSAGE][PASSED] - Verifed actule & expected data

2021-03-18 11:47:37 - [TEST_STEP][PASSED] - Start listener action : sampleAfterTestCase: null

2021-03-18 11:47:37 - [TEST_STEP][PASSED] - println(testCaseContext.getTestCaseId()): null

2021-03-18 11:47:37 - [TEST_STEP][PASSED] - println(testCaseContext.getTestCaseStatus()): null

2021-03-18 11:47:39 - [TEST_STEP][PASSED] - Video: Video recording for test case 'Test Cases/Sanity_Test/TC_027_Verify that invited member displayed on Pending invitations tab' .

2021-03-18 11:47:39 - [MESSAGE][INFO] - Video recording for test case 'Test Cases/Sanity_Test/TC_027_Verify that invited member displayed on Pending invitations tab' .
[[ATTACHMENT|C:\Users\Dell\Desktop\WeComplete\Reports\20210318_113358\Sanity Test\20210318_113358/videos\test_27.avi]]]]></system-out>
         <system-err><![CDATA[]]></system-err>
      </testcase>
      <system-out><![CDATA[2021-03-18 11:34:06 - [TEST_SUITE][FAILED] - Sanity Test: Test Cases/Sanity_Test/TC_025_Verify that New Business role user can assigned case to the Estate agent FAILED.
Reason:
com.kms.katalon.core.exception.StepFailedException: Unable to call Test Case 'Test Cases/common_test _cases/do_sign out' (Root cause: com.kms.katalon.core.exception.StepErrorException: Call Test Case 'Test Cases/common_test _cases/do_sign out' failed because of error(s)
	at com.kms.katalon.core.keyword.builtin.CallTestCaseKeyword$_callTestCase_closure1.doCall(CallTestCaseKeyword.groovy:66)
	at com.kms.katalon.core.keyword.builtin.CallTestCaseKeyword$_callTestCase_closure1.call(CallTestCaseKeyword.groovy)
	at com.kms.katalon.core.keyword.internal.KeywordMain.runKeyword(KeywordMain.groovy:68)
	at com.kms.katalon.core.keyword.builtin.CallTestCaseKeyword.callTestCase(CallTestCaseKeyword.groovy:81)
	at com.kms.katalon.core.keyword.builtin.CallTestCaseKeyword.execute(CallTestCaseKeyword.groovy:44)
	at com.kms.katalon.core.keyword.internal.KeywordExecutor.executeKeywordForPlatform(KeywordExecutor.groovy:73)
	at com.kms.katalon.core.keyword.BuiltinKeywords.callTestCase(BuiltinKeywords.groovy:334)
	at TC_025_Verify that New Business role user can assigned case to the Estate agent.run(TC_025_Verify that New Business role user can assigned case to the Estate agent:19)
	at com.kms.katalon.core.main.ScriptEngine.run(ScriptEngine.java:194)
	at com.kms.katalon.core.main.ScriptEngine.runScriptAsRawText(ScriptEngine.java:119)
	at com.kms.katalon.core.main.TestCaseExecutor.runScript(TestCaseExecutor.java:339)
	at com.kms.katalon.core.main.TestCaseExecutor.doExecute(TestCaseExecutor.java:330)
	at com.kms.katalon.core.main.TestCaseExecutor.processExecutionPhase(TestCaseExecutor.java:309)
	at com.kms.katalon.core.main.TestCaseExecutor.accessMainPhase(TestCaseExecutor.java:301)
	at com.kms.katalon.core.main.TestCaseExecutor.execute(TestCaseExecutor.java:235)
	at com.kms.katalon.core.main.TestSuiteExecutor.accessTestCaseMainPhase(TestSuiteExecutor.java:191)
	at com.kms.katalon.core.main.TestSuiteExecutor.accessTestSuiteMainPhase(TestSuiteExecutor.java:141)
	at com.kms.katalon.core.main.TestSuiteExecutor.execute(TestSuiteExecutor.java:90)
	at com.kms.katalon.core.main.TestCaseMain.startTestSuite(TestCaseMain.java:157)
	at com.kms.katalon.core.main.TestCaseMain$startTestSuite$0.call(Unknown Source)
	at TempTestSuite1616047438239.run(TempTestSuite1616047438239.groovy:39)
Caused by: org.codehaus.groovy.runtime.InvokerInvocationException: java.lang.AssertionError: Web element with id: 'Object Repository/sign_out/sign_Out' located by '//*[@class='logout-btn p-3']' not found
	at com.wecomplete.keywords.TestBase.invokeMethod(TestBase.groovy)
	at com.kms.katalon.core.main.CustomKeywordDelegatingMetaClass.invokeStaticMethod(CustomKeywordDelegatingMetaClass.java:50)
	at do_sign out.run(do_sign out:25)
	at com.kms.katalon.core.main.ScriptEngine.run(ScriptEngine.java:194)
	at com.kms.katalon.core.main.ScriptEngine.runScriptAsRawText(ScriptEngine.java:119)
	at com.kms.katalon.core.main.TestCaseExecutor.runScript(TestCaseExecutor.java:339)
	at com.kms.katalon.core.main.TestCaseExecutor.doExecute(TestCaseExecutor.java:330)
	at com.kms.katalon.core.main.TestCaseExecutor.processExecutionPhase(TestCaseExecutor.java:309)
	at com.kms.katalon.core.main.TestCaseExecutor.accessMainPhase(TestCaseExecutor.java:301)
	at com.kms.katalon.core.main.TestCaseExecutor.execute(TestCaseExecutor.java:235)
	at com.kms.katalon.core.main.TestCaseMain.runTestCase(TestCaseMain.java:114)
	at com.kms.katalon.core.keyword.builtin.CallTestCaseKeyword$_callTestCase_closure1.doCall(CallTestCaseKeyword.groovy:59)
	... 20 more
Caused by: java.lang.AssertionError: Web element with id: 'Object Repository/sign_out/sign_Out' located by '//*[@class='logout-btn p-3']' not found
	at org.testng.Assert.fail(Assert.java:93)
	at org.testng.Assert$fail$0.call(Unknown Source)
	at com.wecomplete.keywords.TestBase.clickElement(TestBase.groovy:49)
	... 32 more
)
	at com.kms.katalon.core.keyword.internal.KeywordMain.stepFailed(KeywordMain.groovy:39)
	at com.kms.katalon.core.keyword.internal.KeywordMain.stepFailed(KeywordMain.groovy)
	at com.kms.katalon.core.keyword.internal.KeywordMain.runKeyword(KeywordMain.groovy:70)
	at com.kms.katalon.core.keyword.builtin.CallTestCaseKeyword.callTestCase(CallTestCaseKeyword.groovy:81)
	at com.kms.katalon.core.keyword.builtin.CallTestCaseKeyword.execute(CallTestCaseKeyword.groovy:44)
	at com.kms.katalon.core.keyword.internal.KeywordExecutor.executeKeywordForPlatform(KeywordExecutor.groovy:73)
	at com.kms.katalon.core.keyword.BuiltinKeywords.callTestCase(BuiltinKeywords.groovy:334)
	at TC_025_Verify that New Business role user can assigned case to the Estate agent.run(TC_025_Verify that New Business role user can assigned case to the Estate agent:19)
	at com.kms.katalon.core.main.ScriptEngine.run(ScriptEngine.java:194)
	at com.kms.katalon.core.main.ScriptEngine.runScriptAsRawText(ScriptEngine.java:119)
	at com.kms.katalon.core.main.TestCaseExecutor.runScript(TestCaseExecutor.java:339)
	at com.kms.katalon.core.main.TestCaseExecutor.doExecute(TestCaseExecutor.java:330)
	at com.kms.katalon.core.main.TestCaseExecutor.processExecutionPhase(TestCaseExecutor.java:309)
	at com.kms.katalon.core.main.TestCaseExecutor.accessMainPhase(TestCaseExecutor.java:301)
	at com.kms.katalon.core.main.TestCaseExecutor.execute(TestCaseExecutor.java:235)
	at com.kms.katalon.core.main.TestSuiteExecutor.accessTestCaseMainPhase(TestSuiteExecutor.java:191)
	at com.kms.katalon.core.main.TestSuiteExecutor.accessTestSuiteMainPhase(TestSuiteExecutor.java:141)
	at com.kms.katalon.core.main.TestSuiteExecutor.execute(TestSuiteExecutor.java:90)
	at com.kms.katalon.core.main.TestCaseMain.startTestSuite(TestCaseMain.java:157)
	at com.kms.katalon.core.main.TestCaseMain$startTestSuite$0.call(Unknown Source)
	at TempTestSuite1616047438239.run(TempTestSuite1616047438239.groovy:39)
Caused by: com.kms.katalon.core.exception.StepErrorException: Call Test Case 'Test Cases/common_test _cases/do_sign out' failed because of error(s)
	at com.kms.katalon.core.keyword.builtin.CallTestCaseKeyword$_callTestCase_closure1.doCall(CallTestCaseKeyword.groovy:66)
	at com.kms.katalon.core.keyword.builtin.CallTestCaseKeyword$_callTestCase_closure1.call(CallTestCaseKeyword.groovy)
	at com.kms.katalon.core.keyword.internal.KeywordMain.runKeyword(KeywordMain.groovy:68)
	... 18 more
Caused by: org.codehaus.groovy.runtime.InvokerInvocationException: java.lang.AssertionError: Web element with id: 'Object Repository/sign_out/sign_Out' located by '//*[@class='logout-btn p-3']' not found
	at com.wecomplete.keywords.TestBase.invokeMethod(TestBase.groovy)
	at com.kms.katalon.core.main.CustomKeywordDelegatingMetaClass.invokeStaticMethod(CustomKeywordDelegatingMetaClass.java:50)
	at do_sign out.run(do_sign out:25)
	at com.kms.katalon.core.main.ScriptEngine.run(ScriptEngine.java:194)
	at com.kms.katalon.core.main.ScriptEngine.runScriptAsRawText(ScriptEngine.java:119)
	at com.kms.katalon.core.main.TestCaseExecutor.runScript(TestCaseExecutor.java:339)
	at com.kms.katalon.core.main.TestCaseExecutor.doExecute(TestCaseExecutor.java:330)
	at com.kms.katalon.core.main.TestCaseExecutor.processExecutionPhase(TestCaseExecutor.java:309)
	at com.kms.katalon.core.main.TestCaseExecutor.accessMainPhase(TestCaseExecutor.java:301)
	at com.kms.katalon.core.main.TestCaseExecutor.execute(TestCaseExecutor.java:235)
	at com.kms.katalon.core.main.TestCaseMain.runTestCase(TestCaseMain.java:114)
	at com.kms.katalon.core.keyword.builtin.CallTestCaseKeyword$_callTestCase_closure1.doCall(CallTestCaseKeyword.groovy:59)
	... 20 more
Caused by: java.lang.AssertionError: Web element with id: 'Object Repository/sign_out/sign_Out' located by '//*[@class='logout-btn p-3']' not found
	at org.testng.Assert.fail(Assert.java:93)
	at org.testng.Assert$fail$0.call(Unknown Source)
	at com.wecomplete.keywords.TestBase.clickElement(TestBase.groovy:49)
	... 32 more]]></system-out>
      <system-err><![CDATA[2021-03-18 11:34:06 - [TEST_SUITE][FAILED] - Sanity Test: Test Cases/Sanity_Test/TC_025_Verify that New Business role user can assigned case to the Estate agent FAILED.
Reason:
com.kms.katalon.core.exception.StepFailedException: Unable to call Test Case 'Test Cases/common_test _cases/do_sign out' (Root cause: com.kms.katalon.core.exception.StepErrorException: Call Test Case 'Test Cases/common_test _cases/do_sign out' failed because of error(s)
	at com.kms.katalon.core.keyword.builtin.CallTestCaseKeyword$_callTestCase_closure1.doCall(CallTestCaseKeyword.groovy:66)
	at com.kms.katalon.core.keyword.builtin.CallTestCaseKeyword$_callTestCase_closure1.call(CallTestCaseKeyword.groovy)
	at com.kms.katalon.core.keyword.internal.KeywordMain.runKeyword(KeywordMain.groovy:68)
	at com.kms.katalon.core.keyword.builtin.CallTestCaseKeyword.callTestCase(CallTestCaseKeyword.groovy:81)
	at com.kms.katalon.core.keyword.builtin.CallTestCaseKeyword.execute(CallTestCaseKeyword.groovy:44)
	at com.kms.katalon.core.keyword.internal.KeywordExecutor.executeKeywordForPlatform(KeywordExecutor.groovy:73)
	at com.kms.katalon.core.keyword.BuiltinKeywords.callTestCase(BuiltinKeywords.groovy:334)
	at TC_025_Verify that New Business role user can assigned case to the Estate agent.run(TC_025_Verify that New Business role user can assigned case to the Estate agent:19)
	at com.kms.katalon.core.main.ScriptEngine.run(ScriptEngine.java:194)
	at com.kms.katalon.core.main.ScriptEngine.runScriptAsRawText(ScriptEngine.java:119)
	at com.kms.katalon.core.main.TestCaseExecutor.runScript(TestCaseExecutor.java:339)
	at com.kms.katalon.core.main.TestCaseExecutor.doExecute(TestCaseExecutor.java:330)
	at com.kms.katalon.core.main.TestCaseExecutor.processExecutionPhase(TestCaseExecutor.java:309)
	at com.kms.katalon.core.main.TestCaseExecutor.accessMainPhase(TestCaseExecutor.java:301)
	at com.kms.katalon.core.main.TestCaseExecutor.execute(TestCaseExecutor.java:235)
	at com.kms.katalon.core.main.TestSuiteExecutor.accessTestCaseMainPhase(TestSuiteExecutor.java:191)
	at com.kms.katalon.core.main.TestSuiteExecutor.accessTestSuiteMainPhase(TestSuiteExecutor.java:141)
	at com.kms.katalon.core.main.TestSuiteExecutor.execute(TestSuiteExecutor.java:90)
	at com.kms.katalon.core.main.TestCaseMain.startTestSuite(TestCaseMain.java:157)
	at com.kms.katalon.core.main.TestCaseMain$startTestSuite$0.call(Unknown Source)
	at TempTestSuite1616047438239.run(TempTestSuite1616047438239.groovy:39)
Caused by: org.codehaus.groovy.runtime.InvokerInvocationException: java.lang.AssertionError: Web element with id: 'Object Repository/sign_out/sign_Out' located by '//*[@class='logout-btn p-3']' not found
	at com.wecomplete.keywords.TestBase.invokeMethod(TestBase.groovy)
	at com.kms.katalon.core.main.CustomKeywordDelegatingMetaClass.invokeStaticMethod(CustomKeywordDelegatingMetaClass.java:50)
	at do_sign out.run(do_sign out:25)
	at com.kms.katalon.core.main.ScriptEngine.run(ScriptEngine.java:194)
	at com.kms.katalon.core.main.ScriptEngine.runScriptAsRawText(ScriptEngine.java:119)
	at com.kms.katalon.core.main.TestCaseExecutor.runScript(TestCaseExecutor.java:339)
	at com.kms.katalon.core.main.TestCaseExecutor.doExecute(TestCaseExecutor.java:330)
	at com.kms.katalon.core.main.TestCaseExecutor.processExecutionPhase(TestCaseExecutor.java:309)
	at com.kms.katalon.core.main.TestCaseExecutor.accessMainPhase(TestCaseExecutor.java:301)
	at com.kms.katalon.core.main.TestCaseExecutor.execute(TestCaseExecutor.java:235)
	at com.kms.katalon.core.main.TestCaseMain.runTestCase(TestCaseMain.java:114)
	at com.kms.katalon.core.keyword.builtin.CallTestCaseKeyword$_callTestCase_closure1.doCall(CallTestCaseKeyword.groovy:59)
	... 20 more
Caused by: java.lang.AssertionError: Web element with id: 'Object Repository/sign_out/sign_Out' located by '//*[@class='logout-btn p-3']' not found
	at org.testng.Assert.fail(Assert.java:93)
	at org.testng.Assert$fail$0.call(Unknown Source)
	at com.wecomplete.keywords.TestBase.clickElement(TestBase.groovy:49)
	... 32 more
)
	at com.kms.katalon.core.keyword.internal.KeywordMain.stepFailed(KeywordMain.groovy:39)
	at com.kms.katalon.core.keyword.internal.KeywordMain.stepFailed(KeywordMain.groovy)
	at com.kms.katalon.core.keyword.internal.KeywordMain.runKeyword(KeywordMain.groovy:70)
	at com.kms.katalon.core.keyword.builtin.CallTestCaseKeyword.callTestCase(CallTestCaseKeyword.groovy:81)
	at com.kms.katalon.core.keyword.builtin.CallTestCaseKeyword.execute(CallTestCaseKeyword.groovy:44)
	at com.kms.katalon.core.keyword.internal.KeywordExecutor.executeKeywordForPlatform(KeywordExecutor.groovy:73)
	at com.kms.katalon.core.keyword.BuiltinKeywords.callTestCase(BuiltinKeywords.groovy:334)
	at TC_025_Verify that New Business role user can assigned case to the Estate agent.run(TC_025_Verify that New Business role user can assigned case to the Estate agent:19)
	at com.kms.katalon.core.main.ScriptEngine.run(ScriptEngine.java:194)
	at com.kms.katalon.core.main.ScriptEngine.runScriptAsRawText(ScriptEngine.java:119)
	at com.kms.katalon.core.main.TestCaseExecutor.runScript(TestCaseExecutor.java:339)
	at com.kms.katalon.core.main.TestCaseExecutor.doExecute(TestCaseExecutor.java:330)
	at com.kms.katalon.core.main.TestCaseExecutor.processExecutionPhase(TestCaseExecutor.java:309)
	at com.kms.katalon.core.main.TestCaseExecutor.accessMainPhase(TestCaseExecutor.java:301)
	at com.kms.katalon.core.main.TestCaseExecutor.execute(TestCaseExecutor.java:235)
	at com.kms.katalon.core.main.TestSuiteExecutor.accessTestCaseMainPhase(TestSuiteExecutor.java:191)
	at com.kms.katalon.core.main.TestSuiteExecutor.accessTestSuiteMainPhase(TestSuiteExecutor.java:141)
	at com.kms.katalon.core.main.TestSuiteExecutor.execute(TestSuiteExecutor.java:90)
	at com.kms.katalon.core.main.TestCaseMain.startTestSuite(TestCaseMain.java:157)
	at com.kms.katalon.core.main.TestCaseMain$startTestSuite$0.call(Unknown Source)
	at TempTestSuite1616047438239.run(TempTestSuite1616047438239.groovy:39)
Caused by: com.kms.katalon.core.exception.StepErrorException: Call Test Case 'Test Cases/common_test _cases/do_sign out' failed because of error(s)
	at com.kms.katalon.core.keyword.builtin.CallTestCaseKeyword$_callTestCase_closure1.doCall(CallTestCaseKeyword.groovy:66)
	at com.kms.katalon.core.keyword.builtin.CallTestCaseKeyword$_callTestCase_closure1.call(CallTestCaseKeyword.groovy)
	at com.kms.katalon.core.keyword.internal.KeywordMain.runKeyword(KeywordMain.groovy:68)
	... 18 more
Caused by: org.codehaus.groovy.runtime.InvokerInvocationException: java.lang.AssertionError: Web element with id: 'Object Repository/sign_out/sign_Out' located by '//*[@class='logout-btn p-3']' not found
	at com.wecomplete.keywords.TestBase.invokeMethod(TestBase.groovy)
	at com.kms.katalon.core.main.CustomKeywordDelegatingMetaClass.invokeStaticMethod(CustomKeywordDelegatingMetaClass.java:50)
	at do_sign out.run(do_sign out:25)
	at com.kms.katalon.core.main.ScriptEngine.run(ScriptEngine.java:194)
	at com.kms.katalon.core.main.ScriptEngine.runScriptAsRawText(ScriptEngine.java:119)
	at com.kms.katalon.core.main.TestCaseExecutor.runScript(TestCaseExecutor.java:339)
	at com.kms.katalon.core.main.TestCaseExecutor.doExecute(TestCaseExecutor.java:330)
	at com.kms.katalon.core.main.TestCaseExecutor.processExecutionPhase(TestCaseExecutor.java:309)
	at com.kms.katalon.core.main.TestCaseExecutor.accessMainPhase(TestCaseExecutor.java:301)
	at com.kms.katalon.core.main.TestCaseExecutor.execute(TestCaseExecutor.java:235)
	at com.kms.katalon.core.main.TestCaseMain.runTestCase(TestCaseMain.java:114)
	at com.kms.katalon.core.keyword.builtin.CallTestCaseKeyword$_callTestCase_closure1.doCall(CallTestCaseKeyword.groovy:59)
	... 20 more
Caused by: java.lang.AssertionError: Web element with id: 'Object Repository/sign_out/sign_Out' located by '//*[@class='logout-btn p-3']' not found
	at org.testng.Assert.fail(Assert.java:93)
	at org.testng.Assert$fail$0.call(Unknown Source)
	at com.wecomplete.keywords.TestBase.clickElement(TestBase.groovy:49)
	... 32 more]]></system-err>
   </testsuite>
</testsuites>
