<?xml version="1.0" encoding="UTF-8"?>
<testsuites name="Sanity Test" time="1248.945" tests="36" failures="12" errors="3">
   <testsuite name="Sanity Test" tests="36" failures="12" errors="3" time="1248.945" timestamp="2021-03-26 09:12:35" hostname="pritig - PTW10SPSD143.ad.paramatrix.co.in" id="Test Suites/Sanity Test">
      <properties>
[...]
</properties>
      <testcase name="Test Cases/Sanity_Test/TC_001_To verify that user able to fill Selling Property Details form" time="52.366" classname="Test Cases/Sanity_Test/TC_001_To verify that user able to fill Selling Property Details form" status="PASSED">
         <system-out><![CDATA[2021-03-26 09:12:39 - [TEST_CASE][PASSED] - Test Cases/Sanity_Test/TC_001_To verify that user able to fill Selling Property Details form: Test Cases/Sanity_Test/TC_001_To verify that user able to fill Selling Property Details form

2021-03-26 09:12:39 - [TEST_STEP][PASSED] - Start listener action : sampleBeforeTestCase: null

2021-03-26 09:12:39 - [TEST_STEP][PASSED] - println(testCaseContext.getTestCaseId()): null

2021-03-26 09:12:39 - [TEST_STEP][PASSED] - println(testCaseContext.getTestCaseVariables()): null

2021-03-26 09:12:39 - [TEST_STEP][PASSED] - navigateToUrl(baseEAUrl + "/legal", STOP_ON_FAILURE): Navigate to 'https://imovehome.icompleteonline.co.uk/legal' successfully

2021-03-26 09:12:48 - [MESSAGE][PASSED] - Navigate to 'https://imovehome.icompleteonline.co.uk/legal' successfully

2021-03-26 09:12:48 - [TEST_STEP][PASSED] - com.wecomplete.keywords.TestBase.isElementPresent(findTestObject("Quote/header_Quote"), shortTime): Element has been present

2021-03-26 09:12:51 - [MESSAGE][PASSED] - Element has been present

2021-03-26 09:12:51 - [TEST_STEP][PASSED] - if (com.wecomplete.keywords.TestBase.isElementPresent(findTestObject("Object Repository/Quote/tab_Selling_and_Buying"), shortTime) == true): null

2021-03-26 09:12:52 - [MESSAGE][PASSED] - Element has been present

2021-03-26 09:12:52 - [TEST_STEP][PASSED] - com.wecomplete.keywords.TestBase.getText(findTestObject("Quote/Selling_Property_Details_Page/header_Selling_Property_Details"), sellPropertyHeader): Verifed actule & expected data

2021-03-26 09:12:52 - [MESSAGE][INFO] - Get actule text

2021-03-26 09:12:52 - [MESSAGE][PASSED] - Verifed actule & expected data

2021-03-26 09:12:52 - [TEST_STEP][PASSED] - com.wecomplete.keywords.TestBase.sendkeyElement(findTestObject("Quote/Selling_Property_Details_Page/input_Price_Of_Property"), sellPropertyPrice): Sendkey value has been send

2021-03-26 09:12:56 - [MESSAGE][PASSED] - Element has been cleared

2021-03-26 09:12:59 - [MESSAGE][PASSED] - Sendkey value has been send

2021-03-26 09:12:59 - [TEST_STEP][PASSED] - com.wecomplete.keywords.TestBase.sendkeyElement(findTestObject("Quote/Selling_Property_Details_Page/input_Property_PostCode"), postCode): Sendkey value has been send

2021-03-26 09:13:03 - [MESSAGE][PASSED] - Element has been cleared

2021-03-26 09:13:06 - [MESSAGE][PASSED] - Sendkey value has been send

2021-03-26 09:13:06 - [TEST_STEP][PASSED] - com.wecomplete.keywords.TestBase.clickUsingJS(findTestObject("Quote/Selling_Property_Details_Page/click_Enter_Address_Manually"), shortTime): Element has been clicked

2021-03-26 09:13:06 - [MESSAGE][INFO] - Clicking element

2021-03-26 09:13:06 - [MESSAGE][PASSED] - Element has been clicked

2021-03-26 09:13:06 - [TEST_STEP][PASSED] - com.wecomplete.keywords.TestBase.sendkeyElement(findTestObject("Quote/Selling_Property_Details_Page/input_House_No"), houseNo): Sendkey value has been send

2021-03-26 09:13:10 - [MESSAGE][PASSED] - Element has been cleared

2021-03-26 09:13:13 - [MESSAGE][PASSED] - Sendkey value has been send

2021-03-26 09:13:13 - [TEST_STEP][PASSED] - com.wecomplete.keywords.TestBase.sendkeyElement(findTestObject("Quote/Selling_Property_Details_Page/input_Street"), streetName): Sendkey value has been send

2021-03-26 09:13:17 - [MESSAGE][PASSED] - Element has been cleared

2021-03-26 09:13:20 - [MESSAGE][PASSED] - Sendkey value has been send

2021-03-26 09:13:20 - [TEST_STEP][PASSED] - com.wecomplete.keywords.TestBase.clickUsingJS(findTestObject("Quote/Selling_Property_Details_Page/Click_No_Of_Seller_Buyer"), shortTime): Element has been clicked

2021-03-26 09:13:21 - [MESSAGE][INFO] - Clicking element

2021-03-26 09:13:21 - [MESSAGE][PASSED] - Element has been clicked

2021-03-26 09:13:21 - [TEST_STEP][PASSED] - com.wecomplete.keywords.TestBase.clickUsingJS(findTestObject("Quote/Selling_Property_Details_Page/toggle_Commercial"), shortTime): Element has been clicked

2021-03-26 09:13:21 - [MESSAGE][INFO] - Clicking element

2021-03-26 09:13:21 - [MESSAGE][PASSED] - Element has been clicked

2021-03-26 09:13:21 - [TEST_STEP][PASSED] - com.wecomplete.keywords.TestBase.clickUsingJS(findTestObject("Quote/Selling_Property_Details_Page/toggle_Leasehold"), shortTime): Element has been clicked

2021-03-26 09:13:22 - [MESSAGE][INFO] - Clicking element

2021-03-26 09:13:22 - [MESSAGE][PASSED] - Element has been clicked

2021-03-26 09:13:22 - [TEST_STEP][PASSED] - com.wecomplete.keywords.TestBase.sendkeyElement(findTestObject("Quote/Selling_Property_Details_Page/input_Comment"), sellPropertyComments): Sendkey value has been send

2021-03-26 09:13:25 - [MESSAGE][PASSED] - Element has been cleared

2021-03-26 09:13:28 - [MESSAGE][PASSED] - Sendkey value has been send

2021-03-26 09:13:28 - [TEST_STEP][PASSED] - com.wecomplete.keywords.TestBase.clickUsingJS(findTestObject("Quote/Selling_Property_Details_Page/btn_Save and Next"), shortTime): Element has been clicked

2021-03-26 09:13:29 - [MESSAGE][INFO] - Clicking element

2021-03-26 09:13:29 - [MESSAGE][PASSED] - Element has been clicked

2021-03-26 09:13:29 - [TEST_STEP][PASSED] - Start listener action : sampleAfterTestCase: null

2021-03-26 09:13:29 - [TEST_STEP][PASSED] - println(testCaseContext.getTestCaseId()): null

2021-03-26 09:13:29 - [TEST_STEP][PASSED] - println(testCaseContext.getTestCaseStatus()): null

2021-03-26 09:13:31 - [TEST_STEP][PASSED] - Video: Video recording for test case 'Test Cases/Sanity_Test/TC_001_To verify that user able to fill Selling Property Details form' .

2021-03-26 09:13:31 - [MESSAGE][INFO] - Video recording for test case 'Test Cases/Sanity_Test/TC_001_To verify that user able to fill Selling Property Details form' .
[[ATTACHMENT|C:\\Users\\pritig\\Downloads\\WeComplete\\Reports\\20210326_091231\\Sanity Test\\20210326_091231/videos\\test_1.avi]]]]></system-out>
         <system-err><![CDATA[]]></system-err>
      </testcase>
      <testcase name="Test Cases/Sanity_Test/TC_002_To verify that user able to fill Buying Property Details form" time="39.638" classname="Test Cases/Sanity_Test/TC_002_To verify that user able to fill Buying Property Details form" status="PASSED">
         <system-out><![CDATA[2021-03-26 09:13:31 - [TEST_CASE][PASSED] - Test Cases/Sanity_Test/TC_002_To verify that user able to fill Buying Property Details form: Test Cases/Sanity_Test/TC_002_To verify that user able to fill Buying Property Details form

2021-03-26 09:13:31 - [TEST_STEP][PASSED] - Start listener action : sampleBeforeTestCase: null

2021-03-26 09:13:31 - [TEST_STEP][PASSED] - println(testCaseContext.getTestCaseId()): null

2021-03-26 09:13:31 - [TEST_STEP][PASSED] - println(testCaseContext.getTestCaseVariables()): null

2021-03-26 09:13:31 - [TEST_STEP][PASSED] - if (com.wecomplete.keywords.TestBase.isElementPresent(findTestObject("Quote/Selling_Property_Details_Page/header_Buying Property Details"), shortTime) == true): null

2021-03-26 09:13:32 - [MESSAGE][PASSED] - Element has been present

2021-03-26 09:13:32 - [TEST_STEP][PASSED] - com.wecomplete.keywords.TestBase.getText(findTestObject("Quote/Selling_Property_Details_Page/header_Buying Property Details"), buylPropertyHeader): Verifed actule & expected data

2021-03-26 09:13:32 - [MESSAGE][INFO] - Get actule text

2021-03-26 09:13:32 - [MESSAGE][PASSED] - Verifed actule & expected data

2021-03-26 09:13:32 - [TEST_STEP][PASSED] - com.wecomplete.keywords.TestBase.sendkeyElement(findTestObject("Quote/Selling_Property_Details_Page/input_Price_Of_Property"), buyPropertyPrice): Sendkey value has been send

2021-03-26 09:13:36 - [MESSAGE][PASSED] - Element has been cleared

2021-03-26 09:13:39 - [MESSAGE][PASSED] - Sendkey value has been send

2021-03-26 09:13:39 - [TEST_STEP][PASSED] - com.wecomplete.keywords.TestBase.sendkeyElement(findTestObject("Quote/Selling_Property_Details_Page/input_Property_PostCode"), postCode): Sendkey value has been send

2021-03-26 09:13:43 - [MESSAGE][PASSED] - Element has been cleared

2021-03-26 09:13:46 - [MESSAGE][PASSED] - Sendkey value has been send

2021-03-26 09:13:46 - [TEST_STEP][PASSED] - com.wecomplete.keywords.TestBase.clickUsingJS(findTestObject("Quote/Selling_Property_Details_Page/click_Enter_Address_Manually"), shortTime): Element has been clicked

2021-03-26 09:13:46 - [MESSAGE][INFO] - Clicking element

2021-03-26 09:13:46 - [MESSAGE][PASSED] - Element has been clicked

2021-03-26 09:13:46 - [TEST_STEP][PASSED] - com.wecomplete.keywords.TestBase.sendkeyElement(findTestObject("Quote/Selling_Property_Details_Page/input_House_No"), houseNo): Sendkey value has been send

2021-03-26 09:13:50 - [MESSAGE][PASSED] - Element has been cleared

2021-03-26 09:13:53 - [MESSAGE][PASSED] - Sendkey value has been send

2021-03-26 09:13:53 - [TEST_STEP][PASSED] - com.wecomplete.keywords.TestBase.sendkeyElement(findTestObject("Quote/Selling_Property_Details_Page/input_Street"), streetName): Sendkey value has been send

2021-03-26 09:13:57 - [MESSAGE][PASSED] - Element has been cleared

2021-03-26 09:14:00 - [MESSAGE][PASSED] - Sendkey value has been send

2021-03-26 09:14:00 - [TEST_STEP][PASSED] - com.wecomplete.keywords.TestBase.clickUsingJS(findTestObject("Quote/Selling_Property_Details_Page/Click_No_Of_Seller_Buyer"), shortTime): Element has been clicked

2021-03-26 09:14:01 - [MESSAGE][INFO] - Clicking element

2021-03-26 09:14:01 - [MESSAGE][PASSED] - Element has been clicked

2021-03-26 09:14:01 - [TEST_STEP][PASSED] - com.wecomplete.keywords.TestBase.clickUsingJS(findTestObject("Quote/Selling_Property_Details_Page/toggle_Commercial"), shortTime): Element has been clicked

2021-03-26 09:14:01 - [MESSAGE][INFO] - Clicking element

2021-03-26 09:14:01 - [MESSAGE][PASSED] - Element has been clicked

2021-03-26 09:14:01 - [TEST_STEP][PASSED] - com.wecomplete.keywords.TestBase.clickUsingJS(findTestObject("Quote/Selling_Property_Details_Page/toggle_Leasehold"), shortTime): Element has been clicked

2021-03-26 09:14:01 - [MESSAGE][INFO] - Clicking element

2021-03-26 09:14:01 - [MESSAGE][PASSED] - Element has been clicked

2021-03-26 09:14:01 - [TEST_STEP][PASSED] - com.wecomplete.keywords.TestBase.sendkeyElement(findTestObject("Quote/Selling_Property_Details_Page/input_Comment"), buyPropertyComments): Sendkey value has been send

2021-03-26 09:14:05 - [MESSAGE][PASSED] - Element has been cleared

2021-03-26 09:14:08 - [MESSAGE][PASSED] - Sendkey value has been send

2021-03-26 09:14:08 - [TEST_STEP][PASSED] - com.wecomplete.keywords.TestBase.clickUsingJS(findTestObject("Quote/Selling_Property_Details_Page/btn_Save and Next"), shortTime): Element has been clicked

2021-03-26 09:14:09 - [MESSAGE][INFO] - Clicking element

2021-03-26 09:14:09 - [MESSAGE][PASSED] - Element has been clicked

2021-03-26 09:14:09 - [TEST_STEP][PASSED] - Start listener action : sampleAfterTestCase: null

2021-03-26 09:14:09 - [TEST_STEP][PASSED] - println(testCaseContext.getTestCaseId()): null

2021-03-26 09:14:09 - [TEST_STEP][PASSED] - println(testCaseContext.getTestCaseStatus()): null

2021-03-26 09:14:11 - [TEST_STEP][PASSED] - Video: Video recording for test case 'Test Cases/Sanity_Test/TC_002_To verify that user able to fill Buying Property Details form' .

2021-03-26 09:14:11 - [MESSAGE][INFO] - Video recording for test case 'Test Cases/Sanity_Test/TC_002_To verify that user able to fill Buying Property Details form' .
[[ATTACHMENT|C:\\Users\\pritig\\Downloads\\WeComplete\\Reports\\20210326_091231\\Sanity Test\\20210326_091231/videos\\test_2.avi]]]]></system-out>
         <system-err><![CDATA[]]></system-err>
      </testcase>
      <testcase name="Test Cases/Sanity_Test/TC_003_To verify that user able to enter Personal Details" time="58.835" classname="Test Cases/Sanity_Test/TC_003_To verify that user able to enter Personal Details" status="PASSED">
         <system-out><![CDATA[2021-03-26 09:14:11 - [TEST_CASE][PASSED] - Test Cases/Sanity_Test/TC_003_To verify that user able to enter Personal Details: Test Cases/Sanity_Test/TC_003_To verify that user able to enter Personal Details

2021-03-26 09:14:11 - [TEST_STEP][PASSED] - Start listener action : sampleBeforeTestCase: null

2021-03-26 09:14:11 - [TEST_STEP][PASSED] - println(testCaseContext.getTestCaseId()): null

2021-03-26 09:14:11 - [TEST_STEP][PASSED] - println(testCaseContext.getTestCaseVariables()): null

2021-03-26 09:14:11 - [TEST_STEP][PASSED] - com.wecomplete.keywords.TestBase.isElementPresent(findTestObject("Quote/Personal_Details_Page/step_Personal_Details_Page"), shortTime): Element has been present

2021-03-26 09:14:11 - [MESSAGE][PASSED] - Element has been present

2021-03-26 09:14:11 - [TEST_STEP][PASSED] - if (com.wecomplete.keywords.TestBase.isElementPresent(findTestObject("Object Repository/Quote/Personal_Details_Page/header_Primary Contact Details"), shortTime) == true): null

2021-03-26 09:14:12 - [MESSAGE][PASSED] - Element has been present

2021-03-26 09:14:12 - [TEST_STEP][PASSED] - com.wecomplete.keywords.TestBase.isElementPresent(findTestObject("Object Repository/Quote/Personal_Details_Page/header_Primary Contact Details"), shortTime): Element has been present

2021-03-26 09:14:13 - [MESSAGE][PASSED] - Element has been present

2021-03-26 09:14:13 - [TEST_STEP][PASSED] - com.wecomplete.keywords.TestBase.sendkeyElement(findTestObject("Object Repository/Quote/Personal_Details_Page/input_Primary_FirstName"), primaryFN): Sendkey value has been send

2021-03-26 09:14:16 - [MESSAGE][PASSED] - Element has been cleared

2021-03-26 09:14:19 - [MESSAGE][PASSED] - Sendkey value has been send

2021-03-26 09:14:19 - [TEST_STEP][PASSED] - com.wecomplete.keywords.TestBase.sendkeyElement(findTestObject("Object Repository/Quote/Personal_Details_Page/input_Primary_LastName"), primaryLN): Sendkey value has been send

2021-03-26 09:14:23 - [MESSAGE][PASSED] - Element has been cleared

2021-03-26 09:14:26 - [MESSAGE][PASSED] - Sendkey value has been send

2021-03-26 09:14:26 - [TEST_STEP][PASSED] - com.wecomplete.keywords.TestBase.sendkeyElement(findTestObject("Object Repository/Quote/Personal_Details_Page/input_Primary_EmailId"), primaryEID): Sendkey value has been send

2021-03-26 09:14:29 - [MESSAGE][PASSED] - Element has been cleared

2021-03-26 09:14:32 - [MESSAGE][PASSED] - Sendkey value has been send

2021-03-26 09:14:32 - [TEST_STEP][PASSED] - com.wecomplete.keywords.TestBase.sendkeyElement(findTestObject("Object Repository/Quote/Personal_Details_Page/input_Primary_PhoneNo"), primaryMNO): Sendkey value has been send

2021-03-26 09:14:36 - [MESSAGE][PASSED] - Element has been cleared

2021-03-26 09:14:39 - [MESSAGE][PASSED] - Sendkey value has been send

2021-03-26 09:14:39 - [TEST_STEP][PASSED] - com.wecomplete.keywords.TestBase.clickUsingJS(findTestObject("Quote/Personal_Details_Page/checkBox_make same as Joint Seller 2"), shortTime): Element has been clicked

2021-03-26 09:14:40 - [MESSAGE][INFO] - Clicking element

2021-03-26 09:14:40 - [MESSAGE][PASSED] - Element has been clicked

2021-03-26 09:14:40 - [TEST_STEP][PASSED] - com.wecomplete.keywords.TestBase.isElementPresent(findTestObject("Object Repository/Quote/Personal_Details_Page/header_Joint Seller 2 Contact Details"), shortTime): Element has been present

2021-03-26 09:14:40 - [MESSAGE][PASSED] - Element has been present

2021-03-26 09:14:40 - [TEST_STEP][PASSED] - com.wecomplete.keywords.TestBase.sendkeyElement(findTestObject("Object Repository/Quote/Personal_Details_Page/input_Joint_Holder_First Name"), jointHolderFN): Sendkey value has been send

2021-03-26 09:14:44 - [MESSAGE][PASSED] - Element has been cleared

2021-03-26 09:14:47 - [MESSAGE][PASSED] - Sendkey value has been send

2021-03-26 09:14:47 - [TEST_STEP][PASSED] - com.wecomplete.keywords.TestBase.sendkeyElement(findTestObject("Object Repository/Quote/Personal_Details_Page/input_Joint_Holder_LastName"), jointHolderLN): Sendkey value has been send

2021-03-26 09:14:51 - [MESSAGE][PASSED] - Element has been cleared

2021-03-26 09:14:54 - [MESSAGE][PASSED] - Sendkey value has been send

2021-03-26 09:14:54 - [TEST_STEP][PASSED] - com.wecomplete.keywords.TestBase.sendkeyElement(findTestObject("Object Repository/Quote/Personal_Details_Page/input_Joint_Holder_PhoneNo"), jointHolderMNO): Sendkey value has been send

2021-03-26 09:14:57 - [MESSAGE][PASSED] - Element has been cleared

2021-03-26 09:15:00 - [MESSAGE][PASSED] - Sendkey value has been send

2021-03-26 09:15:00 - [TEST_STEP][PASSED] - com.wecomplete.keywords.TestBase.sendkeyElement(findTestObject("Object Repository/Quote/Personal_Details_Page/input_Joint_Holder_EmailId"), jointHolderEID): Sendkey value has been send

2021-03-26 09:15:04 - [MESSAGE][PASSED] - Element has been cleared

2021-03-26 09:15:07 - [MESSAGE][PASSED] - Sendkey value has been send

2021-03-26 09:15:07 - [TEST_STEP][PASSED] - com.wecomplete.keywords.TestBase.clickUsingJS(findTestObject("Quote/Selling_Property_Details_Page/btn_Save and Next"), shortTime): Element has been clicked

2021-03-26 09:15:07 - [MESSAGE][INFO] - Clicking element

2021-03-26 09:15:07 - [MESSAGE][PASSED] - Element has been clicked

2021-03-26 09:15:07 - [TEST_STEP][PASSED] - Start listener action : sampleAfterTestCase: null

2021-03-26 09:15:07 - [TEST_STEP][PASSED] - println(testCaseContext.getTestCaseId()): null

2021-03-26 09:15:07 - [TEST_STEP][PASSED] - println(testCaseContext.getTestCaseStatus()): null

2021-03-26 09:15:10 - [TEST_STEP][PASSED] - Video: Video recording for test case 'Test Cases/Sanity_Test/TC_003_To verify that user able to enter Personal Details' .

2021-03-26 09:15:10 - [MESSAGE][INFO] - Video recording for test case 'Test Cases/Sanity_Test/TC_003_To verify that user able to enter Personal Details' .
[[ATTACHMENT|C:\\Users\\pritig\\Downloads\\WeComplete\\Reports\\20210326_091231\\Sanity Test\\20210326_091231/videos\\test_3.avi]]]]></system-out>
         <system-err><![CDATA[]]></system-err>
      </testcase>
      <testcase name="Test Cases/Sanity_Test/TC_004_To verify that user able to enter Address Details" time="24.096" classname="Test Cases/Sanity_Test/TC_004_To verify that user able to enter Address Details" status="PASSED">
         <system-out><![CDATA[2021-03-26 09:15:10 - [TEST_CASE][PASSED] - Test Cases/Sanity_Test/TC_004_To verify that user able to enter Address Details: Test Cases/Sanity_Test/TC_004_To verify that user able to enter Address Details

2021-03-26 09:15:10 - [TEST_STEP][PASSED] - Start listener action : sampleBeforeTestCase: null

2021-03-26 09:15:10 - [TEST_STEP][PASSED] - println(testCaseContext.getTestCaseId()): null

2021-03-26 09:15:10 - [TEST_STEP][PASSED] - println(testCaseContext.getTestCaseVariables()): null

2021-03-26 09:15:10 - [TEST_STEP][PASSED] - com.wecomplete.keywords.TestBase.isElementPresent(findTestObject("Object Repository/Quote/Correspondence_Address_Page/progressStep_Correspondence Address"), shortTime): Element has been present

2021-03-26 09:15:10 - [MESSAGE][PASSED] - Element has been present

2021-03-26 09:15:10 - [TEST_STEP][PASSED] - if (com.wecomplete.keywords.TestBase.isElementPresent(findTestObject("Object Repository/Quote/Correspondence_Address_Page/header_Correspondence Address"), shortTime) == true): null

2021-03-26 09:15:11 - [MESSAGE][PASSED] - Element has been present

2021-03-26 09:15:11 - [TEST_STEP][PASSED] - com.wecomplete.keywords.TestBase.getText(findTestObject("Object Repository/Quote/Correspondence_Address_Page/header_Correspondence Address"), headerAddress): Verifed actule & expected data

2021-03-26 09:15:11 - [MESSAGE][INFO] - Get actule text

2021-03-26 09:15:11 - [MESSAGE][PASSED] - Verifed actule & expected data

2021-03-26 09:15:11 - [TEST_STEP][PASSED] - com.wecomplete.keywords.TestBase.clickUsingJS(findTestObject("Quote/Correspondence_Address_Page/CheckBox_Correspondence Address Same as Buying Address"), shortTime): Element has been clicked

2021-03-26 09:15:12 - [MESSAGE][INFO] - Clicking element

2021-03-26 09:15:12 - [MESSAGE][PASSED] - Element has been clicked

2021-03-26 09:15:12 - [TEST_STEP][PASSED] - com.wecomplete.keywords.TestBase.clickUsingJS(findTestObject("Quote/Correspondence_Address_Page/CheckBox_Correspondence Address Same as Buying Address"), shortTime): Element has been clicked

2021-03-26 09:15:12 - [MESSAGE][INFO] - Clicking element

2021-03-26 09:15:12 - [MESSAGE][PASSED] - Element has been clicked

2021-03-26 09:15:12 - [TEST_STEP][PASSED] - com.wecomplete.keywords.TestBase.sendkeyElement(findTestObject("Object Repository/Quote/Correspondence_Address_Page/input_PostCode"), postCode): Sendkey value has been send

2021-03-26 09:15:16 - [MESSAGE][PASSED] - Element has been cleared

2021-03-26 09:15:19 - [MESSAGE][PASSED] - Sendkey value has been send

2021-03-26 09:15:19 - [TEST_STEP][PASSED] - delay(5): Delayed 5 second(s)

2021-03-26 09:15:24 - [MESSAGE][PASSED] - Delayed 5 second(s)

2021-03-26 09:15:24 - [TEST_STEP][PASSED] - com.wecomplete.keywords.TestBase.clickUsingJS(findTestObject("Quote/Correspondence_Address_Page/DD_Select_Address"), shortTime): Element has been clicked

2021-03-26 09:15:24 - [MESSAGE][INFO] - Clicking element

2021-03-26 09:15:24 - [MESSAGE][PASSED] - Element has been clicked

2021-03-26 09:15:24 - [TEST_STEP][PASSED] - com.wecomplete.keywords.TestBase.clickUsingJS(findTestObject("Quote/Correspondence_Address_Page/DD_Select_Address"), shortTime): Element has been clicked

2021-03-26 09:15:25 - [MESSAGE][INFO] - Clicking element

2021-03-26 09:15:25 - [MESSAGE][PASSED] - Element has been clicked

2021-03-26 09:15:25 - [TEST_STEP][PASSED] - delay(5): Delayed 5 second(s)

2021-03-26 09:15:30 - [MESSAGE][PASSED] - Delayed 5 second(s)

2021-03-26 09:15:30 - [TEST_STEP][PASSED] - com.wecomplete.keywords.TestBase.clickUsingJS(findTestObject("Quote/Correspondence_Address_Page/DDVlaue_Select Address"), shortTime): Element has been clicked

2021-03-26 09:15:30 - [MESSAGE][INFO] - Clicking element

2021-03-26 09:15:30 - [MESSAGE][PASSED] - Element has been clicked

2021-03-26 09:15:30 - [TEST_STEP][PASSED] - com.wecomplete.keywords.TestBase.clickUsingJS(findTestObject("Quote/Selling_Property_Details_Page/btn_Save and Next"), shortTime): Element has been clicked

2021-03-26 09:15:32 - [MESSAGE][INFO] - Clicking element

2021-03-26 09:15:32 - [MESSAGE][PASSED] - Element has been clicked

2021-03-26 09:15:32 - [TEST_STEP][PASSED] - Start listener action : sampleAfterTestCase: null

2021-03-26 09:15:32 - [TEST_STEP][PASSED] - println(testCaseContext.getTestCaseId()): null

2021-03-26 09:15:32 - [TEST_STEP][PASSED] - println(testCaseContext.getTestCaseStatus()): null

2021-03-26 09:15:34 - [TEST_STEP][PASSED] - Video: Video recording for test case 'Test Cases/Sanity_Test/TC_004_To verify that user able to enter Address Details' .

2021-03-26 09:15:34 - [MESSAGE][INFO] - Video recording for test case 'Test Cases/Sanity_Test/TC_004_To verify that user able to enter Address Details' .
[[ATTACHMENT|C:\\Users\\pritig\\Downloads\\WeComplete\\Reports\\20210326_091231\\Sanity Test\\20210326_091231/videos\\test_4.avi]]]]></system-out>
         <system-err><![CDATA[]]></system-err>
      </testcase>
      <testcase name="Test Cases/Sanity_Test/TC_005_To verify entered Sell property details on Quote Details page" time="6.411" classname="Test Cases/Sanity_Test/TC_005_To verify entered Sell property details on Quote Details page" status="PASSED">
         <system-out><![CDATA[2021-03-26 09:15:34 - [TEST_CASE][PASSED] - Test Cases/Sanity_Test/TC_005_To verify entered Sell property details on Quote Details page: Test Cases/Sanity_Test/TC_005_To verify entered Sell property details on Quote Details page

2021-03-26 09:15:34 - [TEST_STEP][PASSED] - Start listener action : sampleBeforeTestCase: null

2021-03-26 09:15:34 - [TEST_STEP][PASSED] - println(testCaseContext.getTestCaseId()): null

2021-03-26 09:15:34 - [TEST_STEP][PASSED] - println(testCaseContext.getTestCaseVariables()): null

2021-03-26 09:15:34 - [TEST_STEP][PASSED] - com.wecomplete.keywords.TestBase.isElementPresent(findTestObject("Object Repository/Quote/Quote_Details_Page/Progress_Step_Quote_Details"), shortTime): Element has been present

2021-03-26 09:15:34 - [MESSAGE][PASSED] - Element has been present

2021-03-26 09:15:34 - [TEST_STEP][PASSED] - if (com.wecomplete.keywords.TestBase.isElementPresent(findTestObject("Quote/Quote_Details_Page/header_Quote_Details"), shortTime) == true): null

2021-03-26 09:15:35 - [MESSAGE][PASSED] - Element has been present

2021-03-26 09:15:35 - [TEST_STEP][PASSED] - com.wecomplete.keywords.TestBase.getText(findTestObject("Quote/Quote_Details_Page/header_Quote_Details"), headerQuotePreview): Verifed actule & expected data

2021-03-26 09:15:36 - [MESSAGE][INFO] - Get actule text

2021-03-26 09:15:36 - [MESSAGE][PASSED] - Verifed actule & expected data

2021-03-26 09:15:36 - [TEST_STEP][PASSED] - com.wecomplete.keywords.TestBase.getText(findTestObject("Quote/Quote_Details_Page/Seller_Property_Section/get_Sell_Currency"), sellCurrency): Verifed actule & expected data

2021-03-26 09:15:36 - [MESSAGE][INFO] - Get actule text

2021-03-26 09:15:36 - [MESSAGE][PASSED] - Verifed actule & expected data

2021-03-26 09:15:36 - [TEST_STEP][PASSED] - com.wecomplete.keywords.TestBase.getText(findTestObject("Quote/Quote_Details_Page/Seller_Property_Section/get_Sell_Price"), sellPropertyPrice): Verifed actule & expected data

2021-03-26 09:15:37 - [MESSAGE][INFO] - Get actule text

2021-03-26 09:15:37 - [MESSAGE][PASSED] - Verifed actule & expected data

2021-03-26 09:15:37 - [TEST_STEP][PASSED] - com.wecomplete.keywords.TestBase.getText(findTestObject("Quote/Quote_Details_Page/Seller_Property_Section/get_Sell_Post_Code"), postCode): Verifed actule & expected data

2021-03-26 09:15:37 - [MESSAGE][INFO] - Get actule text

2021-03-26 09:15:37 - [MESSAGE][PASSED] - Verifed actule & expected data

2021-03-26 09:15:37 - [TEST_STEP][PASSED] - com.wecomplete.keywords.TestBase.getText(findTestObject("Quote/Quote_Details_Page/Seller_Property_Section/get_Sell_Comments"), sellPropertyComments): Verifed actule & expected data

2021-03-26 09:15:38 - [MESSAGE][INFO] - Get actule text

2021-03-26 09:15:38 - [MESSAGE][PASSED] - Verifed actule & expected data

2021-03-26 09:15:38 - [TEST_STEP][PASSED] - Start listener action : sampleAfterTestCase: null

2021-03-26 09:15:38 - [TEST_STEP][PASSED] - println(testCaseContext.getTestCaseId()): null

2021-03-26 09:15:38 - [TEST_STEP][PASSED] - println(testCaseContext.getTestCaseStatus()): null

2021-03-26 09:15:40 - [TEST_STEP][PASSED] - Video: Video recording for test case 'Test Cases/Sanity_Test/TC_005_To verify entered Sell property details on Quote Details page' .

2021-03-26 09:15:40 - [MESSAGE][INFO] - Video recording for test case 'Test Cases/Sanity_Test/TC_005_To verify entered Sell property details on Quote Details page' .
[[ATTACHMENT|C:\\Users\\pritig\\Downloads\\WeComplete\\Reports\\20210326_091231\\Sanity Test\\20210326_091231/videos\\test_5.avi]]]]></system-out>
         <system-err><![CDATA[]]></system-err>
      </testcase>
      <testcase name="Test Cases/Sanity_Test/TC_006_To verify entered Buy Property details on Quote Details page" time="4.629" classname="Test Cases/Sanity_Test/TC_006_To verify entered Buy Property details on Quote Details page" status="PASSED">
         <system-out><![CDATA[2021-03-26 09:15:40 - [TEST_CASE][PASSED] - Test Cases/Sanity_Test/TC_006_To verify entered Buy Property details on Quote Details page: Test Cases/Sanity_Test/TC_006_To verify entered Buy Property details on Quote Details page

2021-03-26 09:15:40 - [TEST_STEP][PASSED] - Start listener action : sampleBeforeTestCase: null

2021-03-26 09:15:40 - [TEST_STEP][PASSED] - println(testCaseContext.getTestCaseId()): null

2021-03-26 09:15:40 - [TEST_STEP][PASSED] - println(testCaseContext.getTestCaseVariables()): null

2021-03-26 09:15:40 - [TEST_STEP][PASSED] - com.wecomplete.keywords.TestBase.getText(findTestObject("Quote/Quote_Details_Page/Buy_Property_Section/get_Buy_Currency"), buyCurrency): Verifed actule & expected data

2021-03-26 09:15:41 - [MESSAGE][INFO] - Get actule text

2021-03-26 09:15:41 - [MESSAGE][PASSED] - Verifed actule & expected data

2021-03-26 09:15:41 - [TEST_STEP][PASSED] - com.wecomplete.keywords.TestBase.getText(findTestObject("Quote/Quote_Details_Page/Buy_Property_Section/get_Buy_Price"), buyPropertyPrice): Verifed actule & expected data

2021-03-26 09:15:41 - [MESSAGE][INFO] - Get actule text

2021-03-26 09:15:41 - [MESSAGE][PASSED] - Verifed actule & expected data

2021-03-26 09:15:41 - [TEST_STEP][PASSED] - com.wecomplete.keywords.TestBase.getText(findTestObject("Quote/Quote_Details_Page/Buy_Property_Section/get_Buy_Post_Code"), postCode): Verifed actule & expected data

2021-03-26 09:15:42 - [MESSAGE][INFO] - Get actule text

2021-03-26 09:15:42 - [MESSAGE][PASSED] - Verifed actule & expected data

2021-03-26 09:15:42 - [TEST_STEP][PASSED] - com.wecomplete.keywords.TestBase.getText(findTestObject("Quote/Quote_Details_Page/Buy_Property_Section/get_Buy_Comments"), buyPropertyComments): Verifed actule & expected data

2021-03-26 09:15:43 - [MESSAGE][INFO] - Get actule text

2021-03-26 09:15:43 - [MESSAGE][PASSED] - Verifed actule & expected data

2021-03-26 09:15:43 - [TEST_STEP][PASSED] - Start listener action : sampleAfterTestCase: null

2021-03-26 09:15:43 - [TEST_STEP][PASSED] - println(testCaseContext.getTestCaseId()): null

2021-03-26 09:15:43 - [TEST_STEP][PASSED] - println(testCaseContext.getTestCaseStatus()): null

2021-03-26 09:15:45 - [TEST_STEP][PASSED] - Video: Video recording for test case 'Test Cases/Sanity_Test/TC_006_To verify entered Buy Property details on Quote Details page' .

2021-03-26 09:15:45 - [MESSAGE][INFO] - Video recording for test case 'Test Cases/Sanity_Test/TC_006_To verify entered Buy Property details on Quote Details page' .
[[ATTACHMENT|C:\\Users\\pritig\\Downloads\\WeComplete\\Reports\\20210326_091231\\Sanity Test\\20210326_091231/videos\\test_6.avi]]]]></system-out>
         <system-err><![CDATA[]]></system-err>
      </testcase>
      <testcase name="Test Cases/Sanity_Test/TC_007_To verify entered Personal details on Quote Details page" time="4.592" classname="Test Cases/Sanity_Test/TC_007_To verify entered Personal details on Quote Details page" status="PASSED">
         <system-out><![CDATA[2021-03-26 09:15:45 - [TEST_CASE][PASSED] - Test Cases/Sanity_Test/TC_007_To verify entered Personal details on Quote Details page: Test Cases/Sanity_Test/TC_007_To verify entered Personal details on Quote Details page

2021-03-26 09:15:45 - [TEST_STEP][PASSED] - Start listener action : sampleBeforeTestCase: null

2021-03-26 09:15:45 - [TEST_STEP][PASSED] - println(testCaseContext.getTestCaseId()): null

2021-03-26 09:15:45 - [TEST_STEP][PASSED] - println(testCaseContext.getTestCaseVariables()): null

2021-03-26 09:15:45 - [TEST_STEP][PASSED] - com.wecomplete.keywords.TestBase.getText(findTestObject("Quote/Quote_Details_Page/Personal_Details_Section/header_Personal_Details"), headerPropertyDetails): Verifed actule & expected data

2021-03-26 09:15:45 - [MESSAGE][INFO] - Get actule text

2021-03-26 09:15:45 - [MESSAGE][PASSED] - Verifed actule & expected data

2021-03-26 09:15:45 - [TEST_STEP][PASSED] - com.wecomplete.keywords.TestBase.getText(findTestObject("Quote/Quote_Details_Page/Personal_Details_Section/get_PrimaryFN"), primaryHFN): Verifed actule & expected data

2021-03-26 09:15:46 - [MESSAGE][INFO] - Get actule text

2021-03-26 09:15:46 - [MESSAGE][PASSED] - Verifed actule & expected data

2021-03-26 09:15:46 - [TEST_STEP][PASSED] - com.wecomplete.keywords.TestBase.getText(findTestObject("Quote/Quote_Details_Page/Personal_Details_Section/get_PrimaryMNO"), primaryMNO): Verifed actule & expected data

2021-03-26 09:15:47 - [MESSAGE][INFO] - Get actule text

2021-03-26 09:15:47 - [MESSAGE][PASSED] - Verifed actule & expected data

2021-03-26 09:15:47 - [TEST_STEP][PASSED] - com.wecomplete.keywords.TestBase.getText(findTestObject("Quote/Quote_Details_Page/Personal_Details_Section/get_PrimaryEID"), primaryEID): Verifed actule & expected data

2021-03-26 09:15:47 - [MESSAGE][INFO] - Get actule text

2021-03-26 09:15:47 - [MESSAGE][PASSED] - Verifed actule & expected data

2021-03-26 09:15:47 - [TEST_STEP][PASSED] - Start listener action : sampleAfterTestCase: null

2021-03-26 09:15:47 - [TEST_STEP][PASSED] - println(testCaseContext.getTestCaseId()): null

2021-03-26 09:15:47 - [TEST_STEP][PASSED] - println(testCaseContext.getTestCaseStatus()): null

2021-03-26 09:15:49 - [TEST_STEP][PASSED] - Video: Video recording for test case 'Test Cases/Sanity_Test/TC_007_To verify entered Personal details on Quote Details page' .

2021-03-26 09:15:49 - [MESSAGE][INFO] - Video recording for test case 'Test Cases/Sanity_Test/TC_007_To verify entered Personal details on Quote Details page' .
[[ATTACHMENT|C:\\Users\\pritig\\Downloads\\WeComplete\\Reports\\20210326_091231\\Sanity Test\\20210326_091231/videos\\test_7.avi]]]]></system-out>
         <system-err><![CDATA[]]></system-err>
      </testcase>
      <testcase name="Test Cases/Sanity_Test/TC_008_To verify Selected Corresponding Address on Quote Details page" time="4.388" classname="Test Cases/Sanity_Test/TC_008_To verify Selected Corresponding Address on Quote Details page" status="PASSED">
         <system-out><![CDATA[2021-03-26 09:15:49 - [TEST_CASE][PASSED] - Test Cases/Sanity_Test/TC_008_To verify Selected Corresponding Address on Quote Details page: Test Cases/Sanity_Test/TC_008_To verify Selected Corresponding Address on Quote Details page

2021-03-26 09:15:49 - [TEST_STEP][PASSED] - Start listener action : sampleBeforeTestCase: null

2021-03-26 09:15:49 - [TEST_STEP][PASSED] - println(testCaseContext.getTestCaseId()): null

2021-03-26 09:15:49 - [TEST_STEP][PASSED] - println(testCaseContext.getTestCaseVariables()): null

2021-03-26 09:15:49 - [TEST_STEP][PASSED] - com.wecomplete.keywords.TestBase.getText(findTestObject("Quote/Quote_Details_Page/Corresponding_Address_Section/get_header_Correspondence Address"), headerAddress): Verifed actule & expected data

2021-03-26 09:15:50 - [MESSAGE][INFO] - Get actule text

2021-03-26 09:15:50 - [MESSAGE][PASSED] - Verifed actule & expected data

2021-03-26 09:15:50 - [TEST_STEP][PASSED] - com.wecomplete.keywords.TestBase.getText(findTestObject("Quote/Quote_Details_Page/Corresponding_Address_Section/get_Post_Code"), postCode): Verifed actule & expected data

2021-03-26 09:15:51 - [MESSAGE][INFO] - Get actule text

2021-03-26 09:15:51 - [MESSAGE][PASSED] - Verifed actule & expected data

2021-03-26 09:15:51 - [TEST_STEP][PASSED] - com.wecomplete.keywords.TestBase.getText(findTestObject("Quote/Quote_Details_Page/Corresponding_Address_Section/get_Address"), address): Verifed actule & expected data

2021-03-26 09:15:51 - [MESSAGE][INFO] - Get actule text

2021-03-26 09:15:51 - [MESSAGE][PASSED] - Verifed actule & expected data

2021-03-26 09:15:51 - [TEST_STEP][PASSED] - com.wecomplete.keywords.TestBase.clickUsingJS(findTestObject("Quote/Quote_Details_Page/btn_Get_Quote"), shortTime): Element has been clicked

2021-03-26 09:15:52 - [MESSAGE][INFO] - Clicking element

2021-03-26 09:15:52 - [MESSAGE][PASSED] - Element has been clicked

2021-03-26 09:15:52 - [TEST_STEP][PASSED] - Start listener action : sampleAfterTestCase: null

2021-03-26 09:15:52 - [TEST_STEP][PASSED] - println(testCaseContext.getTestCaseId()): null

2021-03-26 09:15:52 - [TEST_STEP][PASSED] - println(testCaseContext.getTestCaseStatus()): null

2021-03-26 09:15:54 - [TEST_STEP][PASSED] - Video: Video recording for test case 'Test Cases/Sanity_Test/TC_008_To verify Selected Corresponding Address on Quote Details page' .

2021-03-26 09:15:54 - [MESSAGE][INFO] - Video recording for test case 'Test Cases/Sanity_Test/TC_008_To verify Selected Corresponding Address on Quote Details page' .
[[ATTACHMENT|C:\\Users\\pritig\\Downloads\\WeComplete\\Reports\\20210326_091231\\Sanity Test\\20210326_091231/videos\\test_8.avi]]]]></system-out>
         <system-err><![CDATA[]]></system-err>
      </testcase>
      <testcase name="Test Cases/Sanity_Test/TC_009_To verify that user can view Property section on left side" time="9.027" classname="Test Cases/Sanity_Test/TC_009_To verify that user can view Property section on left side" status="PASSED">
         <system-out><![CDATA[2021-03-26 09:15:54 - [TEST_CASE][PASSED] - Test Cases/Sanity_Test/TC_009_To verify that user can view Property section on left side: Test Cases/Sanity_Test/TC_009_To verify that user can view Property section on left side

2021-03-26 09:15:54 - [TEST_STEP][PASSED] - Start listener action : sampleBeforeTestCase: null

2021-03-26 09:15:54 - [TEST_STEP][PASSED] - println(testCaseContext.getTestCaseId()): null

2021-03-26 09:15:54 - [TEST_STEP][PASSED] - println(testCaseContext.getTestCaseVariables()): null

2021-03-26 09:15:54 - [TEST_STEP][PASSED] - com.wecomplete.keywords.TestBase.isElementPresent(findTestObject("Object Repository/Quote/PriceCompare_Page/header_Pricecompare_Page"), shortTime): Element has been present

2021-03-26 09:15:54 - [MESSAGE][PASSED] - Element has been present

2021-03-26 09:15:54 - [TEST_STEP][PASSED] - if (com.wecomplete.keywords.TestBase.isElementPresent(findTestObject("Object Repository/Quote/PriceCompare_Page/Property_Section/header_Property Details"), shortTime) == true): null

2021-03-26 09:15:55 - [MESSAGE][PASSED] - Element has been present

2021-03-26 09:15:55 - [TEST_STEP][PASSED] - com.wecomplete.keywords.TestBase.getText(findTestObject("Object Repository/Quote/PriceCompare_Page/Property_Section/header_Property Details"), heradrPropertyDetails): Verifed actule & expected data

2021-03-26 09:15:56 - [MESSAGE][INFO] - Get actule text

2021-03-26 09:15:56 - [MESSAGE][PASSED] - Verifed actule & expected data

2021-03-26 09:15:56 - [TEST_STEP][PASSED] - com.wecomplete.keywords.TestBase.getText(findTestObject("Quote/PriceCompare_Page/Property_Section/gettext_Sell_Price_Of_Property"), sellPricetext): Verifed actule & expected data

2021-03-26 09:15:56 - [MESSAGE][INFO] - Get actule text

2021-03-26 09:15:56 - [MESSAGE][PASSED] - Verifed actule & expected data

2021-03-26 09:15:56 - [TEST_STEP][PASSED] - com.wecomplete.keywords.TestBase.getText(findTestObject("Quote/PriceCompare_Page/Property_Section/get_SellBuy_Price"), sellPrice): Verifed actule & expected data

2021-03-26 09:15:57 - [MESSAGE][INFO] - Get actule text

2021-03-26 09:15:57 - [MESSAGE][PASSED] - Verifed actule & expected data

2021-03-26 09:15:57 - [TEST_STEP][PASSED] - com.wecomplete.keywords.TestBase.clickUsingJS(findTestObject("Quote/PriceCompare_Page/Property_Section/btn_Show more"), shortTime): Element has been clicked

2021-03-26 09:15:57 - [MESSAGE][INFO] - Clicking element

2021-03-26 09:15:57 - [MESSAGE][PASSED] - Element has been clicked

2021-03-26 09:15:57 - [TEST_STEP][PASSED] - com.wecomplete.keywords.TestBase.getText(findTestObject("Object Repository/Quote/PriceCompare_Page/Property_Section/get_Sell_Comments"), sellComments): Verifed actule & expected data

2021-03-26 09:15:58 - [MESSAGE][INFO] - Get actule text

2021-03-26 09:15:58 - [MESSAGE][PASSED] - Verifed actule & expected data

2021-03-26 09:15:58 - [TEST_STEP][PASSED] - com.wecomplete.keywords.TestBase.clickUsingJS(findTestObject("Quote/PriceCompare_Page/Property_Section/toggle_Buy"), shortTime): Element has been clicked

2021-03-26 09:15:58 - [MESSAGE][INFO] - Clicking element

2021-03-26 09:15:58 - [MESSAGE][PASSED] - Element has been clicked

2021-03-26 09:15:58 - [TEST_STEP][PASSED] - com.wecomplete.keywords.TestBase.getText(findTestObject("Object Repository/Quote/PriceCompare_Page/Property_Section/getText_Buy_Price_Of_Property"), buyPricetext): Verifed actule & expected data

2021-03-26 09:15:59 - [MESSAGE][INFO] - Get actule text

2021-03-26 09:15:59 - [MESSAGE][PASSED] - Verifed actule & expected data

2021-03-26 09:15:59 - [TEST_STEP][PASSED] - com.wecomplete.keywords.TestBase.getText(findTestObject("Quote/PriceCompare_Page/Property_Section/get_SellBuy_Price"), buyPrice): Verifed actule & expected data

2021-03-26 09:16:00 - [MESSAGE][INFO] - Get actule text

2021-03-26 09:16:00 - [MESSAGE][PASSED] - Verifed actule & expected data

2021-03-26 09:16:00 - [TEST_STEP][PASSED] - com.wecomplete.keywords.TestBase.clickUsingJS(findTestObject("Quote/PriceCompare_Page/Property_Section/btn_Show more"), shortTime): Element has been clicked

2021-03-26 09:16:00 - [MESSAGE][INFO] - Clicking element

2021-03-26 09:16:00 - [MESSAGE][PASSED] - Element has been clicked

2021-03-26 09:16:00 - [TEST_STEP][PASSED] - com.wecomplete.keywords.TestBase.getText(findTestObject("Object Repository/Quote/PriceCompare_Page/Property_Section/get_Buy_Comments"), buyComments): Verifed actule & expected data

2021-03-26 09:16:01 - [MESSAGE][INFO] - Get actule text

2021-03-26 09:16:01 - [MESSAGE][PASSED] - Verifed actule & expected data

2021-03-26 09:16:01 - [TEST_STEP][PASSED] - Start listener action : sampleAfterTestCase: null

2021-03-26 09:16:01 - [TEST_STEP][PASSED] - println(testCaseContext.getTestCaseId()): null

2021-03-26 09:16:01 - [TEST_STEP][PASSED] - println(testCaseContext.getTestCaseStatus()): null

2021-03-26 09:16:03 - [TEST_STEP][PASSED] - Video: Video recording for test case 'Test Cases/Sanity_Test/TC_009_To verify that user can view Property section on left side' .

2021-03-26 09:16:03 - [MESSAGE][INFO] - Video recording for test case 'Test Cases/Sanity_Test/TC_009_To verify that user can view Property section on left side' .
[[ATTACHMENT|C:\\Users\\pritig\\Downloads\\WeComplete\\Reports\\20210326_091231\\Sanity Test\\20210326_091231/videos\\test_9.avi]]]]></system-out>
         <system-err><![CDATA[]]></system-err>
      </testcase>
      <testcase name="Test Cases/Sanity_Test/TC_010_Verify that user can edit sell property details" time="15.192" classname="Test Cases/Sanity_Test/TC_010_Verify that user can edit sell property details" status="PASSED">
         <system-out><![CDATA[2021-03-26 09:16:03 - [TEST_CASE][PASSED] - Test Cases/Sanity_Test/TC_010_Verify that user can edit sell property details: Test Cases/Sanity_Test/TC_010_Verify that user can edit sell property details

2021-03-26 09:16:03 - [TEST_STEP][PASSED] - Start listener action : sampleBeforeTestCase: null

2021-03-26 09:16:03 - [TEST_STEP][PASSED] - println(testCaseContext.getTestCaseId()): null

2021-03-26 09:16:03 - [TEST_STEP][PASSED] - println(testCaseContext.getTestCaseVariables()): null

2021-03-26 09:16:03 - [TEST_STEP][PASSED] - com.wecomplete.keywords.TestBase.clickUsingJS(findTestObject("Quote/PriceCompare_Page/Property_Section/toggle_Sell"), shortTime): Element has been clicked

2021-03-26 09:16:03 - [MESSAGE][INFO] - Clicking element

2021-03-26 09:16:03 - [MESSAGE][PASSED] - Element has been clicked

2021-03-26 09:16:03 - [TEST_STEP][PASSED] - com.wecomplete.keywords.TestBase.clickUsingJS(findTestObject("Quote/PriceCompare_Page/Property_Section/btn_Edit the info"), shortTime): Element has been clicked

2021-03-26 09:16:04 - [MESSAGE][INFO] - Clicking element

2021-03-26 09:16:04 - [MESSAGE][PASSED] - Element has been clicked

2021-03-26 09:16:04 - [TEST_STEP][PASSED] - if (com.wecomplete.keywords.TestBase.isElementPresent(findTestObject("Object Repository/Quote/PriceCompare_Page/Property_Section/header_Sell and Buy pop up"), shortTime) == true): null

2021-03-26 09:16:05 - [MESSAGE][PASSED] - Element has been present

2021-03-26 09:16:05 - [TEST_STEP][PASSED] - com.wecomplete.keywords.TestBase.isElementPresent(findTestObject("Object Repository/Quote/PriceCompare_Page/Property_Section/header_ Selling Property Details"), shortTime): Element has been present

2021-03-26 09:16:06 - [MESSAGE][PASSED] - Element has been present

2021-03-26 09:16:06 - [TEST_STEP][PASSED] - com.wecomplete.keywords.TestBase.sendkeyElement(findTestObject("Object Repository/Quote/Selling_Property_Details_Page/input_Price_Of_Property"), editSellPrice): Sendkey value has been send

2021-03-26 09:16:10 - [MESSAGE][PASSED] - Element has been cleared

2021-03-26 09:16:13 - [MESSAGE][PASSED] - Sendkey value has been send

2021-03-26 09:16:13 - [TEST_STEP][PASSED] - com.wecomplete.keywords.TestBase.clickUsingJS(findTestObject("Object Repository/Quote/PriceCompare_Page/Property_Section/btn_Update Quote"), shortTime): Element has been clicked

2021-03-26 09:16:13 - [MESSAGE][INFO] - Clicking element

2021-03-26 09:16:13 - [MESSAGE][PASSED] - Element has been clicked

2021-03-26 09:16:13 - [TEST_STEP][PASSED] - com.wecomplete.keywords.TestBase.getText(findTestObject("Object Repository/Quote/PriceCompare_Page/Property_Section/get_SellBuy_Price"), editSellPrice): Verifed actule & expected data

2021-03-26 09:16:16 - [MESSAGE][INFO] - Get actule text

2021-03-26 09:16:16 - [MESSAGE][PASSED] - Verifed actule & expected data

2021-03-26 09:16:16 - [TEST_STEP][PASSED] - Start listener action : sampleAfterTestCase: null

2021-03-26 09:16:16 - [TEST_STEP][PASSED] - println(testCaseContext.getTestCaseId()): null

2021-03-26 09:16:16 - [TEST_STEP][PASSED] - println(testCaseContext.getTestCaseStatus()): null

2021-03-26 09:16:18 - [TEST_STEP][PASSED] - Video: Video recording for test case 'Test Cases/Sanity_Test/TC_010_Verify that user can edit sell property details' .

2021-03-26 09:16:18 - [MESSAGE][INFO] - Video recording for test case 'Test Cases/Sanity_Test/TC_010_Verify that user can edit sell property details' .
[[ATTACHMENT|C:\\Users\\pritig\\Downloads\\WeComplete\\Reports\\20210326_091231\\Sanity Test\\20210326_091231/videos\\test_10.avi]]]]></system-out>
         <system-err><![CDATA[]]></system-err>
      </testcase>
      <testcase name="Test Cases/Sanity_Test/TC_011_Verify that user can edit Buy property details" time="15.552" classname="Test Cases/Sanity_Test/TC_011_Verify that user can edit Buy property details" status="PASSED">
         <system-out><![CDATA[2021-03-26 09:16:18 - [TEST_CASE][PASSED] - Test Cases/Sanity_Test/TC_011_Verify that user can edit Buy property details: Test Cases/Sanity_Test/TC_011_Verify that user can edit Buy property details

2021-03-26 09:16:18 - [TEST_STEP][PASSED] - Start listener action : sampleBeforeTestCase: null

2021-03-26 09:16:18 - [TEST_STEP][PASSED] - println(testCaseContext.getTestCaseId()): null

2021-03-26 09:16:18 - [TEST_STEP][PASSED] - println(testCaseContext.getTestCaseVariables()): null

2021-03-26 09:16:18 - [TEST_STEP][PASSED] - com.wecomplete.keywords.TestBase.clickUsingJS(findTestObject("Object Repository/Quote/PriceCompare_Page/Property_Section/toggle_Buy"), shortTime): Element has been clicked

2021-03-26 09:16:18 - [MESSAGE][INFO] - Clicking element

2021-03-26 09:16:18 - [MESSAGE][PASSED] - Element has been clicked

2021-03-26 09:16:18 - [TEST_STEP][PASSED] - com.wecomplete.keywords.TestBase.clickUsingJS(findTestObject("Quote/PriceCompare_Page/Property_Section/btn_Edit the info"), shortTime): Element has been clicked

2021-03-26 09:16:19 - [MESSAGE][INFO] - Clicking element

2021-03-26 09:16:19 - [MESSAGE][PASSED] - Element has been clicked

2021-03-26 09:16:19 - [TEST_STEP][PASSED] - if (com.wecomplete.keywords.TestBase.isElementPresent(findTestObject("Object Repository/Quote/PriceCompare_Page/Property_Section/header_Sell and Buy pop up"), shortTime) == true): null

2021-03-26 09:16:20 - [MESSAGE][PASSED] - Element has been present

2021-03-26 09:16:20 - [TEST_STEP][PASSED] - com.wecomplete.keywords.TestBase.isElementPresent(findTestObject("Object Repository/Quote/PriceCompare_Page/Property_Section/header_ Buying Property Details"), shortTime): Element has been present

2021-03-26 09:16:21 - [MESSAGE][PASSED] - Element has been present

2021-03-26 09:16:21 - [TEST_STEP][PASSED] - com.wecomplete.keywords.TestBase.sendkeyElement(findTestObject("Object Repository/Quote/Selling_Property_Details_Page/input_Price_Of_Property"), editBuyPrice): Sendkey value has been send

2021-03-26 09:16:24 - [MESSAGE][PASSED] - Element has been cleared

2021-03-26 09:16:27 - [MESSAGE][PASSED] - Sendkey value has been send

2021-03-26 09:16:27 - [TEST_STEP][PASSED] - com.wecomplete.keywords.TestBase.clickUsingJS(findTestObject("Object Repository/Quote/PriceCompare_Page/Property_Section/btn_Update Quote"), shortTime): Element has been clicked

2021-03-26 09:16:28 - [MESSAGE][INFO] - Clicking element

2021-03-26 09:16:28 - [MESSAGE][PASSED] - Element has been clicked

2021-03-26 09:16:28 - [TEST_STEP][PASSED] - com.wecomplete.keywords.TestBase.clickUsingJS(findTestObject("Object Repository/Quote/PriceCompare_Page/Property_Section/toggle_Buy"), shortTime): Element has been clicked

2021-03-26 09:16:30 - [MESSAGE][INFO] - Clicking element

2021-03-26 09:16:30 - [MESSAGE][PASSED] - Element has been clicked

2021-03-26 09:16:30 - [TEST_STEP][PASSED] - com.wecomplete.keywords.TestBase.getText(findTestObject("Object Repository/Quote/PriceCompare_Page/Property_Section/get_SellBuy_Price"), editBuyPrice): Verifed actule & expected data

2021-03-26 09:16:32 - [MESSAGE][INFO] - Get actule text

2021-03-26 09:16:32 - [MESSAGE][PASSED] - Verifed actule & expected data

2021-03-26 09:16:32 - [TEST_STEP][PASSED] - Start listener action : sampleAfterTestCase: null

2021-03-26 09:16:32 - [TEST_STEP][PASSED] - println(testCaseContext.getTestCaseId()): null

2021-03-26 09:16:32 - [TEST_STEP][PASSED] - println(testCaseContext.getTestCaseStatus()): null

2021-03-26 09:16:34 - [TEST_STEP][PASSED] - Video: Video recording for test case 'Test Cases/Sanity_Test/TC_011_Verify that user can edit Buy property details' .

2021-03-26 09:16:34 - [MESSAGE][INFO] - Video recording for test case 'Test Cases/Sanity_Test/TC_011_Verify that user can edit Buy property details' .
[[ATTACHMENT|C:\\Users\\pritig\\Downloads\\WeComplete\\Reports\\20210326_091231\\Sanity Test\\20210326_091231/videos\\test_11.avi]]]]></system-out>
         <system-err><![CDATA[]]></system-err>
      </testcase>
      <testcase name="Test Cases/Sanity_Test/TC_012_Verify that user can view Sell Fee structure" time="9.918" classname="Test Cases/Sanity_Test/TC_012_Verify that user can view Sell Fee structure" status="PASSED">
         <system-out><![CDATA[2021-03-26 09:16:34 - [TEST_CASE][PASSED] - Test Cases/Sanity_Test/TC_012_Verify that user can view Sell Fee structure: Test Cases/Sanity_Test/TC_012_Verify that user can view Sell Fee structure

2021-03-26 09:16:34 - [TEST_STEP][PASSED] - Start listener action : sampleBeforeTestCase: null

2021-03-26 09:16:34 - [TEST_STEP][PASSED] - println(testCaseContext.getTestCaseId()): null

2021-03-26 09:16:34 - [TEST_STEP][PASSED] - println(testCaseContext.getTestCaseVariables()): null

2021-03-26 09:16:34 - [TEST_STEP][PASSED] - if (com.wecomplete.keywords.TestBase.isElementPresent(findTestObject("Object Repository/Quote/PriceCompare_Page/text_Total Fees"), shortTime) == true): null

2021-03-26 09:16:34 - [MESSAGE][PASSED] - Element has been present

2021-03-26 09:16:34 - [TEST_STEP][PASSED] - com.wecomplete.keywords.TestBase.clickUsingJS(findTestObject("Object Repository/Quote/PriceCompare_Page/View_Details"), shortTime): Element has been clicked

2021-03-26 09:16:35 - [MESSAGE][INFO] - Clicking element

2021-03-26 09:16:35 - [MESSAGE][PASSED] - Element has been clicked

2021-03-26 09:16:35 - [TEST_STEP][PASSED] - com.wecomplete.keywords.TestBase.isElementPresent(findTestObject("Object Repository/Quote/PriceCompare_Page/Sell_Buy_Fees_On_Table"), shortTime): Element has been present

2021-03-26 09:16:35 - [MESSAGE][PASSED] - Element has been present

2021-03-26 09:16:35 - [TEST_STEP][PASSED] - com.wecomplete.keywords.TestBase.clickUsingJS(findTestObject("Quote/PriceCompare_Page/Fees_Table/Buy_Fee_toggle_on_Table"), shortTime): Element has been clicked

2021-03-26 09:16:36 - [MESSAGE][INFO] - Clicking element

2021-03-26 09:16:36 - [MESSAGE][PASSED] - Element has been clicked

2021-03-26 09:16:36 - [TEST_STEP][PASSED] - com.wecomplete.keywords.TestBase.isElementPresent(findTestObject("Object Repository/Quote/PriceCompare_Page/Sell_Buy_Fees_On_Table"), shortTime): Element has been present

2021-03-26 09:16:36 - [MESSAGE][PASSED] - Element has been present

2021-03-26 09:16:36 - [TEST_STEP][PASSED] - com.wecomplete.keywords.TestBase.clickUsingJS(findTestObject("Quote/PriceCompare_Page/Fees_Table/Sell_Fee_toggle_on_Table"), shortTime): Element has been clicked

2021-03-26 09:16:37 - [MESSAGE][INFO] - Clicking element

2021-03-26 09:16:37 - [MESSAGE][PASSED] - Element has been clicked

2021-03-26 09:16:37 - [TEST_STEP][PASSED] - com.wecomplete.keywords.TestBase.getText(findTestObject("Quote/PriceCompare_Page/Fees_Table/Column_Professional Fees"), professionalFees): Verifed actule & expected data

2021-03-26 09:16:38 - [MESSAGE][INFO] - Get actule text

2021-03-26 09:16:38 - [MESSAGE][PASSED] - Verifed actule & expected data

2021-03-26 09:16:38 - [TEST_STEP][PASSED] - com.wecomplete.keywords.TestBase.getText(findTestObject("Quote/PriceCompare_Page/Fees_Table/column_NET"), net): Verifed actule & expected data

2021-03-26 09:16:38 - [MESSAGE][INFO] - Get actule text

2021-03-26 09:16:38 - [MESSAGE][PASSED] - Verifed actule & expected data

2021-03-26 09:16:38 - [TEST_STEP][PASSED] - com.wecomplete.keywords.TestBase.getText(findTestObject("Quote/PriceCompare_Page/Fees_Table/column_VAT"), vat): Verifed actule & expected data

2021-03-26 09:16:39 - [MESSAGE][INFO] - Get actule text

2021-03-26 09:16:39 - [MESSAGE][PASSED] - Verifed actule & expected data

2021-03-26 09:16:39 - [TEST_STEP][PASSED] - com.wecomplete.keywords.TestBase.getText(findTestObject("Quote/PriceCompare_Page/Fees_Table/column_GROSS"), gross): Verifed actule & expected data

2021-03-26 09:16:40 - [MESSAGE][INFO] - Get actule text

2021-03-26 09:16:40 - [MESSAGE][PASSED] - Verifed actule & expected data

2021-03-26 09:16:40 - [TEST_STEP][PASSED] - com.wecomplete.keywords.TestBase.getText(findTestObject("Quote/PriceCompare_Page/Fees_Table/column_Third Party Disbursements"), thirdPartyDisbursements): Verifed actule & expected data

2021-03-26 09:16:40 - [MESSAGE][INFO] - Get actule text

2021-03-26 09:16:40 - [MESSAGE][PASSED] - Verifed actule & expected data

2021-03-26 09:16:40 - [TEST_STEP][PASSED] - com.wecomplete.keywords.TestBase.getText(findTestObject("Quote/PriceCompare_Page/Fees_Table/column_Selling Total"), sellingTotal): Verifed actule & expected data

2021-03-26 09:16:41 - [MESSAGE][INFO] - Get actule text

2021-03-26 09:16:41 - [MESSAGE][PASSED] - Verifed actule & expected data

2021-03-26 09:16:41 - [TEST_STEP][PASSED] - com.wecomplete.keywords.TestBase.getText(findTestObject("Quote/PriceCompare_Page/Fees_Table/column_Selling Buying Total"), sellbuyTotal): Verifed actule & expected data

2021-03-26 09:16:41 - [MESSAGE][INFO] - Get actule text

2021-03-26 09:16:41 - [MESSAGE][PASSED] - Verifed actule & expected data

2021-03-26 09:16:41 - [TEST_STEP][PASSED] - Start listener action : sampleAfterTestCase: null

2021-03-26 09:16:41 - [TEST_STEP][PASSED] - println(testCaseContext.getTestCaseId()): null

2021-03-26 09:16:41 - [TEST_STEP][PASSED] - println(testCaseContext.getTestCaseStatus()): null

2021-03-26 09:16:44 - [TEST_STEP][PASSED] - Video: Video recording for test case 'Test Cases/Sanity_Test/TC_012_Verify that user can view Sell Fee structure' .

2021-03-26 09:16:44 - [MESSAGE][INFO] - Video recording for test case 'Test Cases/Sanity_Test/TC_012_Verify that user can view Sell Fee structure' .
[[ATTACHMENT|C:\\Users\\pritig\\Downloads\\WeComplete\\Reports\\20210326_091231\\Sanity Test\\20210326_091231/videos\\test_12.avi]]]]></system-out>
         <system-err><![CDATA[]]></system-err>
      </testcase>
      <testcase name="Test Cases/Sanity_Test/TC_013_Verify that user can view BuyFee structure" time="7.469" classname="Test Cases/Sanity_Test/TC_013_Verify that user can view BuyFee structure" status="PASSED">
         <system-out><![CDATA[2021-03-26 09:16:44 - [TEST_CASE][PASSED] - Test Cases/Sanity_Test/TC_013_Verify that user can view BuyFee structure: Test Cases/Sanity_Test/TC_013_Verify that user can view BuyFee structure

2021-03-26 09:16:44 - [TEST_STEP][PASSED] - Start listener action : sampleBeforeTestCase: null

2021-03-26 09:16:44 - [TEST_STEP][PASSED] - println(testCaseContext.getTestCaseId()): null

2021-03-26 09:16:44 - [TEST_STEP][PASSED] - println(testCaseContext.getTestCaseVariables()): null

2021-03-26 09:16:44 - [TEST_STEP][PASSED] - com.wecomplete.keywords.TestBase.clickUsingJS(findTestObject("Quote/PriceCompare_Page/Fees_Table/Buy_Fee_toggle_on_Table"), shortTime): Element has been clicked

2021-03-26 09:16:44 - [MESSAGE][INFO] - Clicking element

2021-03-26 09:16:44 - [MESSAGE][PASSED] - Element has been clicked

2021-03-26 09:16:44 - [TEST_STEP][PASSED] - com.wecomplete.keywords.TestBase.isElementPresent(findTestObject("Object Repository/Quote/PriceCompare_Page/Sell_Buy_Fees_On_Table"), shortTime): Element has been present

2021-03-26 09:16:45 - [MESSAGE][PASSED] - Element has been present

2021-03-26 09:16:45 - [TEST_STEP][PASSED] - com.wecomplete.keywords.TestBase.getText(findTestObject("Quote/PriceCompare_Page/Fees_Table/Column_Professional Fees"), professionalFees): Verifed actule & expected data

2021-03-26 09:16:45 - [MESSAGE][INFO] - Get actule text

2021-03-26 09:16:45 - [MESSAGE][PASSED] - Verifed actule & expected data

2021-03-26 09:16:45 - [TEST_STEP][PASSED] - com.wecomplete.keywords.TestBase.getText(findTestObject("Quote/PriceCompare_Page/Fees_Table/column_NET"), net): Verifed actule & expected data

2021-03-26 09:16:46 - [MESSAGE][INFO] - Get actule text

2021-03-26 09:16:46 - [MESSAGE][PASSED] - Verifed actule & expected data

2021-03-26 09:16:46 - [TEST_STEP][PASSED] - com.wecomplete.keywords.TestBase.getText(findTestObject("Quote/PriceCompare_Page/Fees_Table/column_VAT"), vat): Verifed actule & expected data

2021-03-26 09:16:47 - [MESSAGE][INFO] - Get actule text

2021-03-26 09:16:47 - [MESSAGE][PASSED] - Verifed actule & expected data

2021-03-26 09:16:47 - [TEST_STEP][PASSED] - com.wecomplete.keywords.TestBase.getText(findTestObject("Quote/PriceCompare_Page/Fees_Table/column_GROSS"), gross): Verifed actule & expected data

2021-03-26 09:16:47 - [MESSAGE][INFO] - Get actule text

2021-03-26 09:16:47 - [MESSAGE][PASSED] - Verifed actule & expected data

2021-03-26 09:16:47 - [TEST_STEP][PASSED] - com.wecomplete.keywords.TestBase.getText(findTestObject("Quote/PriceCompare_Page/Fees_Table/column_Third Party Disbursements"), thirdPartyDisbursements): Verifed actule & expected data

2021-03-26 09:16:48 - [MESSAGE][INFO] - Get actule text

2021-03-26 09:16:48 - [MESSAGE][PASSED] - Verifed actule & expected data

2021-03-26 09:16:48 - [TEST_STEP][PASSED] - com.wecomplete.keywords.TestBase.getText(findTestObject("Quote/PriceCompare_Page/Fees_Table/column_Stamp duty"), stampDuty): Verifed actule & expected data

2021-03-26 09:16:49 - [MESSAGE][INFO] - Get actule text

2021-03-26 09:16:49 - [MESSAGE][PASSED] - Verifed actule & expected data

2021-03-26 09:16:49 - [TEST_STEP][PASSED] - com.wecomplete.keywords.TestBase.clickUsingJS(findTestObject("Quote/PriceCompare_Page/Fees_Table/btn_Close Icon"), shortTime): Element has been clicked

2021-03-26 09:16:49 - [MESSAGE][INFO] - Clicking element

2021-03-26 09:16:49 - [MESSAGE][PASSED] - Element has been clicked

2021-03-26 09:16:49 - [TEST_STEP][PASSED] - Start listener action : sampleAfterTestCase: null

2021-03-26 09:16:49 - [TEST_STEP][PASSED] - println(testCaseContext.getTestCaseId()): null

2021-03-26 09:16:49 - [TEST_STEP][PASSED] - println(testCaseContext.getTestCaseStatus()): null

2021-03-26 09:16:51 - [TEST_STEP][PASSED] - Video: Video recording for test case 'Test Cases/Sanity_Test/TC_013_Verify that user can view BuyFee structure' .

2021-03-26 09:16:51 - [MESSAGE][INFO] - Video recording for test case 'Test Cases/Sanity_Test/TC_013_Verify that user can view BuyFee structure' .
[[ATTACHMENT|C:\\Users\\pritig\\Downloads\\WeComplete\\Reports\\20210326_091231\\Sanity Test\\20210326_091231/videos\\test_13.avi]]]]></system-out>
         <system-err><![CDATA[]]></system-err>
      </testcase>
      <testcase name="Test Cases/Sanity_Test/TC_014_Verify that email quote functionality" time="58.87" classname="Test Cases/Sanity_Test/TC_014_Verify that email quote functionality" status="ERROR">
         <error type="ERROR" message="Test Cases/Sanity_Test/TC_014_Verify that email quote functionality FAILED.
Reason:
org.codehaus.groovy.runtime.InvokerInvocationException: java.lang.AssertionError: Web element with id: 'Object Repository/Quote/Email_Quote_Page/get_Email_sent_successfully' located by 'By.xpath: //*[@class='instruct-status-container']//span[contains(text(),'Email sent successfully')]' not found
	at com.wecomplete.keywords.TestBase.invokeMethod(TestBase.groovy)
	at com.kms.katalon.core.main.CustomKeywordDelegatingMetaClass.invokeStaticMethod(CustomKeywordDelegatingMetaClass.java:50)
	at TC_014_Verify that email quote functionality.run(TC_014_Verify that email quote functionality:31)
	at com.kms.katalon.core.main.ScriptEngine.run(ScriptEngine.java:194)
	at com.kms.katalon.core.main.ScriptEngine.runScriptAsRawText(ScriptEngine.java:119)
	at com.kms.katalon.core.main.TestCaseExecutor.runScript(TestCaseExecutor.java:337)
	at com.kms.katalon.core.main.TestCaseExecutor.doExecute(TestCaseExecutor.java:328)
	at com.kms.katalon.core.main.TestCaseExecutor.processExecutionPhase(TestCaseExecutor.java:307)
	at com.kms.katalon.core.main.TestCaseExecutor.accessMainPhase(TestCaseExecutor.java:299)
	at com.kms.katalon.core.main.TestCaseExecutor.execute(TestCaseExecutor.java:233)
	at com.kms.katalon.core.main.TestSuiteExecutor.accessTestCaseMainPhase(TestSuiteExecutor.java:169)
	at com.kms.katalon.core.main.TestSuiteExecutor.accessTestSuiteMainPhase(TestSuiteExecutor.java:142)
	at com.kms.katalon.core.main.TestSuiteExecutor.execute(TestSuiteExecutor.java:91)
	at com.kms.katalon.core.main.TestCaseMain.startTestSuite(TestCaseMain.java:157)
	at com.kms.katalon.core.main.TestCaseMain$startTestSuite$0.call(Unknown Source)
	at TempTestSuite1616730151766.run(TempTestSuite1616730151766.groovy:36)
Caused by: java.lang.AssertionError: Web element with id: 'Object Repository/Quote/Email_Quote_Page/get_Email_sent_successfully' located by 'By.xpath: //*[@class='instruct-status-container']//span[contains(text(),'Email sent successfully')]' not found
	at org.testng.Assert.fail(Assert.java:93)
	at org.testng.Assert$fail$0.call(Unknown Source)
	at com.wecomplete.keywords.TestBase.getText(TestBase.groovy:168)
	... 16 more
"/>
         <system-out><![CDATA[2021-03-26 09:16:51 - [TEST_CASE][ERROR] - Test Cases/Sanity_Test/TC_014_Verify that email quote functionality: Test Cases/Sanity_Test/TC_014_Verify that email quote functionality FAILED.
Reason:
org.codehaus.groovy.runtime.InvokerInvocationException: java.lang.AssertionError: Web element with id: 'Object Repository/Quote/Email_Quote_Page/get_Email_sent_successfully' located by 'By.xpath: //*[@class='instruct-status-container']//span[contains(text(),'Email sent successfully')]' not found
	at com.wecomplete.keywords.TestBase.invokeMethod(TestBase.groovy)
	at com.kms.katalon.core.main.CustomKeywordDelegatingMetaClass.invokeStaticMethod(CustomKeywordDelegatingMetaClass.java:50)
	at TC_014_Verify that email quote functionality.run(TC_014_Verify that email quote functionality:31)
	at com.kms.katalon.core.main.ScriptEngine.run(ScriptEngine.java:194)
	at com.kms.katalon.core.main.ScriptEngine.runScriptAsRawText(ScriptEngine.java:119)
	at com.kms.katalon.core.main.TestCaseExecutor.runScript(TestCaseExecutor.java:337)
	at com.kms.katalon.core.main.TestCaseExecutor.doExecute(TestCaseExecutor.java:328)
	at com.kms.katalon.core.main.TestCaseExecutor.processExecutionPhase(TestCaseExecutor.java:307)
	at com.kms.katalon.core.main.TestCaseExecutor.accessMainPhase(TestCaseExecutor.java:299)
	at com.kms.katalon.core.main.TestCaseExecutor.execute(TestCaseExecutor.java:233)
	at com.kms.katalon.core.main.TestSuiteExecutor.accessTestCaseMainPhase(TestSuiteExecutor.java:169)
	at com.kms.katalon.core.main.TestSuiteExecutor.accessTestSuiteMainPhase(TestSuiteExecutor.java:142)
	at com.kms.katalon.core.main.TestSuiteExecutor.execute(TestSuiteExecutor.java:91)
	at com.kms.katalon.core.main.TestCaseMain.startTestSuite(TestCaseMain.java:157)
	at com.kms.katalon.core.main.TestCaseMain$startTestSuite$0.call(Unknown Source)
	at TempTestSuite1616730151766.run(TempTestSuite1616730151766.groovy:36)
Caused by: java.lang.AssertionError: Web element with id: 'Object Repository/Quote/Email_Quote_Page/get_Email_sent_successfully' located by 'By.xpath: //*[@class='instruct-status-container']//span[contains(text(),'Email sent successfully')]' not found
	at org.testng.Assert.fail(Assert.java:93)
	at org.testng.Assert$fail$0.call(Unknown Source)
	at com.wecomplete.keywords.TestBase.getText(TestBase.groovy:168)
	... 16 more


2021-03-26 09:16:51 - [TEST_STEP][PASSED] - Start listener action : sampleBeforeTestCase: null

2021-03-26 09:16:51 - [TEST_STEP][PASSED] - println(testCaseContext.getTestCaseId()): null

2021-03-26 09:16:51 - [TEST_STEP][PASSED] - println(testCaseContext.getTestCaseVariables()): null

2021-03-26 09:16:51 - [TEST_STEP][PASSED] - if (com.wecomplete.keywords.TestBase.isElementPresent(findTestObject("Object Repository/Quote/PriceCompare_Page/btn_Email Quote"), shortTime) == true): null

2021-03-26 09:16:52 - [MESSAGE][PASSED] - Element has been present

2021-03-26 09:16:52 - [TEST_STEP][PASSED] - com.wecomplete.keywords.TestBase.clickUsingJS(findTestObject("Quote/PriceCompare_Page/btn_Email Quote"), shortTime): Element has been clicked

2021-03-26 09:16:52 - [MESSAGE][INFO] - Clicking element

2021-03-26 09:16:52 - [MESSAGE][PASSED] - Element has been clicked

2021-03-26 09:16:52 - [TEST_STEP][PASSED] - com.wecomplete.keywords.TestBase.isElementPresent(findTestObject("Quote/Email_Quote_Page/Header_Email_Quote"), shortTime): Element has been present

2021-03-26 09:17:05 - [MESSAGE][PASSED] - Element has been present

2021-03-26 09:17:05 - [TEST_STEP][FAILED] - com.wecomplete.keywords.TestBase.getText(findTestObject("Quote/Email_Quote_Page/get_Email_sent_successfully"), emailsentMSG): java.lang.AssertionError: Web element with id: 'Object Repository/Quote/Email_Quote_Page/get_Email_sent_successfully' located by 'By.xpath: //*[@class='instruct-status-container']//span[contains(text(),'Email sent successfully')]' not found

2021-03-26 09:17:48 - [MESSAGE][INFO] - Unable to find the element located by 'By.xpath: //*[@class='instruct-status-container']//span[contains(text(),'Email sent successfully')]'. Please recheck the objects properties to make sure the desired element is located. 

2021-03-26 09:17:48 - [MESSAGE][FAILED] - java.lang.AssertionError: Web element with id: 'Object Repository/Quote/Email_Quote_Page/get_Email_sent_successfully' located by 'By.xpath: //*[@class='instruct-status-container']//span[contains(text(),'Email sent successfully')]' not found

2021-03-26 09:17:48 - [TEST_STEP][PASSED] - Start listener action : sampleAfterTestCase: null

2021-03-26 09:17:48 - [TEST_STEP][PASSED] - println(testCaseContext.getTestCaseId()): null

2021-03-26 09:17:48 - [TEST_STEP][PASSED] - println(testCaseContext.getTestCaseStatus()): null

2021-03-26 09:17:50 - [TEST_STEP][PASSED] - Video: Video recording for test case 'Test Cases/Sanity_Test/TC_014_Verify that email quote functionality' .

2021-03-26 09:17:50 - [MESSAGE][INFO] - Video recording for test case 'Test Cases/Sanity_Test/TC_014_Verify that email quote functionality' .
[[ATTACHMENT|C:\\Users\\pritig\\Downloads\\WeComplete\\Reports\\20210326_091231\\Sanity Test\\20210326_091231/videos\\test_14.avi]]]]></system-out>
         <system-err><![CDATA[2021-03-26 09:16:51 - [TEST_CASE][ERROR] - Test Cases/Sanity_Test/TC_014_Verify that email quote functionality: Test Cases/Sanity_Test/TC_014_Verify that email quote functionality FAILED.
Reason:
org.codehaus.groovy.runtime.InvokerInvocationException: java.lang.AssertionError: Web element with id: 'Object Repository/Quote/Email_Quote_Page/get_Email_sent_successfully' located by 'By.xpath: //*[@class='instruct-status-container']//span[contains(text(),'Email sent successfully')]' not found
	at com.wecomplete.keywords.TestBase.invokeMethod(TestBase.groovy)
	at com.kms.katalon.core.main.CustomKeywordDelegatingMetaClass.invokeStaticMethod(CustomKeywordDelegatingMetaClass.java:50)
	at TC_014_Verify that email quote functionality.run(TC_014_Verify that email quote functionality:31)
	at com.kms.katalon.core.main.ScriptEngine.run(ScriptEngine.java:194)
	at com.kms.katalon.core.main.ScriptEngine.runScriptAsRawText(ScriptEngine.java:119)
	at com.kms.katalon.core.main.TestCaseExecutor.runScript(TestCaseExecutor.java:337)
	at com.kms.katalon.core.main.TestCaseExecutor.doExecute(TestCaseExecutor.java:328)
	at com.kms.katalon.core.main.TestCaseExecutor.processExecutionPhase(TestCaseExecutor.java:307)
	at com.kms.katalon.core.main.TestCaseExecutor.accessMainPhase(TestCaseExecutor.java:299)
	at com.kms.katalon.core.main.TestCaseExecutor.execute(TestCaseExecutor.java:233)
	at com.kms.katalon.core.main.TestSuiteExecutor.accessTestCaseMainPhase(TestSuiteExecutor.java:169)
	at com.kms.katalon.core.main.TestSuiteExecutor.accessTestSuiteMainPhase(TestSuiteExecutor.java:142)
	at com.kms.katalon.core.main.TestSuiteExecutor.execute(TestSuiteExecutor.java:91)
	at com.kms.katalon.core.main.TestCaseMain.startTestSuite(TestCaseMain.java:157)
	at com.kms.katalon.core.main.TestCaseMain$startTestSuite$0.call(Unknown Source)
	at TempTestSuite1616730151766.run(TempTestSuite1616730151766.groovy:36)
Caused by: java.lang.AssertionError: Web element with id: 'Object Repository/Quote/Email_Quote_Page/get_Email_sent_successfully' located by 'By.xpath: //*[@class='instruct-status-container']//span[contains(text(),'Email sent successfully')]' not found
	at org.testng.Assert.fail(Assert.java:93)
	at org.testng.Assert$fail$0.call(Unknown Source)
	at com.wecomplete.keywords.TestBase.getText(TestBase.groovy:168)
	... 16 more]]></system-err>
      </testcase>
      <testcase name="Test Cases/Sanity_Test/TC_015_Verify that user can instruct the created quote" time="16.475" classname="Test Cases/Sanity_Test/TC_015_Verify that user can instruct the created quote" status="FAILED">
         <failure type="FAILED" message="Test Cases/Sanity_Test/TC_015_Verify that user can instruct the created quote FAILED.
Reason:
com.kms.katalon.core.exception.StepFailedException: Element is not present
	at com.kms.katalon.core.util.KeywordUtil.markFailed(KeywordUtil.java:19)
	at com.kms.katalon.core.util.KeywordUtil$markFailed$1.call(Unknown Source)
	at com.wecomplete.keywords.TestBase.isElementPresent(TestBase.groovy:96)
	at com.wecomplete.keywords.TestBase.invokeMethod(TestBase.groovy)
	at com.kms.katalon.core.main.CustomKeywordDelegatingMetaClass.invokeStaticMethod(CustomKeywordDelegatingMetaClass.java:50)
	at TC_015_Verify that user can instruct the created quote.run(TC_015_Verify that user can instruct the created quote:19)
	at com.kms.katalon.core.main.ScriptEngine.run(ScriptEngine.java:194)
	at com.kms.katalon.core.main.ScriptEngine.runScriptAsRawText(ScriptEngine.java:119)
	at com.kms.katalon.core.main.TestCaseExecutor.runScript(TestCaseExecutor.java:337)
	at com.kms.katalon.core.main.TestCaseExecutor.doExecute(TestCaseExecutor.java:328)
	at com.kms.katalon.core.main.TestCaseExecutor.processExecutionPhase(TestCaseExecutor.java:307)
	at com.kms.katalon.core.main.TestCaseExecutor.accessMainPhase(TestCaseExecutor.java:299)
	at com.kms.katalon.core.main.TestCaseExecutor.execute(TestCaseExecutor.java:233)
	at com.kms.katalon.core.main.TestSuiteExecutor.accessTestCaseMainPhase(TestSuiteExecutor.java:169)
	at com.kms.katalon.core.main.TestSuiteExecutor.accessTestSuiteMainPhase(TestSuiteExecutor.java:142)
	at com.kms.katalon.core.main.TestSuiteExecutor.execute(TestSuiteExecutor.java:91)
	at com.kms.katalon.core.main.TestCaseMain.startTestSuite(TestCaseMain.java:157)
	at com.kms.katalon.core.main.TestCaseMain$startTestSuite$0.call(Unknown Source)
	at TempTestSuite1616730151766.run(TempTestSuite1616730151766.groovy:36)
"/>
         <system-out><![CDATA[2021-03-26 09:17:50 - [TEST_CASE][FAILED] - Test Cases/Sanity_Test/TC_015_Verify that user can instruct the created quote: Test Cases/Sanity_Test/TC_015_Verify that user can instruct the created quote FAILED.
Reason:
com.kms.katalon.core.exception.StepFailedException: Element is not present
	at com.kms.katalon.core.util.KeywordUtil.markFailed(KeywordUtil.java:19)
	at com.kms.katalon.core.util.KeywordUtil$markFailed$1.call(Unknown Source)
	at com.wecomplete.keywords.TestBase.isElementPresent(TestBase.groovy:96)
	at com.wecomplete.keywords.TestBase.invokeMethod(TestBase.groovy)
	at com.kms.katalon.core.main.CustomKeywordDelegatingMetaClass.invokeStaticMethod(CustomKeywordDelegatingMetaClass.java:50)
	at TC_015_Verify that user can instruct the created quote.run(TC_015_Verify that user can instruct the created quote:19)
	at com.kms.katalon.core.main.ScriptEngine.run(ScriptEngine.java:194)
	at com.kms.katalon.core.main.ScriptEngine.runScriptAsRawText(ScriptEngine.java:119)
	at com.kms.katalon.core.main.TestCaseExecutor.runScript(TestCaseExecutor.java:337)
	at com.kms.katalon.core.main.TestCaseExecutor.doExecute(TestCaseExecutor.java:328)
	at com.kms.katalon.core.main.TestCaseExecutor.processExecutionPhase(TestCaseExecutor.java:307)
	at com.kms.katalon.core.main.TestCaseExecutor.accessMainPhase(TestCaseExecutor.java:299)
	at com.kms.katalon.core.main.TestCaseExecutor.execute(TestCaseExecutor.java:233)
	at com.kms.katalon.core.main.TestSuiteExecutor.accessTestCaseMainPhase(TestSuiteExecutor.java:169)
	at com.kms.katalon.core.main.TestSuiteExecutor.accessTestSuiteMainPhase(TestSuiteExecutor.java:142)
	at com.kms.katalon.core.main.TestSuiteExecutor.execute(TestSuiteExecutor.java:91)
	at com.kms.katalon.core.main.TestCaseMain.startTestSuite(TestCaseMain.java:157)
	at com.kms.katalon.core.main.TestCaseMain$startTestSuite$0.call(Unknown Source)
	at TempTestSuite1616730151766.run(TempTestSuite1616730151766.groovy:36)


2021-03-26 09:17:50 - [TEST_STEP][PASSED] - Start listener action : sampleBeforeTestCase: null

2021-03-26 09:17:50 - [TEST_STEP][PASSED] - println(testCaseContext.getTestCaseId()): null

2021-03-26 09:17:50 - [TEST_STEP][PASSED] - println(testCaseContext.getTestCaseVariables()): null

2021-03-26 09:17:50 - [TEST_STEP][FAILED] - com.wecomplete.keywords.TestBase.isElementPresent(findTestObject("Object Repository/Quote/PriceCompare_Page/header_Pricecompare_Page"), shortTime): com.kms.katalon.core.exception.StepFailedException: Element is not present

2021-03-26 09:17:57 - [MESSAGE][INFO] - Unable to find the element located by 'By.xpath: //*[contains(text(),'Conveyancing Quote for Selling & Buying')]'. Please recheck the objects properties to make sure the desired element is located. 

2021-03-26 09:17:57 - [MESSAGE][FAILED] - Element is not present

2021-03-26 09:17:57 - [MESSAGE][FAILED] - com.kms.katalon.core.exception.StepFailedException: Element is not present

2021-03-26 09:17:57 - [TEST_STEP][FAILED] - if (com.wecomplete.keywords.TestBase.isElementPresent(findTestObject("Object Repository/Quote/PriceCompare_Page/btn_Instruct Us"), shortTime) == true): com.kms.katalon.core.exception.StepFailedException: Element is not present

2021-03-26 09:18:04 - [MESSAGE][INFO] - Unable to find the element located by 'By.xpath: //*[@id='cont-desc-4']/following-sibling::div//input[@value='Instruct us']'. Please recheck the objects properties to make sure the desired element is located. 

2021-03-26 09:18:04 - [MESSAGE][FAILED] - Element is not present

2021-03-26 09:18:04 - [MESSAGE][FAILED] - com.kms.katalon.core.exception.StepFailedException: Element is not present

2021-03-26 09:18:04 - [TEST_STEP][PASSED] - else: null

2021-03-26 09:18:04 - [TEST_STEP][PASSED] - println("Instruct us button is not present"): null

2021-03-26 09:18:04 - [TEST_STEP][PASSED] - Start listener action : sampleAfterTestCase: null

2021-03-26 09:18:04 - [TEST_STEP][PASSED] - println(testCaseContext.getTestCaseId()): null

2021-03-26 09:18:04 - [TEST_STEP][PASSED] - println(testCaseContext.getTestCaseStatus()): null

2021-03-26 09:18:06 - [TEST_STEP][PASSED] - Video: Video recording for test case 'Test Cases/Sanity_Test/TC_015_Verify that user can instruct the created quote' .

2021-03-26 09:18:06 - [MESSAGE][INFO] - Video recording for test case 'Test Cases/Sanity_Test/TC_015_Verify that user can instruct the created quote' .
[[ATTACHMENT|C:\\Users\\pritig\\Downloads\\WeComplete\\Reports\\20210326_091231\\Sanity Test\\20210326_091231/videos\\test_15.avi]]]]></system-out>
         <system-err><![CDATA[2021-03-26 09:17:50 - [TEST_CASE][FAILED] - Test Cases/Sanity_Test/TC_015_Verify that user can instruct the created quote: Test Cases/Sanity_Test/TC_015_Verify that user can instruct the created quote FAILED.
Reason:
com.kms.katalon.core.exception.StepFailedException: Element is not present
	at com.kms.katalon.core.util.KeywordUtil.markFailed(KeywordUtil.java:19)
	at com.kms.katalon.core.util.KeywordUtil$markFailed$1.call(Unknown Source)
	at com.wecomplete.keywords.TestBase.isElementPresent(TestBase.groovy:96)
	at com.wecomplete.keywords.TestBase.invokeMethod(TestBase.groovy)
	at com.kms.katalon.core.main.CustomKeywordDelegatingMetaClass.invokeStaticMethod(CustomKeywordDelegatingMetaClass.java:50)
	at TC_015_Verify that user can instruct the created quote.run(TC_015_Verify that user can instruct the created quote:19)
	at com.kms.katalon.core.main.ScriptEngine.run(ScriptEngine.java:194)
	at com.kms.katalon.core.main.ScriptEngine.runScriptAsRawText(ScriptEngine.java:119)
	at com.kms.katalon.core.main.TestCaseExecutor.runScript(TestCaseExecutor.java:337)
	at com.kms.katalon.core.main.TestCaseExecutor.doExecute(TestCaseExecutor.java:328)
	at com.kms.katalon.core.main.TestCaseExecutor.processExecutionPhase(TestCaseExecutor.java:307)
	at com.kms.katalon.core.main.TestCaseExecutor.accessMainPhase(TestCaseExecutor.java:299)
	at com.kms.katalon.core.main.TestCaseExecutor.execute(TestCaseExecutor.java:233)
	at com.kms.katalon.core.main.TestSuiteExecutor.accessTestCaseMainPhase(TestSuiteExecutor.java:169)
	at com.kms.katalon.core.main.TestSuiteExecutor.accessTestSuiteMainPhase(TestSuiteExecutor.java:142)
	at com.kms.katalon.core.main.TestSuiteExecutor.execute(TestSuiteExecutor.java:91)
	at com.kms.katalon.core.main.TestCaseMain.startTestSuite(TestCaseMain.java:157)
	at com.kms.katalon.core.main.TestCaseMain$startTestSuite$0.call(Unknown Source)
	at TempTestSuite1616730151766.run(TempTestSuite1616730151766.groovy:36)]]></system-err>
      </testcase>
      <testcase name="Test Cases/Sanity_Test/TC_016_Verify that User can view created quote on dashboard" time="43.656" classname="Test Cases/Sanity_Test/TC_016_Verify that User can view created quote on dashboard" status="PASSED">
         <system-out><![CDATA[2021-03-26 09:18:06 - [TEST_CASE][PASSED] - Test Cases/Sanity_Test/TC_016_Verify that User can view created quote on dashboard: Test Cases/Sanity_Test/TC_016_Verify that User can view created quote on dashboard

2021-03-26 09:18:06 - [TEST_STEP][PASSED] - Start listener action : sampleBeforeTestCase: null

2021-03-26 09:18:06 - [TEST_STEP][PASSED] - println(testCaseContext.getTestCaseId()): null

[...]
	at com.kms.katalon.core.main.TestSuiteExecutor.execute(TestSuiteExecutor.java:91)
	at com.kms.katalon.core.main.TestCaseMain.startTestSuite(TestCaseMain.java:157)
	at com.kms.katalon.core.main.TestCaseMain$startTestSuite$0.call(Unknown Source)
	at TempTestSuite1616730151766.run(TempTestSuite1616730151766.groovy:36)
Caused by: com.kms.katalon.core.webui.exception.WebElementNotFoundException: Web element with id: 'Object Repository/Deal Status/Calendar/Reminder_Section/get_reminder' located by 'By.xpath: //*[@class='statuses ng-star-inserted']//div[@class='reminder-status ng-star-inserted']' not found
	at com.kms.katalon.core.webui.common.WebUiCommonHelper.findWebElement(WebUiCommonHelper.java:1113)
	at com.kms.katalon.core.webui.keyword.internal.WebUIAbstractKeyword.findWebElement(WebUIAbstractKeyword.groovy:27)
	at com.kms.katalon.core.webui.keyword.internal.WebUIAbstractKeyword.findWebElement(WebUIAbstractKeyword.groovy:26)
	at com.kms.katalon.core.webui.keyword.builtin.ScrollToElementKeyword$_scrollToElement_closure1.doCall(ScrollToElementKeyword.groovy:79)
	at com.kms.katalon.core.webui.keyword.builtin.ScrollToElementKeyword$_scrollToElement_closure1.call(ScrollToElementKeyword.groovy)
	at com.kms.katalon.core.webui.keyword.internal.WebUIKeywordMain.runKeyword(WebUIKeywordMain.groovy:20)
	at com.kms.katalon.core.webui.keyword.builtin.ScrollToElementKeyword.scrollToElement(ScrollToElementKeyword.groovy:88)
	at com.kms.katalon.core.webui.keyword.builtin.ScrollToElementKeyword.execute(ScrollToElementKeyword.groovy:68)
	at com.kms.katalon.core.keyword.internal.KeywordExecutor.executeKeywordForPlatform(KeywordExecutor.groovy:60)
	at com.kms.katalon.core.webui.keyword.WebUiBuiltInKeywords.scrollToElement(WebUiBuiltInKeywords.groovy:2975)
	at com.kms.katalon.core.webui.keyword.WebUiBuiltInKeywords$scrollToElement$7.call(Unknown Source)
	at Script1616158062594.run(Script1616158062594.groovy:52)
	... 13 more
)

2021-03-26 09:32:38 - [MESSAGE][INFO] - Unable to find the element located by 'By.xpath: //*[@class='statuses ng-star-inserted']//div[@class='reminder-status ng-star-inserted']'. Please recheck the objects properties to make sure the desired element is located. 

2021-03-26 09:32:38 - [MESSAGE][FAILED] - Unable to scroll to object 'Object Repository/Deal Status/Calendar/Reminder_Section/get_reminder' (Root cause: com.kms.katalon.core.exception.StepFailedException: Unable to scroll to object 'Object Repository/Deal Status/Calendar/Reminder_Section/get_reminder'
	at com.kms.katalon.core.webui.keyword.internal.WebUIKeywordMain.stepFailed(WebUIKeywordMain.groovy:64)
	at com.kms.katalon.core.webui.keyword.internal.WebUIKeywordMain.runKeyword(WebUIKeywordMain.groovy:26)
	at com.kms.katalon.core.webui.keyword.builtin.ScrollToElementKeyword.scrollToElement(ScrollToElementKeyword.groovy:88)
	at com.kms.katalon.core.webui.keyword.builtin.ScrollToElementKeyword.execute(ScrollToElementKeyword.groovy:68)
	at com.kms.katalon.core.keyword.internal.KeywordExecutor.executeKeywordForPlatform(KeywordExecutor.groovy:60)
	at com.kms.katalon.core.webui.keyword.WebUiBuiltInKeywords.scrollToElement(WebUiBuiltInKeywords.groovy:2975)
	at com.kms.katalon.core.webui.keyword.WebUiBuiltInKeywords$scrollToElement$7.call(Unknown Source)
	at TC_036_Verify user can add Reminder.run(TC_036_Verify user can add Reminder:52)
	at com.kms.katalon.core.main.ScriptEngine.run(ScriptEngine.java:194)
	at com.kms.katalon.core.main.ScriptEngine.runScriptAsRawText(ScriptEngine.java:119)
	at com.kms.katalon.core.main.TestCaseExecutor.runScript(TestCaseExecutor.java:337)
	at com.kms.katalon.core.main.TestCaseExecutor.doExecute(TestCaseExecutor.java:328)
	at com.kms.katalon.core.main.TestCaseExecutor.processExecutionPhase(TestCaseExecutor.java:307)
	at com.kms.katalon.core.main.TestCaseExecutor.accessMainPhase(TestCaseExecutor.java:299)
	at com.kms.katalon.core.main.TestCaseExecutor.execute(TestCaseExecutor.java:233)
	at com.kms.katalon.core.main.TestSuiteExecutor.accessTestCaseMainPhase(TestSuiteExecutor.java:169)
	at com.kms.katalon.core.main.TestSuiteExecutor.accessTestSuiteMainPhase(TestSuiteExecutor.java:142)
	at com.kms.katalon.core.main.TestSuiteExecutor.execute(TestSuiteExecutor.java:91)
	at com.kms.katalon.core.main.TestCaseMain.startTestSuite(TestCaseMain.java:157)
	at com.kms.katalon.core.main.TestCaseMain$startTestSuite$0.call(Unknown Source)
	at TempTestSuite1616730151766.run(TempTestSuite1616730151766.groovy:36)
Caused by: com.kms.katalon.core.webui.exception.WebElementNotFoundException: Web element with id: 'Object Repository/Deal Status/Calendar/Reminder_Section/get_reminder' located by 'By.xpath: //*[@class='statuses ng-star-inserted']//div[@class='reminder-status ng-star-inserted']' not found
	at com.kms.katalon.core.webui.common.WebUiCommonHelper.findWebElement(WebUiCommonHelper.java:1113)
	at com.kms.katalon.core.webui.keyword.internal.WebUIAbstractKeyword.findWebElement(WebUIAbstractKeyword.groovy:27)
	at com.kms.katalon.core.webui.keyword.internal.WebUIAbstractKeyword.findWebElement(WebUIAbstractKeyword.groovy:26)
	at com.kms.katalon.core.webui.keyword.builtin.ScrollToElementKeyword$_scrollToElement_closure1.doCall(ScrollToElementKeyword.groovy:79)
	at com.kms.katalon.core.webui.keyword.builtin.ScrollToElementKeyword$_scrollToElement_closure1.call(ScrollToElementKeyword.groovy)
	at com.kms.katalon.core.webui.keyword.internal.WebUIKeywordMain.runKeyword(WebUIKeywordMain.groovy:20)
	at com.kms.katalon.core.webui.keyword.builtin.ScrollToElementKeyword.scrollToElement(ScrollToElementKeyword.groovy:88)
	at com.kms.katalon.core.webui.keyword.builtin.ScrollToElementKeyword.execute(ScrollToElementKeyword.groovy:68)
	at com.kms.katalon.core.keyword.internal.KeywordExecutor.executeKeywordForPlatform(KeywordExecutor.groovy:60)
	at com.kms.katalon.core.webui.keyword.WebUiBuiltInKeywords.scrollToElement(WebUiBuiltInKeywords.groovy:2975)
	at com.kms.katalon.core.webui.keyword.WebUiBuiltInKeywords$scrollToElement$7.call(Unknown Source)
	at Script1616158062594.run(Script1616158062594.groovy:52)
	... 13 more
)
[[ATTACHMENT|C:\\Users\\pritig\\Downloads\\WeComplete\\Reports\\20210326_091231\\Sanity Test\\20210326_091231\\1616731358820.png]]

2021-03-26 09:32:38 - [TEST_STEP][FAILED] - com.wecomplete.keywords.TestBase.getText(findTestObject("Object Repository/Deal Status/Calendar/Reminder_Section/get_reminder"), remindertTitle): java.lang.AssertionError: Web element with id: 'Object Repository/Deal Status/Calendar/Reminder_Section/get_reminder' located by 'By.xpath: //*[@class='statuses ng-star-inserted']//div[@class='reminder-status ng-star-inserted']' not found

2021-03-26 09:33:21 - [MESSAGE][INFO] - Unable to find the element located by 'By.xpath: //*[@class='statuses ng-star-inserted']//div[@class='reminder-status ng-star-inserted']'. Please recheck the objects properties to make sure the desired element is located. 

2021-03-26 09:33:21 - [MESSAGE][FAILED] - java.lang.AssertionError: Web element with id: 'Object Repository/Deal Status/Calendar/Reminder_Section/get_reminder' located by 'By.xpath: //*[@class='statuses ng-star-inserted']//div[@class='reminder-status ng-star-inserted']' not found

2021-03-26 09:33:21 - [TEST_STEP][PASSED] - Start listener action : sampleAfterTestCase: null

2021-03-26 09:33:21 - [TEST_STEP][PASSED] - println(testCaseContext.getTestCaseId()): null

2021-03-26 09:33:21 - [TEST_STEP][PASSED] - println(testCaseContext.getTestCaseStatus()): null

2021-03-26 09:33:24 - [TEST_STEP][PASSED] - Video: Video recording for test case 'Test Cases/Sanity_Test/TC_036_Verify user can add Reminder' .

2021-03-26 09:33:24 - [MESSAGE][INFO] - Video recording for test case 'Test Cases/Sanity_Test/TC_036_Verify user can add Reminder' .
[[ATTACHMENT|C:\\Users\\pritig\\Downloads\\WeComplete\\Reports\\20210326_091231\\Sanity Test\\20210326_091231/videos\\test_36.avi]]]]></system-out>
         <system-err><![CDATA[2021-03-26 09:31:49 - [TEST_CASE][FAILED] - Test Cases/Sanity_Test/TC_036_Verify user can add Reminder: Test Cases/Sanity_Test/TC_036_Verify user can add Reminder FAILED.
Reason:
com.kms.katalon.core.exception.StepFailedException: Unable to scroll to object 'Object Repository/Deal Status/Calendar/Reminder_Section/get_reminder' (Root cause: com.kms.katalon.core.exception.StepFailedException: Unable to scroll to object 'Object Repository/Deal Status/Calendar/Reminder_Section/get_reminder'
	at com.kms.katalon.core.webui.keyword.internal.WebUIKeywordMain.stepFailed(WebUIKeywordMain.groovy:64)
	at com.kms.katalon.core.webui.keyword.internal.WebUIKeywordMain.runKeyword(WebUIKeywordMain.groovy:26)
	at com.kms.katalon.core.webui.keyword.builtin.ScrollToElementKeyword.scrollToElement(ScrollToElementKeyword.groovy:88)
	at com.kms.katalon.core.webui.keyword.builtin.ScrollToElementKeyword.execute(ScrollToElementKeyword.groovy:68)
	at com.kms.katalon.core.keyword.internal.KeywordExecutor.executeKeywordForPlatform(KeywordExecutor.groovy:60)
	at com.kms.katalon.core.webui.keyword.WebUiBuiltInKeywords.scrollToElement(WebUiBuiltInKeywords.groovy:2975)
	at com.kms.katalon.core.webui.keyword.WebUiBuiltInKeywords$scrollToElement$7.call(Unknown Source)
	at TC_036_Verify user can add Reminder.run(TC_036_Verify user can add Reminder:52)
	at com.kms.katalon.core.main.ScriptEngine.run(ScriptEngine.java:194)
	at com.kms.katalon.core.main.ScriptEngine.runScriptAsRawText(ScriptEngine.java:119)
	at com.kms.katalon.core.main.TestCaseExecutor.runScript(TestCaseExecutor.java:337)
	at com.kms.katalon.core.main.TestCaseExecutor.doExecute(TestCaseExecutor.java:328)
	at com.kms.katalon.core.main.TestCaseExecutor.processExecutionPhase(TestCaseExecutor.java:307)
	at com.kms.katalon.core.main.TestCaseExecutor.accessMainPhase(TestCaseExecutor.java:299)
	at com.kms.katalon.core.main.TestCaseExecutor.execute(TestCaseExecutor.java:233)
	at com.kms.katalon.core.main.TestSuiteExecutor.accessTestCaseMainPhase(TestSuiteExecutor.java:169)
	at com.kms.katalon.core.main.TestSuiteExecutor.accessTestSuiteMainPhase(TestSuiteExecutor.java:142)
	at com.kms.katalon.core.main.TestSuiteExecutor.execute(TestSuiteExecutor.java:91)
	at com.kms.katalon.core.main.TestCaseMain.startTestSuite(TestCaseMain.java:157)
	at com.kms.katalon.core.main.TestCaseMain$startTestSuite$0.call(Unknown Source)
	at TempTestSuite1616730151766.run(TempTestSuite1616730151766.groovy:36)
Caused by: com.kms.katalon.core.webui.exception.WebElementNotFoundException: Web element with id: 'Object Repository/Deal Status/Calendar/Reminder_Section/get_reminder' located by 'By.xpath: //*[@class='statuses ng-star-inserted']//div[@class='reminder-status ng-star-inserted']' not found
	at com.kms.katalon.core.webui.common.WebUiCommonHelper.findWebElement(WebUiCommonHelper.java:1113)
	at com.kms.katalon.core.webui.keyword.internal.WebUIAbstractKeyword.findWebElement(WebUIAbstractKeyword.groovy:27)
	at com.kms.katalon.core.webui.keyword.internal.WebUIAbstractKeyword.findWebElement(WebUIAbstractKeyword.groovy:26)
	at com.kms.katalon.core.webui.keyword.builtin.ScrollToElementKeyword$_scrollToElement_closure1.doCall(ScrollToElementKeyword.groovy:79)
	at com.kms.katalon.core.webui.keyword.builtin.ScrollToElementKeyword$_scrollToElement_closure1.call(ScrollToElementKeyword.groovy)
	at com.kms.katalon.core.webui.keyword.internal.WebUIKeywordMain.runKeyword(WebUIKeywordMain.groovy:20)
	at com.kms.katalon.core.webui.keyword.builtin.ScrollToElementKeyword.scrollToElement(ScrollToElementKeyword.groovy:88)
	at com.kms.katalon.core.webui.keyword.builtin.ScrollToElementKeyword.execute(ScrollToElementKeyword.groovy:68)
	at com.kms.katalon.core.keyword.internal.KeywordExecutor.executeKeywordForPlatform(KeywordExecutor.groovy:60)
	at com.kms.katalon.core.webui.keyword.WebUiBuiltInKeywords.scrollToElement(WebUiBuiltInKeywords.groovy:2975)
	at com.kms.katalon.core.webui.keyword.WebUiBuiltInKeywords$scrollToElement$7.call(Unknown Source)
	at Script1616158062594.run(Script1616158062594.groovy:52)
	... 13 more
)
	at com.kms.katalon.core.keyword.internal.KeywordMain.stepFailed(KeywordMain.groovy:39)
	at com.kms.katalon.core.webui.keyword.internal.WebUIKeywordMain.stepFailed(WebUIKeywordMain.groovy:64)
	at com.kms.katalon.core.webui.keyword.internal.WebUIKeywordMain.runKeyword(WebUIKeywordMain.groovy:26)
	at com.kms.katalon.core.webui.keyword.builtin.ScrollToElementKeyword.scrollToElement(ScrollToElementKeyword.groovy:88)
	at com.kms.katalon.core.webui.keyword.builtin.ScrollToElementKeyword.execute(ScrollToElementKeyword.groovy:68)
	at com.kms.katalon.core.keyword.internal.KeywordExecutor.executeKeywordForPlatform(KeywordExecutor.groovy:60)
	at com.kms.katalon.core.webui.keyword.WebUiBuiltInKeywords.scrollToElement(WebUiBuiltInKeywords.groovy:2975)
	at com.kms.katalon.core.webui.keyword.WebUiBuiltInKeywords$scrollToElement$7.call(Unknown Source)
	at TC_036_Verify user can add Reminder.run(TC_036_Verify user can add Reminder:52)
	at com.kms.katalon.core.main.ScriptEngine.run(ScriptEngine.java:194)
	at com.kms.katalon.core.main.ScriptEngine.runScriptAsRawText(ScriptEngine.java:119)
	at com.kms.katalon.core.main.TestCaseExecutor.runScript(TestCaseExecutor.java:337)
	at com.kms.katalon.core.main.TestCaseExecutor.doExecute(TestCaseExecutor.java:328)
	at com.kms.katalon.core.main.TestCaseExecutor.processExecutionPhase(TestCaseExecutor.java:307)
	at com.kms.katalon.core.main.TestCaseExecutor.accessMainPhase(TestCaseExecutor.java:299)
	at com.kms.katalon.core.main.TestCaseExecutor.execute(TestCaseExecutor.java:233)
	at com.kms.katalon.core.main.TestSuiteExecutor.accessTestCaseMainPhase(TestSuiteExecutor.java:169)
	at com.kms.katalon.core.main.TestSuiteExecutor.accessTestSuiteMainPhase(TestSuiteExecutor.java:142)
	at com.kms.katalon.core.main.TestSuiteExecutor.execute(TestSuiteExecutor.java:91)
	at com.kms.katalon.core.main.TestCaseMain.startTestSuite(TestCaseMain.java:157)
	at com.kms.katalon.core.main.TestCaseMain$startTestSuite$0.call(Unknown Source)
	at TempTestSuite1616730151766.run(TempTestSuite1616730151766.groovy:36)
Caused by: com.kms.katalon.core.exception.StepFailedException: Unable to scroll to object 'Object Repository/Deal Status/Calendar/Reminder_Section/get_reminder'
	... 21 more
Caused by: com.kms.katalon.core.webui.exception.WebElementNotFoundException: Web element with id: 'Object Repository/Deal Status/Calendar/Reminder_Section/get_reminder' located by 'By.xpath: //*[@class='statuses ng-star-inserted']//div[@class='reminder-status ng-star-inserted']' not found
	at com.kms.katalon.core.webui.common.WebUiCommonHelper.findWebElement(WebUiCommonHelper.java:1113)
	at com.kms.katalon.core.webui.keyword.internal.WebUIAbstractKeyword.findWebElement(WebUIAbstractKeyword.groovy:27)
	at com.kms.katalon.core.webui.keyword.internal.WebUIAbstractKeyword.findWebElement(WebUIAbstractKeyword.groovy:26)
	at com.kms.katalon.core.webui.keyword.builtin.ScrollToElementKeyword$_scrollToElement_closure1.doCall(ScrollToElementKeyword.groovy:79)
	at com.kms.katalon.core.webui.keyword.builtin.ScrollToElementKeyword$_scrollToElement_closure1.call(ScrollToElementKeyword.groovy)
	at com.kms.katalon.core.webui.keyword.internal.WebUIKeywordMain.runKeyword(WebUIKeywordMain.groovy:20)
	... 19 more]]></system-err>
      </testcase>
      <system-out><![CDATA[2021-03-26 09:12:35 - [TEST_SUITE][ERROR] - Sanity Test: Test Cases/Sanity_Test/TC_014_Verify that email quote functionality FAILED.
Reason:
org.codehaus.groovy.runtime.InvokerInvocationException: java.lang.AssertionError: Web element with id: 'Object Repository/Quote/Email_Quote_Page/get_Email_sent_successfully' located by 'By.xpath: //*[@class='instruct-status-container']//span[contains(text(),'Email sent successfully')]' not found
	at com.wecomplete.keywords.TestBase.invokeMethod(TestBase.groovy)
	at com.kms.katalon.core.main.CustomKeywordDelegatingMetaClass.invokeStaticMethod(CustomKeywordDelegatingMetaClass.java:50)
	at TC_014_Verify that email quote functionality.run(TC_014_Verify that email quote functionality:31)
	at com.kms.katalon.core.main.ScriptEngine.run(ScriptEngine.java:194)
	at com.kms.katalon.core.main.ScriptEngine.runScriptAsRawText(ScriptEngine.java:119)
	at com.kms.katalon.core.main.TestCaseExecutor.runScript(TestCaseExecutor.java:337)
	at com.kms.katalon.core.main.TestCaseExecutor.doExecute(TestCaseExecutor.java:328)
	at com.kms.katalon.core.main.TestCaseExecutor.processExecutionPhase(TestCaseExecutor.java:307)
	at com.kms.katalon.core.main.TestCaseExecutor.accessMainPhase(TestCaseExecutor.java:299)
	at com.kms.katalon.core.main.TestCaseExecutor.execute(TestCaseExecutor.java:233)
	at com.kms.katalon.core.main.TestSuiteExecutor.accessTestCaseMainPhase(TestSuiteExecutor.java:169)
	at com.kms.katalon.core.main.TestSuiteExecutor.accessTestSuiteMainPhase(TestSuiteExecutor.java:142)
	at com.kms.katalon.core.main.TestSuiteExecutor.execute(TestSuiteExecutor.java:91)
	at com.kms.katalon.core.main.TestCaseMain.startTestSuite(TestCaseMain.java:157)
	at com.kms.katalon.core.main.TestCaseMain$startTestSuite$0.call(Unknown Source)
	at TempTestSuite1616730151766.run(TempTestSuite1616730151766.groovy:36)
Caused by: java.lang.AssertionError: Web element with id: 'Object Repository/Quote/Email_Quote_Page/get_Email_sent_successfully' located by 'By.xpath: //*[@class='instruct-status-container']//span[contains(text(),'Email sent successfully')]' not found
	at org.testng.Assert.fail(Assert.java:93)
	at org.testng.Assert$fail$0.call(Unknown Source)
	at com.wecomplete.keywords.TestBase.getText(TestBase.groovy:168)
	... 16 more]]></system-out>
      <system-err><![CDATA[2021-03-26 09:12:35 - [TEST_SUITE][ERROR] - Sanity Test: Test Cases/Sanity_Test/TC_014_Verify that email quote functionality FAILED.
Reason:
org.codehaus.groovy.runtime.InvokerInvocationException: java.lang.AssertionError: Web element with id: 'Object Repository/Quote/Email_Quote_Page/get_Email_sent_successfully' located by 'By.xpath: //*[@class='instruct-status-container']//span[contains(text(),'Email sent successfully')]' not found
	at com.wecomplete.keywords.TestBase.invokeMethod(TestBase.groovy)
	at com.kms.katalon.core.main.CustomKeywordDelegatingMetaClass.invokeStaticMethod(CustomKeywordDelegatingMetaClass.java:50)
	at TC_014_Verify that email quote functionality.run(TC_014_Verify that email quote functionality:31)
	at com.kms.katalon.core.main.ScriptEngine.run(ScriptEngine.java:194)
	at com.kms.katalon.core.main.ScriptEngine.runScriptAsRawText(ScriptEngine.java:119)
	at com.kms.katalon.core.main.TestCaseExecutor.runScript(TestCaseExecutor.java:337)
	at com.kms.katalon.core.main.TestCaseExecutor.doExecute(TestCaseExecutor.java:328)
	at com.kms.katalon.core.main.TestCaseExecutor.processExecutionPhase(TestCaseExecutor.java:307)
	at com.kms.katalon.core.main.TestCaseExecutor.accessMainPhase(TestCaseExecutor.java:299)
	at com.kms.katalon.core.main.TestCaseExecutor.execute(TestCaseExecutor.java:233)
	at com.kms.katalon.core.main.TestSuiteExecutor.accessTestCaseMainPhase(TestSuiteExecutor.java:169)
	at com.kms.katalon.core.main.TestSuiteExecutor.accessTestSuiteMainPhase(TestSuiteExecutor.java:142)
	at com.kms.katalon.core.main.TestSuiteExecutor.execute(TestSuiteExecutor.java:91)
	at com.kms.katalon.core.main.TestCaseMain.startTestSuite(TestCaseMain.java:157)
	at com.kms.katalon.core.main.TestCaseMain$startTestSuite$0.call(Unknown Source)
	at TempTestSuite1616730151766.run(TempTestSuite1616730151766.groovy:36)
Caused by: java.lang.AssertionError: Web element with id: 'Object Repository/Quote/Email_Quote_Page/get_Email_sent_successfully' located by 'By.xpath: //*[@class='instruct-status-container']//span[contains(text(),'Email sent successfully')]' not found
	at org.testng.Assert.fail(Assert.java:93)
	at org.testng.Assert$fail$0.call(Unknown Source)
	at com.wecomplete.keywords.TestBase.getText(TestBase.groovy:168)
	... 16 more]]></system-err>
   </testsuite>
</testsuites>
